#
# There is insufficient memory for the Java Runtime Environment to continue.
# Native memory allocation (malloc) failed to allocate 1479296 bytes. Error detail: Chunk::new
# Possible reasons:
#   The system is out of physical RAM or swap space
#   This process is running with CompressedOops enabled, and the Java Heap may be blocking the growth of the native heap
# Possible solutions:
#   Reduce memory load on the system
#   Increase physical memory or swap space
#   Check if swap backing store is full
#   Decrease Java heap size (-Xmx/-Xms)
#   Decrease number of Java threads
#   Decrease Java thread stack sizes (-Xss)
#   Set larger code cache with -XX:ReservedCodeCacheSize=
#   JVM is running with Unscaled Compressed Oops mode in which the Java heap is
#     placed in the first 4GB address space. The Java Heap base address is the
#     maximum limit for the native heap growth. Please use -XX:HeapBaseMinAddress
#     to set the Java Heap base and to place the Java Heap above 4GB virtual address.
# This output file may be truncated or incomplete.
#
#  Out of Memory Error (arena.cpp:168), pid=7580, tid=18424
#
# JRE version: OpenJDK Runtime Environment Temurin-21.0.9+10 (21.0.9+10) (build 21.0.9+10-LTS)
# Java VM: OpenJDK 64-Bit Server VM Temurin-21.0.9+10 (21.0.9+10-LTS, mixed mode, sharing, tiered, compressed oops, compressed class ptrs, parallel gc, windows-amd64)
# No core dump will be written. Minidumps are not enabled by default on client versions of Windows
#

---------------  S U M M A R Y ------------

Command Line: --add-modules=ALL-SYSTEM --add-opens=java.base/java.util=ALL-UNNAMED --add-opens=java.base/java.lang=ALL-UNNAMED --add-opens=java.base/sun.nio.fs=ALL-UNNAMED -Declipse.application=org.eclipse.jdt.ls.core.id1 -Dosgi.bundles.defaultStartLevel=4 -Declipse.product=org.eclipse.jdt.ls.core.product -Djava.import.generatesMetadataFilesAtProjectRoot=false -DDetectVMInstallationsJob.disabled=true -Dfile.encoding=utf8 -XX:+UseParallelGC -XX:GCTimeRatio=4 -XX:AdaptiveSizePolicyWeight=90 -Dsun.zip.disableMemoryMapping=true -Xmx2G -Xms100m -Xlog:disable -javaagent:c:\Users\PC\.vscode\extensions\redhat.java-1.50.0-win32-x64\lombok\lombok-1.18.39-4050.jar -XX:+HeapDumpOnOutOfMemoryError -XX:HeapDumpPath=c:\Users\PC\AppData\Roaming\Code\User\workspaceStorage\b8398ec737789522355a1bcf285cffab\redhat.java -Daether.dependencyCollector.impl=bf c:\Users\PC\.vscode\extensions\redhat.java-1.50.0-win32-x64\server\plugins\org.eclipse.equinox.launcher_1.7.100.v20251111-0406.jar -configuration c:\Users\PC\AppData\Roaming\Code\User\globalStorage\redhat.java\1.50.0\config_win -data c:\Users\PC\AppData\Roaming\Code\User\workspaceStorage\b8398ec737789522355a1bcf285cffab\redhat.java\jdt_ws --pipe=\\.\pipe\lsp-f044494fe4c31bd60b008eb453d3a751-sock

Host: 12th Gen Intel(R) Core(TM) i5-1235U, 12 cores, 15G,  Windows 11 , 64 bit Build 26100 (10.0.26100.7019)
Time: Wed Dec 10 14:55:45 2025 elapsed time: 13.957127 seconds (0d 0h 0m 13s)

---------------  T H R E A D  ---------------

Current thread (0x00000247479c1ef0):  JavaThread "C2 CompilerThread0" daemon [_thread_in_native, id=18424, stack(0x000000e2a3500000,0x000000e2a3600000) (1024K)]


Current CompileTask:
C2:13957 7343   !   4       org.eclipse.jdt.internal.compiler.classfmt.ClassFileReader::<init> (1968 bytes)

Stack: [0x000000e2a3500000,0x000000e2a3600000]
Native frames: (J=compiled Java code, j=interpreted, Vv=VM code, C=native code)
V  [jvm.dll+0x6d6e29]
V  [jvm.dll+0x8b4b76]
V  [jvm.dll+0x8b712e]
V  [jvm.dll+0x8b7813]
V  [jvm.dll+0x283d86]
V  [jvm.dll+0xc66ed]
V  [jvm.dll+0xc6c31]
V  [jvm.dll+0x2facee]
V  [jvm.dll+0x5fde44]
V  [jvm.dll+0x255557]
V  [jvm.dll+0x25591d]
V  [jvm.dll+0x24df40]
V  [jvm.dll+0x24b482]
V  [jvm.dll+0x1cb13e]
V  [jvm.dll+0x25b29d]
V  [jvm.dll+0x25982a]
V  [jvm.dll+0x3f7ea6]
V  [jvm.dll+0x85e9ad]
V  [jvm.dll+0x6d565d]
C  [ucrtbase.dll+0x37b0]
C  [KERNEL32.DLL+0x2e8d7]
C  [ntdll.dll+0x8c53c]


---------------  P R O C E S S  ---------------

Threads class SMR info:
_java_thread_list=0x0000024750b57710, length=42, elements={
0x000002476bcc9c50, 0x00000247479b0290, 0x00000247479b5620, 0x00000247479b7ef0,
0x00000247479b8dc0, 0x00000247479bcd80, 0x00000247479bd9a0, 0x00000247479c1ef0,
0x0000024747a15dd0, 0x0000024747c69470, 0x0000024747c9d230, 0x000002474c79df70,
0x000002474ca395c0, 0x000002474cc3df90, 0x000002474c8799c0, 0x000002474c69e810,
0x000002474c8c1000, 0x000002474ce29ea0, 0x000002474ce29810, 0x000002474ce2a530,
0x000002474ce2abc0, 0x000002474ce28af0, 0x000002474ce27740, 0x000002474ce27dd0,
0x000002474ce28460, 0x000002474ce29180, 0x000002474d47f620, 0x000002474d4809d0,
0x000002474d480340, 0x000002474d481060, 0x000002474d4816f0, 0x000002474d47ef90,
0x000002474d481d80, 0x000002474d47fcb0, 0x000002474d47e900, 0x000002474f915ae0,
0x000002474f916800, 0x000002474f9140a0, 0x000002474f914730, 0x000002474f915450,
0x000002474f914dc0, 0x000002474f916170
}

Java Threads: ( => current thread )
  0x000002476bcc9c50 JavaThread "main"                              [_thread_blocked, id=10916, stack(0x000000e2a2b00000,0x000000e2a2c00000) (1024K)]
  0x00000247479b0290 JavaThread "Reference Handler"          daemon [_thread_blocked, id=2916, stack(0x000000e2a2f00000,0x000000e2a3000000) (1024K)]
  0x00000247479b5620 JavaThread "Finalizer"                  daemon [_thread_blocked, id=14628, stack(0x000000e2a3000000,0x000000e2a3100000) (1024K)]
  0x00000247479b7ef0 JavaThread "Signal Dispatcher"          daemon [_thread_blocked, id=6768, stack(0x000000e2a3100000,0x000000e2a3200000) (1024K)]
  0x00000247479b8dc0 JavaThread "Attach Listener"            daemon [_thread_blocked, id=2976, stack(0x000000e2a3200000,0x000000e2a3300000) (1024K)]
  0x00000247479bcd80 JavaThread "Service Thread"             daemon [_thread_blocked, id=14932, stack(0x000000e2a3300000,0x000000e2a3400000) (1024K)]
  0x00000247479bd9a0 JavaThread "Monitor Deflation Thread"   daemon [_thread_blocked, id=16064, stack(0x000000e2a3400000,0x000000e2a3500000) (1024K)]
=>0x00000247479c1ef0 JavaThread "C2 CompilerThread0"         daemon [_thread_in_native, id=18424, stack(0x000000e2a3500000,0x000000e2a3600000) (1024K)]
  0x0000024747a15dd0 JavaThread "C1 CompilerThread0"         daemon [_thread_blocked, id=15196, stack(0x000000e2a3600000,0x000000e2a3700000) (1024K)]
  0x0000024747c69470 JavaThread "Common-Cleaner"             daemon [_thread_blocked, id=16708, stack(0x000000e2a3800000,0x000000e2a3900000) (1024K)]
  0x0000024747c9d230 JavaThread "Notification Thread"        daemon [_thread_blocked, id=9780, stack(0x000000e2a3900000,0x000000e2a3a00000) (1024K)]
  0x000002474c79df70 JavaThread "Active Thread: Equinox Container: 0e93cefc-7817-4fd6-9420-33d9fd6673d7"        [_thread_blocked, id=16444, stack(0x000000e2a4100000,0x000000e2a4200000) (1024K)]
  0x000002474ca395c0 JavaThread "Refresh Thread: Equinox Container: 0e93cefc-7817-4fd6-9420-33d9fd6673d7" daemon [_thread_blocked, id=11404, stack(0x000000e2a4300000,0x000000e2a4400000) (1024K)]
  0x000002474cc3df90 JavaThread "Framework Event Dispatcher: Equinox Container: 0e93cefc-7817-4fd6-9420-33d9fd6673d7" daemon [_thread_blocked, id=5820, stack(0x000000e2a4400000,0x000000e2a4500000) (1024K)]
  0x000002474c8799c0 JavaThread "Start Level: Equinox Container: 0e93cefc-7817-4fd6-9420-33d9fd6673d7" daemon [_thread_blocked, id=2444, stack(0x000000e2a4500000,0x000000e2a4600000) (1024K)]
  0x000002474c69e810 JavaThread "Bundle File Closer"         daemon [_thread_blocked, id=16856, stack(0x000000e2a4800000,0x000000e2a4900000) (1024K)]
  0x000002474c8c1000 JavaThread "SCR Component Actor"        daemon [_thread_blocked, id=9320, stack(0x000000e2a4900000,0x000000e2a4a00000) (1024K)]
  0x000002474ce29ea0 JavaThread "Worker-JM"                         [_thread_blocked, id=11824, stack(0x000000e2a4a00000,0x000000e2a4b00000) (1024K)]
  0x000002474ce29810 JavaThread "JNA Cleaner"                daemon [_thread_blocked, id=15392, stack(0x000000e2a3a00000,0x000000e2a3b00000) (1024K)]
  0x000002474ce2a530 JavaThread "Worker-0"                          [_thread_blocked, id=10984, stack(0x000000e2a4b00000,0x000000e2a4c00000) (1024K)]
  0x000002474ce2abc0 JavaThread "Worker-1: Java indexing... "        [_thread_blocked, id=11940, stack(0x000000e2a4c00000,0x000000e2a4d00000) (1024K)]
  0x000002474ce28af0 JavaThread "Java indexing"              daemon [_thread_in_native, id=18332, stack(0x000000e2a4e00000,0x000000e2a4f00000) (1024K)]
  0x000002474ce27740 JavaThread "Worker-2"                          [_thread_blocked, id=9992, stack(0x000000e2a5100000,0x000000e2a5200000) (1024K)]
  0x000002474ce27dd0 JavaThread "Worker-3"                          [_thread_blocked, id=1912, stack(0x000000e2a5200000,0x000000e2a5300000) (1024K)]
  0x000002474ce28460 JavaThread "Thread-1"                   daemon [_thread_in_native, id=3816, stack(0x000000e2a5300000,0x000000e2a5400000) (1024K)]
  0x000002474ce29180 JavaThread "Thread-2"                   daemon [_thread_in_native, id=10480, stack(0x000000e2a5400000,0x000000e2a5500000) (1024K)]
  0x000002474d47f620 JavaThread "Thread-3"                   daemon [_thread_in_native, id=6440, stack(0x000000e2a5500000,0x000000e2a5600000) (1024K)]
  0x000002474d4809d0 JavaThread "Thread-4"                   daemon [_thread_in_native, id=12300, stack(0x000000e2a5600000,0x000000e2a5700000) (1024K)]
  0x000002474d480340 JavaThread "Thread-5"                   daemon [_thread_in_native, id=17660, stack(0x000000e2a5700000,0x000000e2a5800000) (1024K)]
  0x000002474d481060 JavaThread "Thread-6"                   daemon [_thread_in_native, id=7968, stack(0x000000e2a5800000,0x000000e2a5900000) (1024K)]
  0x000002474d4816f0 JavaThread "Thread-7"                   daemon [_thread_in_native, id=6532, stack(0x000000e2a5900000,0x000000e2a5a00000) (1024K)]
  0x000002474d47ef90 JavaThread "Thread-8"                   daemon [_thread_in_native, id=1704, stack(0x000000e2a5a00000,0x000000e2a5b00000) (1024K)]
  0x000002474d481d80 JavaThread "Thread-9"                   daemon [_thread_in_native, id=15660, stack(0x000000e2a5b00000,0x000000e2a5c00000) (1024K)]
  0x000002474d47fcb0 JavaThread "Thread-10"                  daemon [_thread_in_native, id=5136, stack(0x000000e2a5c00000,0x000000e2a5d00000) (1024K)]
  0x000002474d47e900 JavaThread "Thread-11"                  daemon [_thread_in_native, id=18084, stack(0x000000e2a5d00000,0x000000e2a5e00000) (1024K)]
  0x000002474f915ae0 JavaThread "Thread-12"                  daemon [_thread_in_native, id=10468, stack(0x000000e2a5e00000,0x000000e2a5f00000) (1024K)]
  0x000002474f916800 JavaThread "Thread-13"                  daemon [_thread_in_native, id=17596, stack(0x000000e2a5f00000,0x000000e2a6000000) (1024K)]
  0x000002474f9140a0 JavaThread "pool-2-thread-1"                   [_thread_blocked, id=3012, stack(0x000000e2a6000000,0x000000e2a6100000) (1024K)]
  0x000002474f914730 JavaThread "Worker-4: Initialize Workspace"        [_thread_blocked, id=15892, stack(0x000000e2a6100000,0x000000e2a6200000) (1024K)]
  0x000002474f915450 JavaThread "Worker-5"                          [_thread_blocked, id=5056, stack(0x000000e2a6200000,0x000000e2a6300000) (1024K)]
  0x000002474f914dc0 JavaThread "WorkspaceEventsHandler"            [_thread_blocked, id=5828, stack(0x000000e2a6300000,0x000000e2a6400000) (1024K)]
  0x000002474f916170 JavaThread "pool-1-thread-1"                   [_thread_blocked, id=9812, stack(0x000000e2a6400000,0x000000e2a6500000) (1024K)]
Total: 42

Other Threads:
  0x00000247048949d0 VMThread "VM Thread"                           [id=15296, stack(0x000000e2a2e00000,0x000000e2a2f00000) (1024K)]
  0x000002470478ca10 WatcherThread "VM Periodic Task Thread"        [id=8972, stack(0x000000e2a2d00000,0x000000e2a2e00000) (1024K)]
  0x000002476c14a5e0 WorkerThread "GC Thread#0"                     [id=12804, stack(0x000000e2a2c00000,0x000000e2a2d00000) (1024K)]
  0x000002474c85aee0 WorkerThread "GC Thread#1"                     [id=11868, stack(0x000000e2a3b00000,0x000000e2a3c00000) (1024K)]
  0x000002474c969bb0 WorkerThread "GC Thread#2"                     [id=14304, stack(0x000000e2a3c00000,0x000000e2a3d00000) (1024K)]
  0x000002474c41ccf0 WorkerThread "GC Thread#3"                     [id=5144, stack(0x000000e2a3d00000,0x000000e2a3e00000) (1024K)]
  0x000002474c41d090 WorkerThread "GC Thread#4"                     [id=17444, stack(0x000000e2a3e00000,0x000000e2a3f00000) (1024K)]
  0x000002474c44e9c0 WorkerThread "GC Thread#5"                     [id=14432, stack(0x000000e2a3f00000,0x000000e2a4000000) (1024K)]
  0x000002474c44ed60 WorkerThread "GC Thread#6"                     [id=16968, stack(0x000000e2a4000000,0x000000e2a4100000) (1024K)]
  0x000002474cc45030 WorkerThread "GC Thread#7"                     [id=11720, stack(0x000000e2a4200000,0x000000e2a4300000) (1024K)]
  0x000002474cef20b0 WorkerThread "GC Thread#8"                     [id=9420, stack(0x000000e2a4600000,0x000000e2a4700000) (1024K)]
  0x000002474cf553d0 WorkerThread "GC Thread#9"                     [id=17600, stack(0x000000e2a4700000,0x000000e2a4800000) (1024K)]
Total: 12

Threads with active compile tasks:
C2 CompilerThread0  13978 7343   !   4       org.eclipse.jdt.internal.compiler.classfmt.ClassFileReader::<init> (1968 bytes)
Total: 1

VM state: not at safepoint (normal execution)

VM Mutex/Monitor currently owned by a thread: None

Heap address: 0x0000000080000000, size: 2048 MB, Compressed Oops mode: 32-bit

CDS archive(s) mapped at: [0x0000024705000000-0x0000024705ba0000-0x0000024705ba0000), size 12189696, SharedBaseAddress: 0x0000024705000000, ArchiveRelocationMode: 1.
Compressed class space mapped at: 0x0000024706000000-0x0000024746000000, reserved size: 1073741824
Narrow klass base: 0x0000024705000000, Narrow klass shift: 0, Narrow klass range: 0x100000000

GC Precious Log:
 CardTable entry size: 512
 CPUs: 12 total, 12 available
 Memory: 16098M
 Large Page Support: Disabled
 NUMA Support: Disabled
 Compressed Oops: Enabled (32-bit)
 Alignments: Space 512K, Generation 512K, Heap 2M
 Heap Min Capacity: 100M
 Heap Initial Capacity: 100M
 Heap Max Capacity: 2G
 Pre-touch: Disabled
 Parallel Workers: 10

Heap:
 PSYoungGen      total 3072K, used 914K [0x00000000d5580000, 0x00000000d5a00000, 0x0000000100000000)
  eden space 2560K, 18% used [0x00000000d5580000,0x00000000d55f48b8,0x00000000d5800000)
  from space 512K, 87% used [0x00000000d5980000,0x00000000d59f0000,0x00000000d5a00000)
  to   space 512K, 0% used [0x00000000d5900000,0x00000000d5900000,0x00000000d5980000)
 ParOldGen       total 398848K, used 398571K [0x0000000080000000, 0x0000000098580000, 0x00000000d5580000)
  object space 398848K, 99% used [0x0000000080000000,0x000000009853af70,0x0000000098580000)
 Metaspace       used 48153K, committed 49344K, reserved 1114112K
  class space    used 5202K, committed 5696K, reserved 1048576K

Card table byte_map: [0x000002477fb10000,0x000002477ff20000] _byte_map_base: 0x000002477f710000

Marking Bits: (ParMarkBitMap*) 0x00007ffc61282460
 Begin Bits: [0x00000247002b0000, 0x00000247022b0000)
 End Bits:   [0x00000247022b0000, 0x00000247042b0000)

Polling page: 0x000002476bec0000

Metaspace:

Usage:
  Non-class:     41.94 MB used.
      Class:      5.08 MB used.
       Both:     47.03 MB used.

Virtual space:
  Non-class space:       64.00 MB reserved,      42.62 MB ( 67%) committed,  1 nodes.
      Class space:        1.00 GB reserved,       5.56 MB ( <1%) committed,  1 nodes.
             Both:        1.06 GB reserved,      48.19 MB (  4%) committed. 

Chunk freelists:
   Non-Class:  5.23 MB
       Class:  10.31 MB
        Both:  15.55 MB

MaxMetaspaceSize: unlimited
CompressedClassSpaceSize: 1.00 GB
Initial GC threshold: 21.00 MB
Current GC threshold: 58.38 MB
CDS: on
 - commit_granule_bytes: 65536.
 - commit_granule_words: 8192.
 - virtual_space_node_default_size: 8388608.
 - enlarge_chunks_in_place: 1.
 - use_allocation_guard: 0.


Internal statistics:

num_allocs_failed_limit: 6.
num_arena_births: 878.
num_arena_deaths: 24.
num_vsnodes_births: 2.
num_vsnodes_deaths: 0.
num_space_committed: 771.
num_space_uncommitted: 0.
num_chunks_returned_to_freelist: 33.
num_chunks_taken_from_freelist: 3046.
num_chunk_merges: 10.
num_chunk_splits: 1880.
num_chunks_enlarged: 1099.
num_inconsistent_stats: 0.

CodeHeap 'non-profiled nmethods': size=120000Kb used=5944Kb max_used=5944Kb free=114055Kb
 bounds [0x0000024778400000, 0x00000247789d0000, 0x000002477f930000]
CodeHeap 'profiled nmethods': size=120000Kb used=14465Kb max_used=14465Kb free=105534Kb
 bounds [0x0000024770930000, 0x0000024771760000, 0x0000024777e60000]
CodeHeap 'non-nmethods': size=5760Kb used=1388Kb max_used=1507Kb free=4371Kb
 bounds [0x0000024777e60000, 0x00000247780d0000, 0x0000024778400000]
CodeCache: size=245760Kb, used=21797Kb, max_used=21916Kb, free=223960Kb
 total_blobs=7508, nmethods=6816, adapters=598, full_count=0
Compilation: enabled, stopped_count=0, restarted_count=0

Compilation events (20 events):
Event: 13.717 Thread 0x00000247479c1ef0 nmethod 7333 0x00000247789cba10 code [0x00000247789cbbc0, 0x00000247789cbff8]
Event: 13.717 Thread 0x00000247479c1ef0 7343   !   4       org.eclipse.jdt.internal.compiler.classfmt.ClassFileReader::<init> (1968 bytes)
Event: 13.776 Thread 0x0000024747a15dd0 7345       3       org.eclipse.jdt.internal.compiler.classfmt.MethodInfo::createMethod (710 bytes)
Event: 13.778 Thread 0x0000024747a15dd0 nmethod 7345 0x0000024771745710 code [0x0000024771745c00, 0x0000024771748a38]
Event: 13.779 Thread 0x0000024747a15dd0 7346       3       org.eclipse.jdt.internal.compiler.impl.IntConstant::fromValue (213 bytes)
Event: 13.779 Thread 0x0000024747a15dd0 nmethod 7346 0x0000024771749b10 code [0x0000024771749d60, 0x000002477174a4b8]
Event: 13.837 Thread 0x0000024747a15dd0 7348       3       org.eclipse.jdt.internal.compiler.classfmt.AnnotationMethodInfo::<init> (95 bytes)
Event: 13.838 Thread 0x0000024747a15dd0 nmethod 7348 0x000002477174a610 code [0x000002477174a7c0, 0x000002477174aaf8]
Event: 13.838 Thread 0x000002475108bf70 7347 %     4       org.eclipse.jdt.internal.core.index.DiskIndex::computeDocumentNames @ 101 (607 bytes)
Event: 13.842 Thread 0x0000024747a15dd0 7349 %     3       org.eclipse.jdt.internal.core.index.DiskIndex::writeCategoryTable @ 22 (252 bytes)
Event: 13.843 Thread 0x0000024747a15dd0 nmethod 7349% 0x000002477174ac90 code [0x000002477174afa0, 0x000002477174c538]
Event: 13.848 Thread 0x000002475108bf70 nmethod 7347% 0x00000247789cc210 code [0x00000247789cc400, 0x00000247789cc9a0]
Event: 13.849 Thread 0x000002475108bf70 7344       4       org.eclipse.jdt.internal.compiler.classfmt.ClassFileStruct::<init> (20 bytes)
Event: 13.849 Thread 0x000002475108bf70 nmethod 7344 0x00000247789ccc90 code [0x00000247789cce20, 0x00000247789ccec8]
Event: 13.849 Thread 0x000002475108bf70 7339       4       org.eclipse.jdt.internal.compiler.classfmt.ClassFileReader::getConstantClassNameAt (33 bytes)
Event: 13.857 Thread 0x000002475108bf70 nmethod 7339 0x00000247789ccf90 code [0x00000247789cd160, 0x00000247789cd970]
Event: 13.857 Thread 0x000002475108bf70 7341       4       org.eclipse.jdt.internal.compiler.classfmt.InnerClassInfo::<init> (40 bytes)
Event: 13.859 Thread 0x000002475108bf70 nmethod 7341 0x00000247789cdc90 code [0x00000247789cde20, 0x00000247789ce000]
Event: 13.864 Thread 0x0000024747a15dd0 7350       3       org.eclipse.jdt.internal.core.search.indexing.IndexManager::writeSavedIndexNamesFile (144 bytes)
Event: 13.865 Thread 0x0000024747a15dd0 nmethod 7350 0x000002477174cc90 code [0x000002477174cf20, 0x000002477174dde0]

GC Heap History (20 events):
Event: 13.729 GC heap before
{Heap before GC invocations=345 (full 2):
 PSYoungGen      total 3072K, used 3008K [0x00000000d5580000, 0x00000000d5a00000, 0x0000000100000000)
  eden space 2560K, 100% used [0x00000000d5580000,0x00000000d5800000,0x00000000d5800000)
  from space 512K, 87% used [0x00000000d5980000,0x00000000d59f0000,0x00000000d5a00000)
  to   space 512K, 0% used [0x00000000d5900000,0x00000000d5900000,0x00000000d5980000)
 ParOldGen       total 395264K, used 395257K [0x0000000080000000, 0x0000000098200000, 0x00000000d5580000)
  object space 395264K, 99% used [0x0000000080000000,0x00000000981fe770,0x0000000098200000)
 Metaspace       used 48150K, committed 49344K, reserved 1114112K
  class space    used 5202K, committed 5696K, reserved 1048576K
}
Event: 13.730 GC heap after
{Heap after GC invocations=345 (full 2):
 PSYoungGen      total 3072K, used 492K [0x00000000d5580000, 0x00000000d5a00000, 0x0000000100000000)
  eden space 2560K, 0% used [0x00000000d5580000,0x00000000d5580000,0x00000000d5800000)
  from space 512K, 96% used [0x00000000d5900000,0x00000000d597b008,0x00000000d5980000)
  to   space 512K, 0% used [0x00000000d5980000,0x00000000d5980000,0x00000000d5a00000)
 ParOldGen       total 395776K, used 395545K [0x0000000080000000, 0x0000000098280000, 0x00000000d5580000)
  object space 395776K, 99% used [0x0000000080000000,0x0000000098246770,0x0000000098280000)
 Metaspace       used 48150K, committed 49344K, reserved 1114112K
  class space    used 5202K, committed 5696K, reserved 1048576K
}
Event: 13.735 GC heap before
{Heap before GC invocations=346 (full 2):
 PSYoungGen      total 3072K, used 3052K [0x00000000d5580000, 0x00000000d5a00000, 0x0000000100000000)
  eden space 2560K, 100% used [0x00000000d5580000,0x00000000d5800000,0x00000000d5800000)
  from space 512K, 96% used [0x00000000d5900000,0x00000000d597b008,0x00000000d5980000)
  to   space 512K, 0% used [0x00000000d5980000,0x00000000d5980000,0x00000000d5a00000)
 ParOldGen       total 395776K, used 395545K [0x0000000080000000, 0x0000000098280000, 0x00000000d5580000)
  object space 395776K, 99% used [0x0000000080000000,0x0000000098246770,0x0000000098280000)
 Metaspace       used 48150K, committed 49344K, reserved 1114112K
  class space    used 5202K, committed 5696K, reserved 1048576K
}
Event: 13.737 GC heap after
{Heap after GC invocations=346 (full 2):
 PSYoungGen      total 3072K, used 448K [0x00000000d5580000, 0x00000000d5a00000, 0x0000000100000000)
  eden space 2560K, 0% used [0x00000000d5580000,0x00000000d5580000,0x00000000d5800000)
  from space 512K, 87% used [0x00000000d5980000,0x00000000d59f0000,0x00000000d5a00000)
  to   space 512K, 0% used [0x00000000d5900000,0x00000000d5900000,0x00000000d5980000)
 ParOldGen       total 396288K, used 395941K [0x0000000080000000, 0x0000000098300000, 0x00000000d5580000)
  object space 396288K, 99% used [0x0000000080000000,0x00000000982a9778,0x0000000098300000)
 Metaspace       used 48150K, committed 49344K, reserved 1114112K
  class space    used 5202K, committed 5696K, reserved 1048576K
}
Event: 13.742 GC heap before
{Heap before GC invocations=347 (full 2):
 PSYoungGen      total 3072K, used 3008K [0x00000000d5580000, 0x00000000d5a00000, 0x0000000100000000)
  eden space 2560K, 100% used [0x00000000d5580000,0x00000000d5800000,0x00000000d5800000)
  from space 512K, 87% used [0x00000000d5980000,0x00000000d59f0000,0x00000000d5a00000)
  to   space 512K, 0% used [0x00000000d5900000,0x00000000d5900000,0x00000000d5980000)
 ParOldGen       total 396288K, used 395941K [0x0000000080000000, 0x0000000098300000, 0x00000000d5580000)
  object space 396288K, 99% used [0x0000000080000000,0x00000000982a9778,0x0000000098300000)
 Metaspace       used 48150K, committed 49344K, reserved 1114112K
  class space    used 5202K, committed 5696K, reserved 1048576K
}
Event: 13.743 GC heap after
{Heap after GC invocations=347 (full 2):
 PSYoungGen      total 3072K, used 416K [0x00000000d5580000, 0x00000000d5a00000, 0x0000000100000000)
  eden space 2560K, 0% used [0x00000000d5580000,0x00000000d5580000,0x00000000d5800000)
  from space 512K, 81% used [0x00000000d5900000,0x00000000d5968000,0x00000000d5980000)
  to   space 512K, 0% used [0x00000000d5980000,0x00000000d5980000,0x00000000d5a00000)
 ParOldGen       total 396288K, used 396261K [0x0000000080000000, 0x0000000098300000, 0x00000000d5580000)
  object space 396288K, 99% used [0x0000000080000000,0x00000000982f9778,0x0000000098300000)
 Metaspace       used 48150K, committed 49344K, reserved 1114112K
  class space    used 5202K, committed 5696K, reserved 1048576K
}
Event: 13.748 GC heap before
{Heap before GC invocations=348 (full 2):
 PSYoungGen      total 3072K, used 2976K [0x00000000d5580000, 0x00000000d5a00000, 0x0000000100000000)
  eden space 2560K, 100% used [0x00000000d5580000,0x00000000d5800000,0x00000000d5800000)
  from space 512K, 81% used [0x00000000d5900000,0x00000000d5968000,0x00000000d5980000)
  to   space 512K, 0% used [0x00000000d5980000,0x00000000d5980000,0x00000000d5a00000)
 ParOldGen       total 396288K, used 396261K [0x0000000080000000, 0x0000000098300000, 0x00000000d5580000)
  object space 396288K, 99% used [0x0000000080000000,0x00000000982f9778,0x0000000098300000)
 Metaspace       used 48150K, committed 49344K, reserved 1114112K
  class space    used 5202K, committed 5696K, reserved 1048576K
}
Event: 13.749 GC heap after
{Heap after GC invocations=348 (full 2):
 PSYoungGen      total 3072K, used 416K [0x00000000d5580000, 0x00000000d5a00000, 0x0000000100000000)
  eden space 2560K, 0% used [0x00000000d5580000,0x00000000d5580000,0x00000000d5800000)
  from space 512K, 81% used [0x00000000d5980000,0x00000000d59e8000,0x00000000d5a00000)
  to   space 512K, 0% used [0x00000000d5900000,0x00000000d5900000,0x00000000d5980000)
 ParOldGen       total 396800K, used 396589K [0x0000000080000000, 0x0000000098380000, 0x00000000d5580000)
  object space 396800K, 99% used [0x0000000080000000,0x000000009834b778,0x0000000098380000)
 Metaspace       used 48150K, committed 49344K, reserved 1114112K
  class space    used 5202K, committed 5696K, reserved 1048576K
}
Event: 13.754 GC heap before
{Heap before GC invocations=349 (full 2):
 PSYoungGen      total 3072K, used 2976K [0x00000000d5580000, 0x00000000d5a00000, 0x0000000100000000)
  eden space 2560K, 100% used [0x00000000d5580000,0x00000000d5800000,0x00000000d5800000)
  from space 512K, 81% used [0x00000000d5980000,0x00000000d59e8000,0x00000000d5a00000)
  to   space 512K, 0% used [0x00000000d5900000,0x00000000d5900000,0x00000000d5980000)
 ParOldGen       total 396800K, used 396589K [0x0000000080000000, 0x0000000098380000, 0x00000000d5580000)
  object space 396800K, 99% used [0x0000000080000000,0x000000009834b778,0x0000000098380000)
 Metaspace       used 48150K, committed 49344K, reserved 1114112K
  class space    used 5202K, committed 5696K, reserved 1048576K
}
Event: 13.755 GC heap after
{Heap after GC invocations=349 (full 2):
 PSYoungGen      total 3072K, used 448K [0x00000000d5580000, 0x00000000d5a00000, 0x0000000100000000)
  eden space 2560K, 0% used [0x00000000d5580000,0x00000000d5580000,0x00000000d5800000)
  from space 512K, 87% used [0x00000000d5900000,0x00000000d5970000,0x00000000d5980000)
  to   space 512K, 0% used [0x00000000d5980000,0x00000000d5980000,0x00000000d5a00000)
 ParOldGen       total 397312K, used 396924K [0x0000000080000000, 0x0000000098400000, 0x00000000d5580000)
  object space 397312K, 99% used [0x0000000080000000,0x000000009839f280,0x0000000098400000)
 Metaspace       used 48150K, committed 49344K, reserved 1114112K
  class space    used 5202K, committed 5696K, reserved 1048576K
}
Event: 13.761 GC heap before
{Heap before GC invocations=350 (full 2):
 PSYoungGen      total 3072K, used 3008K [0x00000000d5580000, 0x00000000d5a00000, 0x0000000100000000)
  eden space 2560K, 100% used [0x00000000d5580000,0x00000000d5800000,0x00000000d5800000)
  from space 512K, 87% used [0x00000000d5900000,0x00000000d5970000,0x00000000d5980000)
  to   space 512K, 0% used [0x00000000d5980000,0x00000000d5980000,0x00000000d5a00000)
 ParOldGen       total 397312K, used 396924K [0x0000000080000000, 0x0000000098400000, 0x00000000d5580000)
  object space 397312K, 99% used [0x0000000080000000,0x000000009839f280,0x0000000098400000)
 Metaspace       used 48150K, committed 49344K, reserved 1114112K
  class space    used 5202K, committed 5696K, reserved 1048576K
}
Event: 13.762 GC heap after
{Heap after GC invocations=350 (full 2):
 PSYoungGen      total 3072K, used 448K [0x00000000d5580000, 0x00000000d5a00000, 0x0000000100000000)
  eden space 2560K, 0% used [0x00000000d5580000,0x00000000d5580000,0x00000000d5800000)
  from space 512K, 87% used [0x00000000d5980000,0x00000000d59f0000,0x00000000d5a00000)
  to   space 512K, 0% used [0x00000000d5900000,0x00000000d5900000,0x00000000d5980000)
 ParOldGen       total 397312K, used 397204K [0x0000000080000000, 0x0000000098400000, 0x00000000d5580000)
  object space 397312K, 99% used [0x0000000080000000,0x00000000983e5280,0x0000000098400000)
 Metaspace       used 48150K, committed 49344K, reserved 1114112K
  class space    used 5202K, committed 5696K, reserved 1048576K
}
Event: 13.767 GC heap before
{Heap before GC invocations=351 (full 2):
 PSYoungGen      total 3072K, used 3008K [0x00000000d5580000, 0x00000000d5a00000, 0x0000000100000000)
  eden space 2560K, 100% used [0x00000000d5580000,0x00000000d5800000,0x00000000d5800000)
  from space 512K, 87% used [0x00000000d5980000,0x00000000d59f0000,0x00000000d5a00000)
  to   space 512K, 0% used [0x00000000d5900000,0x00000000d5900000,0x00000000d5980000)
 ParOldGen       total 397312K, used 397204K [0x0000000080000000, 0x0000000098400000, 0x00000000d5580000)
  object space 397312K, 99% used [0x0000000080000000,0x00000000983e5280,0x0000000098400000)
 Metaspace       used 48150K, committed 49344K, reserved 1114112K
  class space    used 5202K, committed 5696K, reserved 1048576K
}
Event: 13.768 GC heap after
{Heap after GC invocations=351 (full 2):
 PSYoungGen      total 3072K, used 480K [0x00000000d5580000, 0x00000000d5a00000, 0x0000000100000000)
  eden space 2560K, 0% used [0x00000000d5580000,0x00000000d5580000,0x00000000d5800000)
  from space 512K, 93% used [0x00000000d5900000,0x00000000d5978000,0x00000000d5980000)
  to   space 512K, 0% used [0x00000000d5980000,0x00000000d5980000,0x00000000d5a00000)
 ParOldGen       total 397824K, used 397540K [0x0000000080000000, 0x0000000098480000, 0x00000000d5580000)
  object space 397824K, 99% used [0x0000000080000000,0x0000000098439280,0x0000000098480000)
 Metaspace       used 48150K, committed 49344K, reserved 1114112K
  class space    used 5202K, committed 5696K, reserved 1048576K
}
Event: 13.774 GC heap before
{Heap before GC invocations=352 (full 2):
 PSYoungGen      total 3072K, used 3040K [0x00000000d5580000, 0x00000000d5a00000, 0x0000000100000000)
  eden space 2560K, 100% used [0x00000000d5580000,0x00000000d5800000,0x00000000d5800000)
  from space 512K, 93% used [0x00000000d5900000,0x00000000d5978000,0x00000000d5980000)
  to   space 512K, 0% used [0x00000000d5980000,0x00000000d5980000,0x00000000d5a00000)
 ParOldGen       total 397824K, used 397540K [0x0000000080000000, 0x0000000098480000, 0x00000000d5580000)
  object space 397824K, 99% used [0x0000000080000000,0x0000000098439280,0x0000000098480000)
 Metaspace       used 48150K, committed 49344K, reserved 1114112K
  class space    used 5202K, committed 5696K, reserved 1048576K
}
Event: 13.774 GC heap after
{Heap after GC invocations=352 (full 2):
 PSYoungGen      total 3072K, used 352K [0x00000000d5580000, 0x00000000d5a00000, 0x0000000100000000)
  eden space 2560K, 0% used [0x00000000d5580000,0x00000000d5580000,0x00000000d5800000)
  from space 512K, 68% used [0x00000000d5980000,0x00000000d59d8000,0x00000000d5a00000)
  to   space 512K, 0% used [0x00000000d5900000,0x00000000d5900000,0x00000000d5980000)
 ParOldGen       total 398336K, used 397852K [0x0000000080000000, 0x0000000098500000, 0x00000000d5580000)
  object space 398336K, 99% used [0x0000000080000000,0x0000000098487280,0x0000000098500000)
 Metaspace       used 48150K, committed 49344K, reserved 1114112K
  class space    used 5202K, committed 5696K, reserved 1048576K
}
Event: 13.781 GC heap before
{Heap before GC invocations=353 (full 2):
 PSYoungGen      total 3072K, used 2912K [0x00000000d5580000, 0x00000000d5a00000, 0x0000000100000000)
  eden space 2560K, 100% used [0x00000000d5580000,0x00000000d5800000,0x00000000d5800000)
  from space 512K, 68% used [0x00000000d5980000,0x00000000d59d8000,0x00000000d5a00000)
  to   space 512K, 0% used [0x00000000d5900000,0x00000000d5900000,0x00000000d5980000)
 ParOldGen       total 398336K, used 397852K [0x0000000080000000, 0x0000000098500000, 0x00000000d5580000)
  object space 398336K, 99% used [0x0000000080000000,0x0000000098487280,0x0000000098500000)
 Metaspace       used 48151K, committed 49344K, reserved 1114112K
  class space    used 5202K, committed 5696K, reserved 1048576K
}
Event: 13.782 GC heap after
{Heap after GC invocations=353 (full 2):
 PSYoungGen      total 3072K, used 448K [0x00000000d5580000, 0x00000000d5a00000, 0x0000000100000000)
  eden space 2560K, 0% used [0x00000000d5580000,0x00000000d5580000,0x00000000d5800000)
  from space 512K, 87% used [0x00000000d5900000,0x00000000d5970000,0x00000000d5980000)
  to   space 512K, 0% used [0x00000000d5980000,0x00000000d5980000,0x00000000d5a00000)
 ParOldGen       total 398336K, used 398124K [0x0000000080000000, 0x0000000098500000, 0x00000000d5580000)
  object space 398336K, 99% used [0x0000000080000000,0x00000000984cb280,0x0000000098500000)
 Metaspace       used 48151K, committed 49344K, reserved 1114112K
  class space    used 5202K, committed 5696K, reserved 1048576K
}
Event: 13.835 GC heap before
{Heap before GC invocations=354 (full 2):
 PSYoungGen      total 3072K, used 3008K [0x00000000d5580000, 0x00000000d5a00000, 0x0000000100000000)
  eden space 2560K, 100% used [0x00000000d5580000,0x00000000d5800000,0x00000000d5800000)
  from space 512K, 87% used [0x00000000d5900000,0x00000000d5970000,0x00000000d5980000)
  to   space 512K, 0% used [0x00000000d5980000,0x00000000d5980000,0x00000000d5a00000)
 ParOldGen       total 398336K, used 398124K [0x0000000080000000, 0x0000000098500000, 0x00000000d5580000)
  object space 398336K, 99% used [0x0000000080000000,0x00000000984cb280,0x0000000098500000)
 Metaspace       used 48151K, committed 49344K, reserved 1114112K
  class space    used 5202K, committed 5696K, reserved 1048576K
}
Event: 13.836 GC heap after
{Heap after GC invocations=354 (full 2):
 PSYoungGen      total 3072K, used 224K [0x00000000d5580000, 0x00000000d5a00000, 0x0000000100000000)
  eden space 2560K, 0% used [0x00000000d5580000,0x00000000d5580000,0x00000000d5800000)
  from space 512K, 43% used [0x00000000d5980000,0x00000000d59b8000,0x00000000d5a00000)
  to   space 512K, 0% used [0x00000000d5900000,0x00000000d5900000,0x00000000d5980000)
 ParOldGen       total 398848K, used 398420K [0x0000000080000000, 0x0000000098580000, 0x00000000d5580000)
  object space 398848K, 99% used [0x0000000080000000,0x0000000098515280,0x0000000098580000)
 Metaspace       used 48151K, committed 49344K, reserved 1114112K
  class space    used 5202K, committed 5696K, reserved 1048576K
}

Dll operation events (10 events):
Event: 0.018 Loaded shared library c:\Users\PC\.vscode\extensions\redhat.java-1.50.0-win32-x64\jre\21.0.9-win32-x86_64\bin\java.dll
Event: 0.066 Loaded shared library c:\Users\PC\.vscode\extensions\redhat.java-1.50.0-win32-x64\jre\21.0.9-win32-x86_64\bin\zip.dll
Event: 0.171 Loaded shared library C:\Users\PC\.vscode\extensions\redhat.java-1.50.0-win32-x64\jre\21.0.9-win32-x86_64\bin\instrument.dll
Event: 0.176 Loaded shared library C:\Users\PC\.vscode\extensions\redhat.java-1.50.0-win32-x64\jre\21.0.9-win32-x86_64\bin\net.dll
Event: 0.179 Loaded shared library C:\Users\PC\.vscode\extensions\redhat.java-1.50.0-win32-x64\jre\21.0.9-win32-x86_64\bin\nio.dll
Event: 0.183 Loaded shared library C:\Users\PC\.vscode\extensions\redhat.java-1.50.0-win32-x64\jre\21.0.9-win32-x86_64\bin\zip.dll
Event: 0.203 Loaded shared library C:\Users\PC\.vscode\extensions\redhat.java-1.50.0-win32-x64\jre\21.0.9-win32-x86_64\bin\jimage.dll
Event: 0.285 Loaded shared library c:\Users\PC\.vscode\extensions\redhat.java-1.50.0-win32-x64\jre\21.0.9-win32-x86_64\bin\verify.dll
Event: 1.842 Loaded shared library C:\Users\PC\AppData\Roaming\Code\User\globalStorage\redhat.java\1.50.0\config_win\org.eclipse.equinox.launcher\org.eclipse.equinox.launcher.win32.win32.x86_64_1.2.1400.v20250801-0854\eclipse_11916.dll
Event: 3.271 Loaded shared library C:\Users\PC\AppData\Local\Temp\jna-2547\jna14154753775755471116.dll

Deoptimization events (20 events):
Event: 13.611 Thread 0x000002474ce28af0 Uncommon trap: trap_request=0xffffffe4 fr.pc=0x00000247787cb680 relative=0x00000000000063c0
Event: 13.611 Thread 0x000002474ce28af0 Uncommon trap: reason=range_check action=make_not_entrant pc=0x00000247787cb680 method=org.eclipse.jdt.internal.compiler.classfmt.ClassFileStruct.u2At(I)I @ 28 c2
Event: 13.611 Thread 0x000002474ce28af0 DEOPT PACKING pc=0x00000247787cb680 sp=0x000000e2a4efec70
Event: 13.611 Thread 0x000002474ce28af0 DEOPT UNPACKING pc=0x0000024777eb3aa2 sp=0x000000e2a4efeba8 mode 2
Event: 13.745 Thread 0x000002474ce28af0 Uncommon trap: trap_request=0xffffff45 fr.pc=0x000002477877fb1c relative=0x00000000000076dc
Event: 13.745 Thread 0x000002474ce28af0 Uncommon trap: reason=unstable_if action=reinterpret pc=0x000002477877fb1c method=org.eclipse.jdt.internal.compiler.classfmt.ClassFileReader.<init>([B[CZ)V @ 563 c2
Event: 13.745 Thread 0x000002474ce28af0 DEOPT PACKING pc=0x000002477877fb1c sp=0x000000e2a4efec70
Event: 13.745 Thread 0x000002474ce28af0 DEOPT UNPACKING pc=0x0000024777eb3aa2 sp=0x000000e2a4efec30 mode 2
Event: 13.773 Thread 0x000002474ce28af0 Uncommon trap: trap_request=0xffffff45 fr.pc=0x000002477898f5b8 relative=0x0000000000001918
Event: 13.773 Thread 0x000002474ce28af0 Uncommon trap: reason=unstable_if action=reinterpret pc=0x000002477898f5b8 method=org.eclipse.jdt.internal.compiler.classfmt.MethodInfo.createMethod([B[IIJ)Lorg/eclipse/jdt/internal/compiler/classfmt/MethodInfo; @ 265 c2
Event: 13.773 Thread 0x000002474ce28af0 DEOPT PACKING pc=0x000002477898f5b8 sp=0x000000e2a4efeb90
Event: 13.773 Thread 0x000002474ce28af0 DEOPT UNPACKING pc=0x0000024777eb3aa2 sp=0x000000e2a4efeb18 mode 2
Event: 13.775 Thread 0x000002474ce28af0 Uncommon trap: trap_request=0xffffff45 fr.pc=0x00000247789c7cc4 relative=0x0000000000003ac4
Event: 13.775 Thread 0x000002474ce28af0 Uncommon trap: reason=unstable_if action=reinterpret pc=0x00000247789c7cc4 method=org.eclipse.jdt.internal.compiler.classfmt.ClassFileReader.<init>([B[CZ)V @ 1364 c2
Event: 13.775 Thread 0x000002474ce28af0 DEOPT PACKING pc=0x00000247789c7cc4 sp=0x000000e2a4efec80
Event: 13.775 Thread 0x000002474ce28af0 DEOPT UNPACKING pc=0x0000024777eb3aa2 sp=0x000000e2a4efec30 mode 2
Event: 13.842 Thread 0x000002474ce28af0 Uncommon trap: trap_request=0xffffff45 fr.pc=0x000002477894ca1c relative=0x0000000000001efc
Event: 13.842 Thread 0x000002474ce28af0 Uncommon trap: reason=unstable_if action=reinterpret pc=0x000002477894ca1c method=org.eclipse.jdt.internal.core.index.DiskIndex.writeStreamInt(Ljava/io/OutputStream;I)V @ 9 c2
Event: 13.842 Thread 0x000002474ce28af0 DEOPT PACKING pc=0x000002477894ca1c sp=0x000000e2a4efeb20
Event: 13.842 Thread 0x000002474ce28af0 DEOPT UNPACKING pc=0x0000024777eb3aa2 sp=0x000000e2a4efea80 mode 2

Classes loaded (20 events):
Event: 7.193 Loading class java/nio/channels/NonWritableChannelException
Event: 7.193 Loading class java/nio/channels/NonWritableChannelException done
Event: 7.226 Loading class java/util/TreeMap$ValueSpliterator
Event: 7.226 Loading class java/util/TreeMap$TreeMapSpliterator
Event: 7.226 Loading class java/util/TreeMap$TreeMapSpliterator done
Event: 7.226 Loading class java/util/TreeMap$ValueSpliterator done
Event: 7.264 Loading class java/util/concurrent/CompletionException
Event: 7.264 Loading class java/util/concurrent/CompletionException done
Event: 7.269 Loading class java/nio/file/FileTreeWalker$1
Event: 7.269 Loading class java/nio/file/FileTreeWalker$1 done
Event: 7.270 Loading class sun/nio/fs/Globs
Event: 7.270 Loading class sun/nio/fs/Globs done
Event: 7.270 Loading class java/util/regex/Pattern$SliceU
Event: 7.270 Loading class java/util/regex/Pattern$SliceU done
Event: 7.270 Loading class sun/nio/fs/WindowsFileSystem$2
Event: 7.270 Loading class java/nio/file/PathMatcher
Event: 7.271 Loading class java/nio/file/PathMatcher done
Event: 7.271 Loading class sun/nio/fs/WindowsFileSystem$2 done
Event: 12.620 Loading class sun/nio/fs/WindowsFileCopy
Event: 12.621 Loading class sun/nio/fs/WindowsFileCopy done

Classes unloaded (12 events):
Event: 3.709 Thread 0x00000247048949d0 Unloading class 0x00000247061ad000 'java/lang/invoke/LambdaForm$MH+0x00000247061ad000'
Event: 3.709 Thread 0x00000247048949d0 Unloading class 0x00000247061acc00 'java/lang/invoke/LambdaForm$MH+0x00000247061acc00'
Event: 3.709 Thread 0x00000247048949d0 Unloading class 0x00000247061ac800 'java/lang/invoke/LambdaForm$MH+0x00000247061ac800'
Event: 3.709 Thread 0x00000247048949d0 Unloading class 0x00000247061ac400 'java/lang/invoke/LambdaForm$MH+0x00000247061ac400'
Event: 3.709 Thread 0x00000247048949d0 Unloading class 0x00000247061ac000 'java/lang/invoke/LambdaForm$BMH+0x00000247061ac000'
Event: 3.709 Thread 0x00000247048949d0 Unloading class 0x00000247061abc00 'java/lang/invoke/LambdaForm$DMH+0x00000247061abc00'
Event: 3.709 Thread 0x00000247048949d0 Unloading class 0x00000247061aac00 'java/lang/invoke/LambdaForm$DMH+0x00000247061aac00'
Event: 4.962 Thread 0x00000247048949d0 Unloading class 0x00000247063d9000 'java/lang/invoke/LambdaForm$MH+0x00000247063d9000'
Event: 4.962 Thread 0x00000247048949d0 Unloading class 0x00000247063d8800 'java/lang/invoke/LambdaForm$MH+0x00000247063d8800'
Event: 4.962 Thread 0x00000247048949d0 Unloading class 0x00000247063d8000 'java/lang/invoke/LambdaForm$MH+0x00000247063d8000'
Event: 4.962 Thread 0x00000247048949d0 Unloading class 0x00000247063d7c00 'java/lang/invoke/LambdaForm$DMH+0x00000247063d7c00'
Event: 4.962 Thread 0x00000247048949d0 Unloading class 0x00000247063d6c00 'java/lang/invoke/LambdaForm$MH+0x00000247063d6c00'

Classes redefined (0 events):
No events

Internal exceptions (20 events):
Event: 7.540 Thread 0x000002474f914730 Exception <a 'sun/nio/fs/WindowsException'{0x00000000d5bc2da8}> (0x00000000d5bc2da8) 
thrown [s\src\hotspot\share\prims\jni.cpp, line 520]
Event: 7.544 Thread 0x000002474f914730 Exception <a 'java/lang/NoSuchMethodError'{0x00000000d5bff208}: method resolution failed> (0x00000000d5bff208) 
thrown [s\src\hotspot\share\prims\methodHandles.cpp, line 1136]
Event: 7.560 Thread 0x000002474f914730 Exception <a 'sun/nio/fs/WindowsException'{0x00000000d5e3c308}> (0x00000000d5e3c308) 
thrown [s\src\hotspot\share\prims\jni.cpp, line 520]
Event: 9.571 Thread 0x000002474f914730 Exception <a 'sun/nio/fs/WindowsException'{0x00000000d5a36550}> (0x00000000d5a36550) 
thrown [s\src\hotspot\share\prims\jni.cpp, line 520]
Event: 11.577 Thread 0x000002474f914730 Exception <a 'sun/nio/fs/WindowsException'{0x00000000d5615e00}> (0x00000000d5615e00) 
thrown [s\src\hotspot\share\prims\jni.cpp, line 520]
Event: 12.621 Thread 0x000002474ce28af0 Exception <a 'sun/nio/fs/WindowsException'{0x00000000d55b5cb8}> (0x00000000d55b5cb8) 
thrown [s\src\hotspot\share\prims\jni.cpp, line 520]
Event: 12.637 Thread 0x000002474ce28af0 Exception <a 'sun/nio/fs/WindowsException'{0x00000000d55ed248}> (0x00000000d55ed248) 
thrown [s\src\hotspot\share\prims\jni.cpp, line 520]
Event: 12.764 Thread 0x000002474ce28af0 Exception <a 'sun/nio/fs/WindowsException'{0x00000000d55d9128}> (0x00000000d55d9128) 
thrown [s\src\hotspot\share\prims\jni.cpp, line 520]
Event: 12.825 Thread 0x000002474ce28af0 Exception <a 'sun/nio/fs/WindowsException'{0x00000000d5619aa8}> (0x00000000d5619aa8) 
thrown [s\src\hotspot\share\prims\jni.cpp, line 520]
Event: 12.871 Thread 0x000002474ce28af0 Exception <a 'sun/nio/fs/WindowsException'{0x00000000d5626040}> (0x00000000d5626040) 
thrown [s\src\hotspot\share\prims\jni.cpp, line 520]
Event: 12.886 Thread 0x000002474ce28af0 Exception <a 'sun/nio/fs/WindowsException'{0x00000000d563e088}> (0x00000000d563e088) 
thrown [s\src\hotspot\share\prims\jni.cpp, line 520]
Event: 13.010 Thread 0x000002474ce28af0 Exception <a 'sun/nio/fs/WindowsException'{0x00000000d55e5720}> (0x00000000d55e5720) 
thrown [s\src\hotspot\share\prims\jni.cpp, line 520]
Event: 13.099 Thread 0x000002474ce28af0 Exception <a 'sun/nio/fs/WindowsException'{0x00000000d55ef650}> (0x00000000d55ef650) 
thrown [s\src\hotspot\share\prims\jni.cpp, line 520]
Event: 13.497 Thread 0x000002474ce28af0 Exception <a 'sun/nio/fs/WindowsException'{0x00000000d57705b8}> (0x00000000d57705b8) 
thrown [s\src\hotspot\share\prims\jni.cpp, line 520]
Event: 13.532 Thread 0x000002474ce28af0 Exception <a 'sun/nio/fs/WindowsException'{0x00000000d5788228}> (0x00000000d5788228) 
thrown [s\src\hotspot\share\prims\jni.cpp, line 520]
Event: 13.545 Thread 0x000002474ce28af0 Exception <a 'sun/nio/fs/WindowsException'{0x00000000d57d2568}> (0x00000000d57d2568) 
thrown [s\src\hotspot\share\prims\jni.cpp, line 520]
Event: 13.591 Thread 0x000002474f914730 Exception <a 'sun/nio/fs/WindowsException'{0x00000000d5774c50}> (0x00000000d5774c50) 
thrown [s\src\hotspot\share\prims\jni.cpp, line 520]
Event: 13.650 Thread 0x000002474ce28af0 Exception <a 'sun/nio/fs/WindowsException'{0x00000000d57cc5c0}> (0x00000000d57cc5c0) 
thrown [s\src\hotspot\share\prims\jni.cpp, line 520]
Event: 13.825 Thread 0x000002474ce28af0 Exception <a 'sun/nio/fs/WindowsException'{0x00000000d57df340}> (0x00000000d57df340) 
thrown [s\src\hotspot\share\prims\jni.cpp, line 520]
Event: 13.863 Thread 0x000002474ce28af0 Exception <a 'sun/nio/fs/WindowsException'{0x00000000d57d1f28}> (0x00000000d57d1f28) 
thrown [s\src\hotspot\share\prims\jni.cpp, line 520]

ZGC Phase Switch (0 events):
No events

VM Operations (20 events):
Event: 13.729 Executing VM operation: ParallelGCFailedAllocation (Allocation Failure)
Event: 13.730 Executing VM operation: ParallelGCFailedAllocation (Allocation Failure) done
Event: 13.735 Executing VM operation: ParallelGCFailedAllocation (Allocation Failure)
Event: 13.737 Executing VM operation: ParallelGCFailedAllocation (Allocation Failure) done
Event: 13.742 Executing VM operation: ParallelGCFailedAllocation (Allocation Failure)
Event: 13.743 Executing VM operation: ParallelGCFailedAllocation (Allocation Failure) done
Event: 13.748 Executing VM operation: ParallelGCFailedAllocation (Allocation Failure)
Event: 13.749 Executing VM operation: ParallelGCFailedAllocation (Allocation Failure) done
Event: 13.754 Executing VM operation: ParallelGCFailedAllocation (Allocation Failure)
Event: 13.755 Executing VM operation: ParallelGCFailedAllocation (Allocation Failure) done
Event: 13.761 Executing VM operation: ParallelGCFailedAllocation (Allocation Failure)
Event: 13.762 Executing VM operation: ParallelGCFailedAllocation (Allocation Failure) done
Event: 13.767 Executing VM operation: ParallelGCFailedAllocation (Allocation Failure)
Event: 13.768 Executing VM operation: ParallelGCFailedAllocation (Allocation Failure) done
Event: 13.774 Executing VM operation: ParallelGCFailedAllocation (Allocation Failure)
Event: 13.775 Executing VM operation: ParallelGCFailedAllocation (Allocation Failure) done
Event: 13.781 Executing VM operation: ParallelGCFailedAllocation (Allocation Failure)
Event: 13.782 Executing VM operation: ParallelGCFailedAllocation (Allocation Failure) done
Event: 13.835 Executing VM operation: ParallelGCFailedAllocation (Allocation Failure)
Event: 13.836 Executing VM operation: ParallelGCFailedAllocation (Allocation Failure) done

Memory protections (0 events):
No events

Nmethod flushes (20 events):
Event: 4.969 Thread 0x00000247048949d0 flushing  nmethod 0x0000024770efa710
Event: 4.969 Thread 0x00000247048949d0 flushing  nmethod 0x0000024770efb010
Event: 4.969 Thread 0x00000247048949d0 flushing  nmethod 0x0000024770efc210
Event: 4.969 Thread 0x00000247048949d0 flushing  nmethod 0x0000024770efca10
Event: 4.969 Thread 0x00000247048949d0 flushing  nmethod 0x0000024770efd190
Event: 4.969 Thread 0x00000247048949d0 flushing  nmethod 0x0000024770efdb10
Event: 4.969 Thread 0x00000247048949d0 flushing  nmethod 0x0000024770efdf10
Event: 4.969 Thread 0x00000247048949d0 flushing  nmethod 0x0000024770eff510
Event: 4.969 Thread 0x00000247048949d0 flushing  nmethod 0x0000024770f00610
Event: 4.969 Thread 0x00000247048949d0 flushing  nmethod 0x0000024770f00a90
Event: 4.969 Thread 0x00000247048949d0 flushing  nmethod 0x0000024770f01810
Event: 4.969 Thread 0x00000247048949d0 flushing  nmethod 0x0000024770f02390
Event: 4.969 Thread 0x00000247048949d0 flushing  nmethod 0x0000024770f03510
Event: 4.969 Thread 0x00000247048949d0 flushing  nmethod 0x0000024770f0c810
Event: 4.969 Thread 0x00000247048949d0 flushing  nmethod 0x0000024770f0cd10
Event: 4.969 Thread 0x00000247048949d0 flushing  nmethod 0x0000024770f17410
Event: 4.969 Thread 0x00000247048949d0 flushing  nmethod 0x0000024770f29f10
Event: 4.969 Thread 0x00000247048949d0 flushing  nmethod 0x0000024770f35310
Event: 4.969 Thread 0x00000247048949d0 flushing  nmethod 0x0000024770f3f790
Event: 4.969 Thread 0x00000247048949d0 flushing  nmethod 0x0000024770fad790

Events (20 events):
Event: 4.655 Thread 0x000002476bcc9c50 Thread added: 0x000002474d47ef90
Event: 4.655 Thread 0x000002476bcc9c50 Thread added: 0x000002474d481d80
Event: 4.655 Thread 0x000002476bcc9c50 Thread added: 0x000002474d47fcb0
Event: 4.656 Thread 0x000002476bcc9c50 Thread added: 0x000002474d47e900
Event: 4.656 Thread 0x000002476bcc9c50 Thread added: 0x000002474f915ae0
Event: 4.656 Thread 0x000002476bcc9c50 Thread added: 0x000002474f916800
Event: 4.674 Thread 0x000002476bcc9c50 Thread added: 0x000002474f9140a0
Event: 4.692 Thread 0x000002474ce27740 Thread added: 0x000002474f914730
Event: 4.905 Thread 0x000002474ce2a530 Thread added: 0x000002474f915450
Event: 5.016 Thread 0x000002476bcc9c50 Thread added: 0x000002474f914dc0
Event: 5.017 Thread 0x000002476bcc9c50 Thread added: 0x000002474f916170
Event: 10.921 Thread 0x000002474d0941e0 Thread exited: 0x000002474d0941e0
Event: 11.507 Thread 0x0000024747a15dd0 Thread added: 0x000002475108a430
Event: 12.211 Thread 0x000002475108a430 Thread exited: 0x000002475108a430
Event: 12.230 Thread 0x0000024747bb47e0 Thread exited: 0x0000024747bb47e0
Event: 12.654 Thread 0x0000024747a15dd0 Thread added: 0x000002475108a430
Event: 12.657 Thread 0x00000247479c1ef0 Thread added: 0x0000024751089d60
Event: 13.534 Thread 0x0000024751089d60 Thread exited: 0x0000024751089d60
Event: 13.546 Thread 0x000002475108a430 Thread exited: 0x000002475108a430
Event: 13.838 Thread 0x0000024747a15dd0 Thread added: 0x000002475108bf70


Dynamic libraries:
0x00007ff61dcf0000 - 0x00007ff61dcfe000 	c:\Users\PC\.vscode\extensions\redhat.java-1.50.0-win32-x64\jre\21.0.9-win32-x86_64\bin\java.exe
0x00007ffcc99c0000 - 0x00007ffcc9c28000 	C:\WINDOWS\SYSTEM32\ntdll.dll
0x00007ffcc9330000 - 0x00007ffcc93f9000 	C:\WINDOWS\System32\KERNEL32.DLL
0x00007ffcc7360000 - 0x00007ffcc7758000 	C:\WINDOWS\System32\KERNELBASE.dll
0x00007ffcc7210000 - 0x00007ffcc735b000 	C:\WINDOWS\System32\ucrtbase.dll
0x00007ffcb2120000 - 0x00007ffcb213e000 	c:\Users\PC\.vscode\extensions\redhat.java-1.50.0-win32-x64\jre\21.0.9-win32-x86_64\bin\VCRUNTIME140.dll
0x00007ffcb1610000 - 0x00007ffcb1628000 	c:\Users\PC\.vscode\extensions\redhat.java-1.50.0-win32-x64\jre\21.0.9-win32-x86_64\bin\jli.dll
0x00007ffcc8410000 - 0x00007ffcc85d7000 	C:\WINDOWS\System32\USER32.dll
0x00007ffcac4e0000 - 0x00007ffcac774000 	C:\WINDOWS\WinSxS\amd64_microsoft.windows.common-controls_6595b64144ccf1df_6.0.26100.7019_none_3e06ffa0e335b8a8\COMCTL32.dll
0x00007ffcc6c70000 - 0x00007ffcc6c97000 	C:\WINDOWS\System32\win32u.dll
0x00007ffcc91c0000 - 0x00007ffcc9269000 	C:\WINDOWS\System32\msvcrt.dll
0x00007ffcc7e20000 - 0x00007ffcc7e4b000 	C:\WINDOWS\System32\GDI32.dll
0x00007ffcc6e10000 - 0x00007ffcc6f3c000 	C:\WINDOWS\System32\gdi32full.dll
0x00007ffcc6bc0000 - 0x00007ffcc6c63000 	C:\WINDOWS\System32\msvcp_win.dll
0x00007ffcc9400000 - 0x00007ffcc9431000 	C:\WINDOWS\System32\IMM32.DLL
0x00007ffcb64d0000 - 0x00007ffcb64dc000 	c:\Users\PC\.vscode\extensions\redhat.java-1.50.0-win32-x64\jre\21.0.9-win32-x86_64\bin\vcruntime140_1.dll
0x00007ffc927c0000 - 0x00007ffc9284d000 	c:\Users\PC\.vscode\extensions\redhat.java-1.50.0-win32-x64\jre\21.0.9-win32-x86_64\bin\msvcp140.dll
0x00007ffc605c0000 - 0x00007ffc61360000 	c:\Users\PC\.vscode\extensions\redhat.java-1.50.0-win32-x64\jre\21.0.9-win32-x86_64\bin\server\jvm.dll
0x00007ffcc9270000 - 0x00007ffcc9324000 	C:\WINDOWS\System32\ADVAPI32.dll
0x00007ffcc88a0000 - 0x00007ffcc8946000 	C:\WINDOWS\System32\sechost.dll
0x00007ffcc96a0000 - 0x00007ffcc97b8000 	C:\WINDOWS\System32\RPCRT4.dll
0x00007ffcc7760000 - 0x00007ffcc77d4000 	C:\WINDOWS\System32\WS2_32.dll
0x00007ffcc6970000 - 0x00007ffcc69ce000 	C:\WINDOWS\SYSTEM32\POWRPROF.dll
0x00007ffcac780000 - 0x00007ffcac78b000 	C:\WINDOWS\SYSTEM32\VERSION.dll
0x00007ffcbdcf0000 - 0x00007ffcbdd25000 	C:\WINDOWS\SYSTEM32\WINMM.dll
0x00007ffcc6950000 - 0x00007ffcc6964000 	C:\WINDOWS\SYSTEM32\UMPDC.dll
0x00007ffcc58d0000 - 0x00007ffcc58eb000 	C:\WINDOWS\SYSTEM32\kernel.appcore.dll
0x00007ffcb28f0000 - 0x00007ffcb28fa000 	c:\Users\PC\.vscode\extensions\redhat.java-1.50.0-win32-x64\jre\21.0.9-win32-x86_64\bin\jimage.dll
0x00007ffcc41e0000 - 0x00007ffcc4422000 	C:\WINDOWS\SYSTEM32\DBGHELP.DLL
0x00007ffcc7a90000 - 0x00007ffcc7e1b000 	C:\WINDOWS\System32\combase.dll
0x00007ffcc7ea0000 - 0x00007ffcc7f77000 	C:\WINDOWS\System32\OLEAUT32.dll
0x00007ffcb3790000 - 0x00007ffcb37cc000 	C:\WINDOWS\SYSTEM32\dbgcore.DLL
0x00007ffcc6b10000 - 0x00007ffcc6bb5000 	C:\WINDOWS\System32\bcryptPrimitives.dll
0x00007ffcb1cc0000 - 0x00007ffcb1ccf000 	c:\Users\PC\.vscode\extensions\redhat.java-1.50.0-win32-x64\jre\21.0.9-win32-x86_64\bin\instrument.dll
0x00007ffcaeec0000 - 0x00007ffcaeee0000 	c:\Users\PC\.vscode\extensions\redhat.java-1.50.0-win32-x64\jre\21.0.9-win32-x86_64\bin\java.dll
0x00007ffcc8a60000 - 0x00007ffcc91af000 	C:\WINDOWS\System32\SHELL32.dll
0x00007ffcc6ca0000 - 0x00007ffcc6e0b000 	C:\WINDOWS\System32\wintypes.dll
0x00007ffcc45b0000 - 0x00007ffcc4e0d000 	C:\WINDOWS\SYSTEM32\windows.storage.dll
0x00007ffcc9850000 - 0x00007ffcc9942000 	C:\WINDOWS\System32\SHCORE.dll
0x00007ffcc85e0000 - 0x00007ffcc8647000 	C:\WINDOWS\System32\shlwapi.dll
0x00007ffcc6a30000 - 0x00007ffcc6a59000 	C:\WINDOWS\SYSTEM32\profapi.dll
0x00007ffcb15f0000 - 0x00007ffcb1608000 	c:\Users\PC\.vscode\extensions\redhat.java-1.50.0-win32-x64\jre\21.0.9-win32-x86_64\bin\zip.dll
0x00007ffcb1990000 - 0x00007ffcb19a0000 	C:\Users\PC\.vscode\extensions\redhat.java-1.50.0-win32-x64\jre\21.0.9-win32-x86_64\bin\net.dll
0x00007ffcb56c0000 - 0x00007ffcb57e8000 	C:\WINDOWS\SYSTEM32\WINHTTP.dll
0x00007ffcc5e40000 - 0x00007ffcc5eab000 	C:\WINDOWS\system32\mswsock.dll
0x00007ffcb15d0000 - 0x00007ffcb15e6000 	C:\Users\PC\.vscode\extensions\redhat.java-1.50.0-win32-x64\jre\21.0.9-win32-x86_64\bin\nio.dll
0x00007ffcaf640000 - 0x00007ffcaf650000 	c:\Users\PC\.vscode\extensions\redhat.java-1.50.0-win32-x64\jre\21.0.9-win32-x86_64\bin\verify.dll
0x00007ffca4170000 - 0x00007ffca41b4000 	C:\Users\PC\AppData\Roaming\Code\User\globalStorage\redhat.java\1.50.0\config_win\org.eclipse.equinox.launcher\org.eclipse.equinox.launcher.win32.win32.x86_64_1.2.1400.v20250801-0854\eclipse_11916.dll
0x00007ffcc8650000 - 0x00007ffcc87e7000 	C:\WINDOWS\System32\ole32.dll
0x00007ffcc6100000 - 0x00007ffcc611b000 	C:\WINDOWS\SYSTEM32\CRYPTSP.dll
0x00007ffcc5830000 - 0x00007ffcc586a000 	C:\WINDOWS\system32\rsaenh.dll
0x00007ffcc5ef0000 - 0x00007ffcc5f1b000 	C:\WINDOWS\SYSTEM32\USERENV.dll
0x00007ffcc6a00000 - 0x00007ffcc6a2a000 	C:\WINDOWS\SYSTEM32\bcrypt.dll
0x00007ffcc6120000 - 0x00007ffcc612c000 	C:\WINDOWS\SYSTEM32\CRYPTBASE.dll
0x00007ffcc5410000 - 0x00007ffcc5444000 	C:\WINDOWS\SYSTEM32\IPHLPAPI.DLL
0x00007ffcc79b0000 - 0x00007ffcc79ba000 	C:\WINDOWS\System32\NSI.dll
0x00007ffc9f8e0000 - 0x00007ffc9f929000 	C:\Users\PC\AppData\Local\Temp\jna-2547\jna14154753775755471116.dll
0x00007ffcc8a50000 - 0x00007ffcc8a58000 	C:\WINDOWS\System32\PSAPI.DLL
0x00007ffcbfc80000 - 0x00007ffcbfc9e000 	C:\WINDOWS\SYSTEM32\dhcpcsvc6.DLL
0x00007ffcbfa10000 - 0x00007ffcbfa33000 	C:\WINDOWS\SYSTEM32\dhcpcsvc.DLL

JVMTI agents:
c:\Users\PC\.vscode\extensions\redhat.java-1.50.0-win32-x64\lombok\lombok-1.18.39-4050.jar path:c:\Users\PC\.vscode\extensions\redhat.java-1.50.0-win32-x64\jre\21.0.9-win32-x86_64\bin\instrument.dll, loaded, initialized, instrumentlib options:none

dbghelp: loaded successfully - version: 4.0.5 - missing functions: none
symbol engine: initialized successfully - sym options: 0x614 - pdb path: .;c:\Users\PC\.vscode\extensions\redhat.java-1.50.0-win32-x64\jre\21.0.9-win32-x86_64\bin;C:\WINDOWS\SYSTEM32;C:\WINDOWS\WinSxS\amd64_microsoft.windows.common-controls_6595b64144ccf1df_6.0.26100.7019_none_3e06ffa0e335b8a8;c:\Users\PC\.vscode\extensions\redhat.java-1.50.0-win32-x64\jre\21.0.9-win32-x86_64\bin\server;C:\Users\PC\AppData\Roaming\Code\User\globalStorage\redhat.java\1.50.0\config_win\org.eclipse.equinox.launcher\org.eclipse.equinox.launcher.win32.win32.x86_64_1.2.1400.v20250801-0854;C:\Users\PC\AppData\Local\Temp\jna-2547

VM Arguments:
jvm_args: --add-modules=ALL-SYSTEM --add-opens=java.base/java.util=ALL-UNNAMED --add-opens=java.base/java.lang=ALL-UNNAMED --add-opens=java.base/sun.nio.fs=ALL-UNNAMED -Declipse.application=org.eclipse.jdt.ls.core.id1 -Dosgi.bundles.defaultStartLevel=4 -Declipse.product=org.eclipse.jdt.ls.core.product -Djava.import.generatesMetadataFilesAtProjectRoot=false -DDetectVMInstallationsJob.disabled=true -Dfile.encoding=utf8 -XX:+UseParallelGC -XX:GCTimeRatio=4 -XX:AdaptiveSizePolicyWeight=90 -Dsun.zip.disableMemoryMapping=true -Xmx2G -Xms100m -Xlog:disable -javaagent:c:\Users\PC\.vscode\extensions\redhat.java-1.50.0-win32-x64\lombok\lombok-1.18.39-4050.jar -XX:+HeapDumpOnOutOfMemoryError -XX:HeapDumpPath=c:\Users\PC\AppData\Roaming\Code\User\workspaceStorage\b8398ec737789522355a1bcf285cffab\redhat.java -Daether.dependencyCollector.impl=bf 
java_command: c:\Users\PC\.vscode\extensions\redhat.java-1.50.0-win32-x64\server\plugins\org.eclipse.equinox.launcher_1.7.100.v20251111-0406.jar -configuration c:\Users\PC\AppData\Roaming\Code\User\globalStorage\redhat.java\1.50.0\config_win -data c:\Users\PC\AppData\Roaming\Code\User\workspaceStorage\b8398ec737789522355a1bcf285cffab\redhat.java\jdt_ws --pipe=\\.\pipe\lsp-f044494fe4c31bd60b008eb453d3a751-sock
java_class_path (initial): c:\Users\PC\.vscode\extensions\redhat.java-1.50.0-win32-x64\server\plugins\org.eclipse.equinox.launcher_1.7.100.v20251111-0406.jar
Launcher Type: SUN_STANDARD

[Global flags]
    uintx AdaptiveSizePolicyWeight                 = 90                                        {product} {command line}
     intx CICompilerCount                          = 4                                         {product} {ergonomic}
    uintx GCTimeRatio                              = 4                                         {product} {command line}
     bool HeapDumpOnOutOfMemoryError               = true                                   {manageable} {command line}
    ccstr HeapDumpPath                             = c:\Users\PC\AppData\Roaming\Code\User\workspaceStorage\b8398ec737789522355a1bcf285cffab\redhat.java         {manageable} {command line}
   size_t InitialHeapSize                          = 104857600                                 {product} {command line}
   size_t MaxHeapSize                              = 2147483648                                {product} {command line}
   size_t MaxNewSize                               = 715653120                                 {product} {ergonomic}
   size_t MinHeapDeltaBytes                        = 524288                                    {product} {ergonomic}
   size_t MinHeapSize                              = 104857600                                 {product} {command line}
   size_t NewSize                                  = 34603008                                  {product} {ergonomic}
    uintx NonNMethodCodeHeapSize                   = 5839372                                {pd product} {ergonomic}
    uintx NonProfiledCodeHeapSize                  = 122909434                              {pd product} {ergonomic}
   size_t OldSize                                  = 70254592                                  {product} {ergonomic}
    uintx ProfiledCodeHeapSize                     = 122909434                              {pd product} {ergonomic}
    uintx ReservedCodeCacheSize                    = 251658240                              {pd product} {ergonomic}
     bool SegmentedCodeCache                       = true                                      {product} {ergonomic}
   size_t SoftMaxHeapSize                          = 2147483648                             {manageable} {ergonomic}
     bool UseCompressedOops                        = true                           {product lp64_product} {ergonomic}
     bool UseLargePagesIndividualAllocation        = false                                  {pd product} {ergonomic}
     bool UseParallelGC                            = true                                      {product} {command line}

Logging:
Log output configuration:
 #0: stdout all=off uptime,level,tags foldmultilines=false
 #1: stderr all=off uptime,level,tags foldmultilines=false

Release file:
JAVA_VERSION="21.0.9" 
MODULES="java.base java.compiler java.datatransfer java.xml java.prefs java.desktop java.instrument java.logging java.management java.security.sasl java.naming java.rmi java.management.rmi java.net.http java.scripting java.security.jgss java.transaction.xa java.sql java.sql.rowset java.xml.crypto java.se java.smartcardio jdk.accessibility jdk.internal.jvmstat jdk.attach jdk.charsets jdk.internal.opt jdk.zipfs jdk.compiler jdk.crypto.ec jdk.crypto.cryptoki jdk.crypto.mscapi jdk.dynalink jdk.internal.ed jdk.editpad jdk.hotspot.agent jdk.httpserver jdk.internal.le jdk.internal.vm.ci jdk.internal.vm.compiler jdk.internal.vm.compiler.management jdk.jartool jdk.javadoc jdk.jcmd jdk.management jdk.management.agent jdk.jconsole jdk.jdeps jdk.jdwp.agent jdk.jdi jdk.jfr jdk.jshell jdk.jsobject jdk.jstatd jdk.localedata jdk.management.jfr jdk.naming.dns jdk.naming.rmi jdk.net jdk.nio.mapmode jdk.random jdk.sctp jdk.security.auth jdk.security.jgss jdk.unsupported jdk.unsupported.desktop jdk.xml.dom" 

Environment Variables:
PATH=C:\Program Files\Python311\Scripts\;C:\Program Files\Python311\;C:\Program Files\Common Files\Oracle\Java\javapath;C:\WINDOWS\system32;C:\WINDOWS;C:\WINDOWS\System32\Wbem;C:\WINDOWS\System32\WindowsPowerShell\v1.0\;C:\WINDOWS\System32\OpenSSH\;C:\Program Files\Java\jdk-11\bin;C:\Program Files\Docker\Docker\resources\bin;C:\Program Files\Git\cmd;C:\Users\PC\AppData\Local\Programs\Python\Python311;C:\Users\PC\AppData\Local\Programs\Python\Python311\Scripts;C:\Program Files\swigwin-4.2.1\swigwin-4.2.1;C:\Users\PC\.mujoco\mujoco210\bin;C:\Program Files (x86)\PuTTY\;C:\Program Files\nodejs\;C:\Users\PC\anaconda3;C:\Users\PC\anaconda3\Library\mingw-w64\bin;C:\Users\PC\anaconda3\Library\usr\bin;C:\Users\PC\anaconda3\Library\bin;C:\Users\PC\anaconda3\Scripts;C:\Program Files\MySQL\MySQL Shell 8.0\bin\;C:\Users\PC\AppData\Local\Microsoft\WindowsApps;C:\Users\PC\AppData\Local\Programs\Microsoft VS Code\bin;C:\Program Files\JetBrains\IntelliJ IDEA 2024.2.1\bin;;C:\Users\PC\.mujoco\mujoco210\bin;C:\Users\PC\AppData\Roaming\npm
USERNAME=PC
OS=Windows_NT
PROCESSOR_IDENTIFIER=Intel64 Family 6 Model 154 Stepping 4, GenuineIntel
TMP=C:\Users\PC\AppData\Local\Temp
TEMP=C:\Users\PC\AppData\Local\Temp




Periodic native trim disabled

---------------  S Y S T E M  ---------------

OS:
 Windows 11 , 64 bit Build 26100 (10.0.26100.7019)
OS uptime: 0 days 6:17 hours
Hyper-V role detected

CPU: total 12 (initial active 12) (6 cores per cpu, 2 threads per core) family 6 model 154 stepping 4 microcode 0x423, cx8, cmov, fxsr, ht, mmx, 3dnowpref, sse, sse2, sse3, ssse3, sse4.1, sse4.2, popcnt, lzcnt, tsc, tscinvbit, avx, avx2, aes, erms, clmul, bmi1, bmi2, adx, sha, fma, vzeroupper, clflush, clflushopt, clwb, hv, serialize, rdtscp, rdpid, fsrm, f16c, cet_ibt, cet_ss
Processor Information for the first 12 processors :
  Max Mhz: 1300, Current Mhz: 1300, Mhz Limit: 1300

Memory: 4k page, system-wide physical 16098M (977M free)
TotalPageFile size 18146M (AvailPageFile size 10M)
current process WorkingSet (physical memory assigned to process): 705M, peak: 705M
current process commit charge ("private bytes"): 668M, peak: 669M

vm_info: OpenJDK 64-Bit Server VM (21.0.9+10-LTS) for windows-amd64 JRE (21.0.9+10-LTS), built on 2025-10-21T00:00:00Z by "admin" with unknown MS VC++:1942

END.
