#
# There is insufficient memory for the Java Runtime Environment to continue.
# Native memory allocation (malloc) failed to allocate 171776 bytes. Error detail: Chunk::new
# Possible reasons:
#   The system is out of physical RAM or swap space
#   This process is running with CompressedOops enabled, and the Java Heap may be blocking the growth of the native heap
# Possible solutions:
#   Reduce memory load on the system
#   Increase physical memory or swap space
#   Check if swap backing store is full
#   Decrease Java heap size (-Xmx/-Xms)
#   Decrease number of Java threads
#   Decrease Java thread stack sizes (-Xss)
#   Set larger code cache with -XX:ReservedCodeCacheSize=
#   JVM is running with Unscaled Compressed Oops mode in which the Java heap is
#     placed in the first 4GB address space. The Java Heap base address is the
#     maximum limit for the native heap growth. Please use -XX:HeapBaseMinAddress
#     to set the Java Heap base and to place the Java Heap above 4GB virtual address.
# This output file may be truncated or incomplete.
#
#  Out of Memory Error (arena.cpp:168), pid=9948, tid=12180
#
# JRE version: OpenJDK Runtime Environment Temurin-21.0.9+10 (21.0.9+10) (build 21.0.9+10-LTS)
# Java VM: OpenJDK 64-Bit Server VM Temurin-21.0.9+10 (21.0.9+10-LTS, mixed mode, sharing, tiered, compressed oops, compressed class ptrs, parallel gc, windows-amd64)
# No core dump will be written. Minidumps are not enabled by default on client versions of Windows
#

---------------  S U M M A R Y ------------

Command Line: --add-modules=ALL-SYSTEM --add-opens=java.base/java.util=ALL-UNNAMED --add-opens=java.base/java.lang=ALL-UNNAMED --add-opens=java.base/sun.nio.fs=ALL-UNNAMED -Declipse.application=org.eclipse.jdt.ls.core.id1 -Dosgi.bundles.defaultStartLevel=4 -Declipse.product=org.eclipse.jdt.ls.core.product -Djava.import.generatesMetadataFilesAtProjectRoot=false -DDetectVMInstallationsJob.disabled=true -Dfile.encoding=utf8 -XX:+UseParallelGC -XX:GCTimeRatio=4 -XX:AdaptiveSizePolicyWeight=90 -Dsun.zip.disableMemoryMapping=true -Xmx2G -Xms100m -Xlog:disable -javaagent:c:\Users\PC\.vscode\extensions\redhat.java-1.50.0-win32-x64\lombok\lombok-1.18.39-4050.jar c:\Users\PC\.vscode\extensions\redhat.java-1.50.0-win32-x64\server\plugins\org.eclipse.equinox.launcher_1.7.100.v20251111-0406.jar -configuration c:\Users\PC\AppData\Roaming\Code\User\globalStorage\redhat.java\1.50.0\config_ss_win -data c:\Users\PC\AppData\Roaming\Code\User\workspaceStorage\b8398ec737789522355a1bcf285cffab\redhat.java\ss_ws --pipe=\\.\pipe\lsp-50ae20a2358499978152d46d8cd0ad0f-sock

Host: 12th Gen Intel(R) Core(TM) i5-1235U, 12 cores, 15G,  Windows 11 , 64 bit Build 26100 (10.0.26100.7019)
Time: Wed Dec 10 11:21:26 2025 elapsed time: 4.977441 seconds (0d 0h 0m 4s)

---------------  T H R E A D  ---------------

Current thread (0x000002ca0f20dd40):  JavaThread "C2 CompilerThread1" daemon [_thread_in_native, id=12180, stack(0x000000cc43b00000,0x000000cc43c00000) (1024K)]


Current CompileTask:
C2:4978 1944   !   4       java.io.BufferedInputStream::read (69 bytes)

Stack: [0x000000cc43b00000,0x000000cc43c00000]
Native frames: (J=compiled Java code, j=interpreted, Vv=VM code, C=native code)
V  [jvm.dll+0x6d6e29]
V  [jvm.dll+0x8b4b76]
V  [jvm.dll+0x8b712e]
V  [jvm.dll+0x8b7813]
V  [jvm.dll+0x283d86]
V  [jvm.dll+0xc66ed]
V  [jvm.dll+0xc6c31]
V  [jvm.dll+0x2facee]
V  [jvm.dll+0x5fde44]
V  [jvm.dll+0x255557]
V  [jvm.dll+0x24d64b]
V  [jvm.dll+0x24b482]
V  [jvm.dll+0x1cb13e]
V  [jvm.dll+0x25b29d]
V  [jvm.dll+0x25982a]
V  [jvm.dll+0x3f7ea6]
V  [jvm.dll+0x85e9ad]
V  [jvm.dll+0x6d565d]
C  [ucrtbase.dll+0x37b0]
C  [KERNEL32.DLL+0x2e8d7]
C  [ntdll.dll+0x8c53c]


---------------  P R O C E S S  ---------------

Threads class SMR info:
_java_thread_list=0x000002ca0fe412a0, length=16, elements={
0x000002c9af5dcb20, 0x000002ca0f0080b0, 0x000002ca0f00c0a0, 0x000002ca0f00f980,
0x000002ca0f012800, 0x000002ca0f015f30, 0x000002ca0f0165c0, 0x000002ca0f02e380,
0x000002ca0f02eff0, 0x000002ca0f20dd40, 0x000002ca0f016c50, 0x000002ca0f0172e0,
0x000002ca0f018000, 0x000002ca0f017970, 0x000002ca0f018690, 0x000002ca0f018d20
}

Java Threads: ( => current thread )
  0x000002c9af5dcb20 JavaThread "main"                              [_thread_blocked, id=17332, stack(0x000000cc42f00000,0x000000cc43000000) (1024K)]
  0x000002ca0f0080b0 JavaThread "Reference Handler"          daemon [_thread_blocked, id=18288, stack(0x000000cc43300000,0x000000cc43400000) (1024K)]
  0x000002ca0f00c0a0 JavaThread "Finalizer"                  daemon [_thread_blocked, id=2424, stack(0x000000cc43400000,0x000000cc43500000) (1024K)]
  0x000002ca0f00f980 JavaThread "Signal Dispatcher"          daemon [_thread_blocked, id=3328, stack(0x000000cc43500000,0x000000cc43600000) (1024K)]
  0x000002ca0f012800 JavaThread "Attach Listener"            daemon [_thread_blocked, id=10328, stack(0x000000cc43600000,0x000000cc43700000) (1024K)]
  0x000002ca0f015f30 JavaThread "Service Thread"             daemon [_thread_blocked, id=10204, stack(0x000000cc43700000,0x000000cc43800000) (1024K)]
  0x000002ca0f0165c0 JavaThread "Monitor Deflation Thread"   daemon [_thread_blocked, id=1888, stack(0x000000cc43800000,0x000000cc43900000) (1024K)]
  0x000002ca0f02e380 JavaThread "C2 CompilerThread0"         daemon [_thread_in_native, id=18296, stack(0x000000cc43900000,0x000000cc43a00000) (1024K)]
  0x000002ca0f02eff0 JavaThread "C1 CompilerThread0"         daemon [_thread_blocked, id=18320, stack(0x000000cc43a00000,0x000000cc43b00000) (1024K)]
=>0x000002ca0f20dd40 JavaThread "C2 CompilerThread1"         daemon [_thread_in_native, id=12180, stack(0x000000cc43b00000,0x000000cc43c00000) (1024K)]
  0x000002ca0f016c50 JavaThread "Common-Cleaner"             daemon [_thread_blocked, id=13272, stack(0x000000cc43c00000,0x000000cc43d00000) (1024K)]
  0x000002ca0f0172e0 JavaThread "Notification Thread"        daemon [_thread_blocked, id=15440, stack(0x000000cc43d00000,0x000000cc43e00000) (1024K)]
  0x000002ca0f018000 JavaThread "Active Thread: Equinox Container: 856be65d-b4f1-4fec-aefc-e62af09dfa2d"        [_thread_blocked, id=16888, stack(0x000000cc44500000,0x000000cc44600000) (1024K)]
  0x000002ca0f017970 JavaThread "Framework Event Dispatcher: Equinox Container: 856be65d-b4f1-4fec-aefc-e62af09dfa2d" daemon [_thread_blocked, id=5060, stack(0x000000cc44600000,0x000000cc44700000) (1024K)]
  0x000002ca0f018690 JavaThread "Start Level: Equinox Container: 856be65d-b4f1-4fec-aefc-e62af09dfa2d" daemon [_thread_in_vm, id=15804, stack(0x000000cc44700000,0x000000cc44800000) (1024K)]
  0x000002ca0f018d20 JavaThread "SCR Component Actor"        daemon [_thread_blocked, id=17440, stack(0x000000cc43e00000,0x000000cc43f00000) (1024K)]
Total: 16

Other Threads:
  0x000002c9af69e910 VMThread "VM Thread"                           [id=17608, stack(0x000000cc43200000,0x000000cc43300000) (1024K)]
  0x000002c9c7b2ba00 WatcherThread "VM Periodic Task Thread"        [id=2784, stack(0x000000cc43100000,0x000000cc43200000) (1024K)]
  0x000002c9af5fcea0 WorkerThread "GC Thread#0"                     [id=4068, stack(0x000000cc43000000,0x000000cc43100000) (1024K)]
  0x000002ca0fa9f040 WorkerThread "GC Thread#1"                     [id=14744, stack(0x000000cc43f00000,0x000000cc44000000) (1024K)]
  0x000002ca0fa834e0 WorkerThread "GC Thread#2"                     [id=16252, stack(0x000000cc44000000,0x000000cc44100000) (1024K)]
  0x000002ca0fd90050 WorkerThread "GC Thread#3"                     [id=2316, stack(0x000000cc44100000,0x000000cc44200000) (1024K)]
  0x000002ca0fd903f0 WorkerThread "GC Thread#4"                     [id=17192, stack(0x000000cc44200000,0x000000cc44300000) (1024K)]
  0x000002ca0fd90790 WorkerThread "GC Thread#5"                     [id=17628, stack(0x000000cc44300000,0x000000cc44400000) (1024K)]
  0x000002ca0fd90b30 WorkerThread "GC Thread#6"                     [id=17064, stack(0x000000cc44400000,0x000000cc44500000) (1024K)]
  0x000002ca0fe6a2f0 WorkerThread "GC Thread#7"                     [id=14016, stack(0x000000cc44800000,0x000000cc44900000) (1024K)]
Total: 10

Threads with active compile tasks:
C2 CompilerThread0  7015 1945       4       java.io.DataInputStream::readFully (59 bytes)
C1 CompilerThread0  7015 1965   !   3       org.eclipse.osgi.internal.loader.BundleLoader::findLocalClass (159 bytes)
C2 CompilerThread1  7015 1944   !   4       java.io.BufferedInputStream::read (69 bytes)
Total: 3

VM state: not at safepoint (normal execution)

VM Mutex/Monitor currently owned by a thread: None

Heap address: 0x0000000080000000, size: 2048 MB, Compressed Oops mode: 32-bit

CDS archive(s) mapped at: [0x000002c9c8000000-0x000002c9c8ba0000-0x000002c9c8ba0000), size 12189696, SharedBaseAddress: 0x000002c9c8000000, ArchiveRelocationMode: 1.
Compressed class space mapped at: 0x000002c9c9000000-0x000002ca09000000, reserved size: 1073741824
Narrow klass base: 0x000002c9c8000000, Narrow klass shift: 0, Narrow klass range: 0x100000000

GC Precious Log:
 CardTable entry size: 512
 CPUs: 12 total, 12 available
 Memory: 16098M
 Large Page Support: Disabled
 NUMA Support: Disabled
 Compressed Oops: Enabled (32-bit)
 Alignments: Space 512K, Generation 512K, Heap 2M
 Heap Min Capacity: 100M
 Heap Initial Capacity: 100M
 Heap Max Capacity: 2G
 Pre-touch: Disabled
 Parallel Workers: 10

Heap:
 PSYoungGen      total 29696K, used 16418K [0x00000000d5580000, 0x00000000d7680000, 0x0000000100000000)
  eden space 25600K, 48% used [0x00000000d5580000,0x00000000d618b208,0x00000000d6e80000)
  from space 4096K, 99% used [0x00000000d7280000,0x00000000d767d608,0x00000000d7680000)
  to   space 4096K, 0% used [0x00000000d6e80000,0x00000000d6e80000,0x00000000d7280000)
 ParOldGen       total 68608K, used 1063K [0x0000000080000000, 0x0000000084300000, 0x00000000d5580000)
  object space 68608K, 1% used [0x0000000080000000,0x0000000080109eb8,0x0000000084300000)
 Metaspace       used 10738K, committed 11072K, reserved 1114112K
  class space    used 1161K, committed 1280K, reserved 1048576K

Card table byte_map: [0x000002c9c2f90000,0x000002c9c33a0000] _byte_map_base: 0x000002c9c2b90000

Marking Bits: (ParMarkBitMap*) 0x00007ffc62472460
 Begin Bits: [0x000002c9c3650000, 0x000002c9c5650000)
 End Bits:   [0x000002c9c5650000, 0x000002c9c7650000)

Polling page: 0x000002c9af330000

Metaspace:

Usage:
  Non-class:      9.35 MB used.
      Class:      1.13 MB used.
       Both:     10.49 MB used.

Virtual space:
  Non-class space:       64.00 MB reserved,       9.56 MB ( 15%) committed,  1 nodes.
      Class space:        1.00 GB reserved,       1.25 MB ( <1%) committed,  1 nodes.
             Both:        1.06 GB reserved,      10.81 MB ( <1%) committed. 

Chunk freelists:
   Non-Class:  6.01 MB
       Class:  14.68 MB
        Both:  20.70 MB

MaxMetaspaceSize: unlimited
CompressedClassSpaceSize: 1.00 GB
Initial GC threshold: 21.00 MB
Current GC threshold: 21.00 MB
CDS: on
 - commit_granule_bytes: 65536.
 - commit_granule_words: 8192.
 - virtual_space_node_default_size: 8388608.
 - enlarge_chunks_in_place: 1.
 - use_allocation_guard: 0.


Internal statistics:

num_allocs_failed_limit: 0.
num_arena_births: 252.
num_arena_deaths: 0.
num_vsnodes_births: 2.
num_vsnodes_deaths: 0.
num_space_committed: 174.
num_space_uncommitted: 0.
num_chunks_returned_to_freelist: 0.
num_chunks_taken_from_freelist: 547.
num_chunk_merges: 0.
num_chunk_splits: 354.
num_chunks_enlarged: 244.
num_inconsistent_stats: 0.

CodeHeap 'non-profiled nmethods': size=120000Kb used=820Kb max_used=820Kb free=119179Kb
 bounds [0x000002c9bb880000, 0x000002c9bbaf0000, 0x000002c9c2db0000]
CodeHeap 'profiled nmethods': size=120000Kb used=3532Kb max_used=3532Kb free=116467Kb
 bounds [0x000002c9b3db0000, 0x000002c9b4130000, 0x000002c9bb2e0000]
CodeHeap 'non-nmethods': size=5760Kb used=1225Kb max_used=1248Kb free=4534Kb
 bounds [0x000002c9bb2e0000, 0x000002c9bb550000, 0x000002c9bb880000]
CodeCache: size=245760Kb, used=5577Kb, max_used=5600Kb, free=240180Kb
 total_blobs=2453, nmethods=1958, adapters=402, full_count=0
Compilation: enabled, stopped_count=0, restarted_count=0

Compilation events (20 events):
Event: 2.936 Thread 0x000002ca0f02eff0 1934       3       java.io.DataInputStream::readLong (20 bytes)
Event: 2.937 Thread 0x000002ca0f02eff0 nmethod 1934 0x000002c9b410a190 code [0x000002c9b410a3a0, 0x000002c9b410a9b0]
Event: 2.937 Thread 0x000002ca0f02eff0 1939       3       jdk.internal.misc.Unsafe::getLongUnaligned (12 bytes)
Event: 2.937 Thread 0x000002ca0f02eff0 nmethod 1939 0x000002c9b410ac90 code [0x000002c9b410ae40, 0x000002c9b410b020]
Event: 2.937 Thread 0x000002ca0f02eff0 1935       3       jdk.internal.util.ByteArray::getLong (9 bytes)
Event: 2.937 Thread 0x000002ca0f02eff0 nmethod 1935 0x000002c9b410b110 code [0x000002c9b410b300, 0x000002c9b410b830]
Event: 2.937 Thread 0x000002ca0f02eff0 1936       3       java.lang.invoke.VarHandleGuards::guard_LI_J (78 bytes)
Event: 2.939 Thread 0x000002ca0f02eff0 nmethod 1936 0x000002c9b410ba90 code [0x000002c9b410bdc0, 0x000002c9b410d590]
Event: 2.939 Thread 0x000002ca0f02eff0 1937       3       java.lang.invoke.VarHandleByteArrayAsLongs$ArrayHandle::get (36 bytes)
Event: 2.939 Thread 0x000002ca0f02eff0 nmethod 1937 0x000002c9b410dc90 code [0x000002c9b410de60, 0x000002c9b410e238]
Event: 2.939 Thread 0x000002ca0f02eff0 1938       3       java.lang.invoke.VarHandleByteArrayAsLongs$ArrayHandle::index (13 bytes)
Event: 2.939 Thread 0x000002ca0f02eff0 nmethod 1938 0x000002c9b410e410 code [0x000002c9b410e5c0, 0x000002c9b410e708]
Event: 2.940 Thread 0x000002ca0f02eff0 1942       3       sun.invoke.util.Wrapper::isDoubleWord (15 bytes)
Event: 2.941 Thread 0x000002ca0f02eff0 nmethod 1942 0x000002c9b410e810 code [0x000002c9b410e9a0, 0x000002c9b410eb08]
Event: 2.950 Thread 0x000002ca0f02e380 1945       4       java.io.DataInputStream::readFully (59 bytes)
Event: 2.950 Thread 0x000002ca0f20dd40 1944   !   4       java.io.BufferedInputStream::read (69 bytes)
Event: 4.616 Thread 0x000002ca0f02eff0 1950       3       java.util.concurrent.Semaphore$NonfairSync::tryAcquireShared (6 bytes)
Event: 4.617 Thread 0x000002ca0f02eff0 nmethod 1950 0x000002c9b410eb90 code [0x000002c9b410ed40, 0x000002c9b410ee78]
Event: 4.617 Thread 0x000002ca0f02eff0 1951       3       java.util.concurrent.Semaphore$Sync::nonfairTryAcquireShared (27 bytes)
Event: 4.617 Thread 0x000002ca0f02eff0 nmethod 1951 0x000002c9b410ef10 code [0x000002c9b410f0c0, 0x000002c9b410f310]

GC Heap History (4 events):
Event: 0.929 GC heap before
{Heap before GC invocations=1 (full 0):
 PSYoungGen      total 29696K, used 25600K [0x00000000d5580000, 0x00000000d7680000, 0x0000000100000000)
  eden space 25600K, 100% used [0x00000000d5580000,0x00000000d6e80000,0x00000000d6e80000)
  from space 4096K, 0% used [0x00000000d7280000,0x00000000d7280000,0x00000000d7680000)
  to   space 4096K, 0% used [0x00000000d6e80000,0x00000000d6e80000,0x00000000d7280000)
 ParOldGen       total 68608K, used 0K [0x0000000080000000, 0x0000000084300000, 0x00000000d5580000)
  object space 68608K, 0% used [0x0000000080000000,0x0000000080000000,0x0000000084300000)
 Metaspace       used 4313K, committed 4608K, reserved 1114112K
  class space    used 474K, committed 576K, reserved 1048576K
}
Event: 0.935 GC heap after
{Heap after GC invocations=1 (full 0):
 PSYoungGen      total 29696K, used 3473K [0x00000000d5580000, 0x00000000d7680000, 0x0000000100000000)
  eden space 25600K, 0% used [0x00000000d5580000,0x00000000d5580000,0x00000000d6e80000)
  from space 4096K, 84% used [0x00000000d6e80000,0x00000000d71e44a8,0x00000000d7280000)
  to   space 4096K, 0% used [0x00000000d7280000,0x00000000d7280000,0x00000000d7680000)
 ParOldGen       total 68608K, used 16K [0x0000000080000000, 0x0000000084300000, 0x00000000d5580000)
  object space 68608K, 0% used [0x0000000080000000,0x0000000080004000,0x0000000084300000)
 Metaspace       used 4313K, committed 4608K, reserved 1114112K
  class space    used 474K, committed 576K, reserved 1048576K
}
Event: 2.677 GC heap before
{Heap before GC invocations=2 (full 0):
 PSYoungGen      total 29696K, used 29073K [0x00000000d5580000, 0x00000000d7680000, 0x0000000100000000)
  eden space 25600K, 100% used [0x00000000d5580000,0x00000000d6e80000,0x00000000d6e80000)
  from space 4096K, 84% used [0x00000000d6e80000,0x00000000d71e44a8,0x00000000d7280000)
  to   space 4096K, 0% used [0x00000000d7280000,0x00000000d7280000,0x00000000d7680000)
 ParOldGen       total 68608K, used 16K [0x0000000080000000, 0x0000000084300000, 0x00000000d5580000)
  object space 68608K, 0% used [0x0000000080000000,0x0000000080004000,0x0000000084300000)
 Metaspace       used 8259K, committed 8576K, reserved 1114112K
  class space    used 882K, committed 1024K, reserved 1048576K
}
Event: 2.682 GC heap after
{Heap after GC invocations=2 (full 0):
 PSYoungGen      total 29696K, used 4085K [0x00000000d5580000, 0x00000000d7680000, 0x0000000100000000)
  eden space 25600K, 0% used [0x00000000d5580000,0x00000000d5580000,0x00000000d6e80000)
  from space 4096K, 99% used [0x00000000d7280000,0x00000000d767d608,0x00000000d7680000)
  to   space 4096K, 0% used [0x00000000d6e80000,0x00000000d6e80000,0x00000000d7280000)
 ParOldGen       total 68608K, used 1063K [0x0000000080000000, 0x0000000084300000, 0x00000000d5580000)
  object space 68608K, 1% used [0x0000000080000000,0x0000000080109eb8,0x0000000084300000)
 Metaspace       used 8259K, committed 8576K, reserved 1114112K
  class space    used 882K, committed 1024K, reserved 1048576K
}

Dll operation events (9 events):
Event: 0.015 Loaded shared library c:\Users\PC\.vscode\extensions\redhat.java-1.50.0-win32-x64\jre\21.0.9-win32-x86_64\bin\java.dll
Event: 0.043 Loaded shared library c:\Users\PC\.vscode\extensions\redhat.java-1.50.0-win32-x64\jre\21.0.9-win32-x86_64\bin\zip.dll
Event: 0.120 Loaded shared library C:\Users\PC\.vscode\extensions\redhat.java-1.50.0-win32-x64\jre\21.0.9-win32-x86_64\bin\instrument.dll
Event: 0.125 Loaded shared library C:\Users\PC\.vscode\extensions\redhat.java-1.50.0-win32-x64\jre\21.0.9-win32-x86_64\bin\net.dll
Event: 0.128 Loaded shared library C:\Users\PC\.vscode\extensions\redhat.java-1.50.0-win32-x64\jre\21.0.9-win32-x86_64\bin\nio.dll
Event: 0.132 Loaded shared library C:\Users\PC\.vscode\extensions\redhat.java-1.50.0-win32-x64\jre\21.0.9-win32-x86_64\bin\zip.dll
Event: 0.156 Loaded shared library C:\Users\PC\.vscode\extensions\redhat.java-1.50.0-win32-x64\jre\21.0.9-win32-x86_64\bin\jimage.dll
Event: 0.261 Loaded shared library c:\Users\PC\.vscode\extensions\redhat.java-1.50.0-win32-x64\jre\21.0.9-win32-x86_64\bin\verify.dll
Event: 2.641 Loaded shared library C:\Users\PC\AppData\Roaming\Code\User\globalStorage\redhat.java\1.50.0\config_ss_win\org.eclipse.equinox.launcher\org.eclipse.equinox.launcher.win32.win32.x86_64_1.2.1400.v20250801-0854\eclipse_11916.dll

Deoptimization events (20 events):
Event: 2.700 Thread 0x000002ca0f018690 Uncommon trap: trap_request=0xffffffbe fr.pc=0x000002c9bb915c60 relative=0x00000000000014a0
Event: 2.700 Thread 0x000002ca0f018690 Uncommon trap: reason=profile_predicate action=maybe_recompile pc=0x000002c9bb915c60 method=jdk.internal.jimage.ImageStringsReader.stringFromByteBufferMatches(Ljava/nio/ByteBuffer;ILjava/lang/String;I)I @ 19 c2
Event: 2.700 Thread 0x000002ca0f018690 DEOPT PACKING pc=0x000002c9bb915c60 sp=0x000000cc447fd5e0
Event: 2.700 Thread 0x000002ca0f018690 DEOPT UNPACKING pc=0x000002c9bb333aa2 sp=0x000000cc447fd308 mode 2
Event: 2.700 Thread 0x000002ca0f018690 Uncommon trap: trap_request=0xffffffbe fr.pc=0x000002c9bb915c60 relative=0x00000000000014a0
Event: 2.700 Thread 0x000002ca0f018690 Uncommon trap: reason=profile_predicate action=maybe_recompile pc=0x000002c9bb915c60 method=jdk.internal.jimage.ImageStringsReader.stringFromByteBufferMatches(Ljava/nio/ByteBuffer;ILjava/lang/String;I)I @ 19 c2
Event: 2.700 Thread 0x000002ca0f018690 DEOPT PACKING pc=0x000002c9bb915c60 sp=0x000000cc447fd5e0
Event: 2.700 Thread 0x000002ca0f018690 DEOPT UNPACKING pc=0x000002c9bb333aa2 sp=0x000000cc447fd308 mode 2
Event: 2.886 Thread 0x000002ca0f018690 Uncommon trap: trap_request=0xffffff45 fr.pc=0x000002c9bb927fa0 relative=0x00000000000009c0
Event: 2.886 Thread 0x000002ca0f018690 Uncommon trap: reason=unstable_if action=reinterpret pc=0x000002c9bb927fa0 method=java.util.concurrent.ConcurrentHashMap.putVal(Ljava/lang/Object;Ljava/lang/Object;Z)Ljava/lang/Object; @ 148 c2
Event: 2.886 Thread 0x000002ca0f018690 DEOPT PACKING pc=0x000002c9bb927fa0 sp=0x000000cc447f9050
Event: 2.886 Thread 0x000002ca0f018690 DEOPT UNPACKING pc=0x000002c9bb333aa2 sp=0x000000cc447f8fc0 mode 2
Event: 2.896 Thread 0x000002ca0f018690 Uncommon trap: trap_request=0xffffff45 fr.pc=0x000002c9bb93bad8 relative=0x0000000000001578
Event: 2.896 Thread 0x000002ca0f018690 Uncommon trap: reason=unstable_if action=reinterpret pc=0x000002c9bb93bad8 method=java.io.WinNTFileSystem.normalize(Ljava/lang/String;II)Ljava/lang/String; @ 100 c2
Event: 2.896 Thread 0x000002ca0f018690 DEOPT PACKING pc=0x000002c9bb93bad8 sp=0x000000cc447f9370
Event: 2.896 Thread 0x000002ca0f018690 DEOPT UNPACKING pc=0x000002c9bb333aa2 sp=0x000000cc447f92c0 mode 2
Event: 2.931 Thread 0x000002ca0f018690 Uncommon trap: trap_request=0xffffff45 fr.pc=0x000002c9bb8ffb34 relative=0x0000000000000094
Event: 2.931 Thread 0x000002ca0f018690 Uncommon trap: reason=unstable_if action=reinterpret pc=0x000002c9bb8ffb34 method=java.io.BufferedInputStream.getBufIfOpen(Z)[B @ 13 c2
Event: 2.931 Thread 0x000002ca0f018690 DEOPT PACKING pc=0x000002c9bb8ffb34 sp=0x000000cc447f8c60
Event: 2.931 Thread 0x000002ca0f018690 DEOPT UNPACKING pc=0x000002c9bb333aa2 sp=0x000000cc447f8be0 mode 2

Classes loaded (20 events):
Event: 2.926 Loading class java/lang/CloneNotSupportedException
Event: 2.926 Loading class java/lang/CloneNotSupportedException done
Event: 2.939 Loading class java/util/stream/ReferencePipeline$5
Event: 2.939 Loading class java/util/stream/LongPipeline$StatelessOp
Event: 2.939 Loading class java/util/stream/LongPipeline
Event: 2.939 Loading class java/util/stream/LongStream
Event: 2.940 Loading class java/util/stream/LongStream done
Event: 2.940 Loading class java/util/stream/LongPipeline done
Event: 2.940 Loading class java/util/stream/LongPipeline$StatelessOp done
Event: 2.940 Loading class java/util/stream/ReferencePipeline$5 done
Event: 2.940 Loading class java/util/function/LongBinaryOperator
Event: 2.940 Loading class java/util/function/LongBinaryOperator done
Event: 2.941 Loading class java/util/stream/ReduceOps$10
Event: 2.941 Loading class java/util/stream/ReduceOps$10 done
Event: 2.941 Loading class java/util/stream/ReduceOps$8ReducingSink
Event: 2.941 Loading class java/util/stream/Sink$OfLong
Event: 2.941 Loading class java/util/stream/Sink$OfLong done
Event: 2.941 Loading class java/util/stream/ReduceOps$8ReducingSink done
Event: 2.941 Loading class java/util/stream/ReferencePipeline$5$1
Event: 2.942 Loading class java/util/stream/ReferencePipeline$5$1 done

Classes unloaded (0 events):
No events

Classes redefined (0 events):
No events

Internal exceptions (20 events):
Event: 0.944 Thread 0x000002c9af5dcb20 Exception <a 'java/lang/ClassNotFoundException'{0x00000000d55b3590}: sun/net/www/protocol/c/Handler> (0x00000000d55b3590) 
thrown [s\src\hotspot\share\classfile\systemDictionary.cpp, line 312]
Event: 0.957 Thread 0x000002c9af5dcb20 Exception <a 'java/io/FileNotFoundException'{0x00000000d55d7f00}> (0x00000000d55d7f00) 
thrown [s\src\hotspot\share\prims\jni.cpp, line 520]
Event: 1.005 Thread 0x000002c9af5dcb20 Implicit null exception at 0x000002c9bb8de749 to 0x000002c9bb8df0a4
Event: 1.005 Thread 0x000002c9af5dcb20 Implicit null exception at 0x000002c9bb8e341a to 0x000002c9bb8e3620
Event: 1.006 Thread 0x000002c9af5dcb20 Exception <a 'java/lang/NoSuchMethodError'{0x00000000d5747b40}: 'void java.lang.invoke.DirectMethodHandle$Holder.invokeStatic(java.lang.Object, java.lang.Object, java.lang.Object, java.lang.Object)'> (0x00000000d5747b40) 
thrown [s\src\hotspot\share\interpreter\linkResolver.cpp, line 773]
Event: 1.008 Thread 0x000002c9af5dcb20 Implicit null exception at 0x000002c9bb8e5e9a to 0x000002c9bb8e60a4
Event: 1.009 Thread 0x000002c9af5dcb20 Implicit null exception at 0x000002c9bb8dfabd to 0x000002c9bb8dfb41
Event: 1.110 Thread 0x000002c9af5dcb20 Exception <a 'java/lang/NoSuchMethodError'{0x00000000d59bd508}: 'void java.lang.invoke.DirectMethodHandle$Holder.invokeSpecial(java.lang.Object, java.lang.Object, java.lang.Object)'> (0x00000000d59bd508) 
thrown [s\src\hotspot\share\interpreter\linkResolver.cpp, line 773]
Event: 2.354 Thread 0x000002c9af5dcb20 Exception <a 'java/lang/NoSuchMethodError'{0x00000000d6271ab0}: 'int java.lang.invoke.DirectMethodHandle$Holder.invokeVirtual(java.lang.Object, java.lang.Object)'> (0x00000000d6271ab0) 
thrown [s\src\hotspot\share\interpreter\linkResolver.cpp, line 773]
Event: 2.399 Thread 0x000002c9af5dcb20 Exception <a 'java/lang/NoSuchMethodError'{0x00000000d63e7a28}: 'int java.lang.invoke.DirectMethodHandle$Holder.invokeStaticInit(java.lang.Object, java.lang.Object, java.lang.Object, java.lang.Object)'> (0x00000000d63e7a28) 
thrown [s\src\hotspot\share\interpreter\linkResolver.cpp, line 773]
Event: 2.400 Thread 0x000002c9af5dcb20 Exception <a 'java/lang/IncompatibleClassChangeError'{0x00000000d63efe30}: Found class java.lang.Object, but interface was expected> (0x00000000d63efe30) 
thrown [s\src\hotspot\share\interpreter\linkResolver.cpp, line 840]
Event: 2.401 Thread 0x000002c9af5dcb20 Exception <a 'java/lang/NoSuchMethodError'{0x00000000d63f63e0}: 'void java.lang.invoke.DirectMethodHandle$Holder.invokeStaticInit(java.lang.Object, java.lang.Object)'> (0x00000000d63f63e0) 
thrown [s\src\hotspot\share\interpreter\linkResolver.cpp, line 773]
Event: 2.402 Thread 0x000002c9af5dcb20 Exception <a 'java/lang/NoSuchMethodError'{0x00000000d63ff578}: 'int java.lang.invoke.DirectMethodHandle$Holder.invokeStaticInit(java.lang.Object, java.lang.Object)'> (0x00000000d63ff578) 
thrown [s\src\hotspot\share\interpreter\linkResolver.cpp, line 773]
Event: 2.453 Thread 0x000002c9af5dcb20 Exception <a 'java/lang/NoSuchMethodError'{0x00000000d66472a8}: 'java.lang.Object java.lang.invoke.DirectMethodHandle$Holder.newInvokeSpecial(java.lang.Object, int, java.lang.Object)'> (0x00000000d66472a8) 
thrown [s\src\hotspot\share\interpreter\linkResolver.cpp, line 773]
Event: 2.500 Thread 0x000002c9af5dcb20 Exception <a 'java/lang/ClassNotFoundException'{0x00000000d685e150}: sun/net/www/protocol/plurl/Handler> (0x00000000d685e150) 
thrown [s\src\hotspot\share\classfile\systemDictionary.cpp, line 312]
Event: 2.500 Thread 0x000002c9af5dcb20 Exception <a 'java/lang/ClassNotFoundException'{0x00000000d685efd0}: sun/net/www/protocol/plurl/Handler> (0x00000000d685efd0) 
thrown [s\src\hotspot\share\classfile\systemDictionary.cpp, line 312]
Event: 2.632 Thread 0x000002c9af5dcb20 Exception <a 'java/lang/UnsatisfiedLinkError'{0x00000000d6c88018}: 'void org.eclipse.equinox.launcher.JNIBridge._update_splash()'> (0x00000000d6c88018) 
thrown [s\src\hotspot\share\prims\nativeLookup.cpp, line 415]
Event: 2.729 Thread 0x000002ca0f018690 Exception <a 'java/lang/NullPointerException'{0x00000000d5790348}> (0x00000000d5790348) 
thrown [s\src\hotspot\share\interpreter\linkResolver.cpp, line 1372]
Event: 2.729 Thread 0x000002ca0f018690 Exception <a 'java/lang/NullPointerException'{0x00000000d5790628}> (0x00000000d5790628) 
thrown [s\src\hotspot\share\interpreter\linkResolver.cpp, line 1372]
Event: 2.938 Thread 0x000002ca0f018690 Exception <a 'java/lang/NoSuchMethodError'{0x00000000d6086a88}: 'long java.lang.invoke.DirectMethodHandle$Holder.invokeSpecial(java.lang.Object, java.lang.Object)'> (0x00000000d6086a88) 
thrown [s\src\hotspot\share\interpreter\linkResolver.cpp, line 773]

ZGC Phase Switch (0 events):
No events

VM Operations (20 events):
Event: 0.912 Executing VM operation: HandshakeAllThreads (Deoptimize)
Event: 0.912 Executing VM operation: HandshakeAllThreads (Deoptimize) done
Event: 0.928 Executing VM operation: ParallelGCFailedAllocation (Allocation Failure)
Event: 0.936 Executing VM operation: ParallelGCFailedAllocation (Allocation Failure) done
Event: 1.942 Executing VM operation: Cleanup
Event: 2.190 Executing VM operation: Cleanup done
Event: 2.427 Executing VM operation: HandshakeAllThreads (Deoptimize)
Event: 2.427 Executing VM operation: HandshakeAllThreads (Deoptimize) done
Event: 2.439 Executing VM operation: HandshakeAllThreads (Deoptimize)
Event: 2.440 Executing VM operation: HandshakeAllThreads (Deoptimize) done
Event: 2.481 Executing VM operation: HandshakeAllThreads (Deoptimize)
Event: 2.481 Executing VM operation: HandshakeAllThreads (Deoptimize) done
Event: 2.495 Executing VM operation: HandshakeAllThreads (Deoptimize)
Event: 2.495 Executing VM operation: HandshakeAllThreads (Deoptimize) done
Event: 2.677 Executing VM operation: ParallelGCFailedAllocation (Allocation Failure)
Event: 2.682 Executing VM operation: ParallelGCFailedAllocation (Allocation Failure) done
Event: 2.848 Executing VM operation: HandshakeAllThreads (Deoptimize)
Event: 2.848 Executing VM operation: HandshakeAllThreads (Deoptimize) done
Event: 3.857 Executing VM operation: Cleanup
Event: 3.857 Executing VM operation: Cleanup done

Memory protections (0 events):
No events

Nmethod flushes (0 events):
No events

Events (18 events):
Event: 0.031 Thread 0x000002c9af5dcb20 Thread added: 0x000002c9af5dcb20
Event: 0.055 Thread 0x000002c9af5dcb20 Thread added: 0x000002ca0f0080b0
Event: 0.055 Thread 0x000002c9af5dcb20 Thread added: 0x000002ca0f00c0a0
Event: 0.056 Thread 0x000002c9af5dcb20 Thread added: 0x000002ca0f00f980
Event: 0.056 Thread 0x000002c9af5dcb20 Thread added: 0x000002ca0f012800
Event: 0.056 Thread 0x000002c9af5dcb20 Thread added: 0x000002ca0f015f30
Event: 0.056 Thread 0x000002c9af5dcb20 Thread added: 0x000002ca0f0165c0
Event: 0.056 Thread 0x000002c9af5dcb20 Thread added: 0x000002ca0f02e380
Event: 0.056 Thread 0x000002c9af5dcb20 Thread added: 0x000002ca0f02eff0
Event: 0.108 Thread 0x000002ca0f02eff0 Thread added: 0x000002ca0f20dd40
Event: 0.122 Thread 0x000002c9af5dcb20 Thread added: 0x000002ca0f016c50
Event: 0.389 Thread 0x000002c9af5dcb20 Thread added: 0x000002ca0f0172e0
Event: 0.535 Thread 0x000002ca0f02e380 Thread added: 0x000002ca0f374540
Event: 2.412 Thread 0x000002c9af5dcb20 Thread added: 0x000002ca0f018000
Event: 2.624 Thread 0x000002c9af5dcb20 Thread added: 0x000002ca0f017970
Event: 2.630 Thread 0x000002c9af5dcb20 Thread added: 0x000002ca0f018690
Event: 2.728 Thread 0x000002ca0f374540 Thread exited: 0x000002ca0f374540
Event: 2.831 Thread 0x000002ca0f018690 Thread added: 0x000002ca0f018d20


Dynamic libraries:
0x00007ff61dcf0000 - 0x00007ff61dcfe000 	c:\Users\PC\.vscode\extensions\redhat.java-1.50.0-win32-x64\jre\21.0.9-win32-x86_64\bin\java.exe
0x00007ffcc99c0000 - 0x00007ffcc9c28000 	C:\WINDOWS\SYSTEM32\ntdll.dll
0x00007ffcc9330000 - 0x00007ffcc93f9000 	C:\WINDOWS\System32\KERNEL32.DLL
0x00007ffcc7360000 - 0x00007ffcc7758000 	C:\WINDOWS\System32\KERNELBASE.dll
0x00007ffcc7210000 - 0x00007ffcc735b000 	C:\WINDOWS\System32\ucrtbase.dll
0x00007ffcb66c0000 - 0x00007ffcb66d8000 	c:\Users\PC\.vscode\extensions\redhat.java-1.50.0-win32-x64\jre\21.0.9-win32-x86_64\bin\jli.dll
0x00007ffcb1c90000 - 0x00007ffcb1cae000 	c:\Users\PC\.vscode\extensions\redhat.java-1.50.0-win32-x64\jre\21.0.9-win32-x86_64\bin\VCRUNTIME140.dll
0x00007ffcc8410000 - 0x00007ffcc85d7000 	C:\WINDOWS\System32\USER32.dll
0x00007ffcac4e0000 - 0x00007ffcac774000 	C:\WINDOWS\WinSxS\amd64_microsoft.windows.common-controls_6595b64144ccf1df_6.0.26100.7019_none_3e06ffa0e335b8a8\COMCTL32.dll
0x00007ffcc6c70000 - 0x00007ffcc6c97000 	C:\WINDOWS\System32\win32u.dll
0x00007ffcc91c0000 - 0x00007ffcc9269000 	C:\WINDOWS\System32\msvcrt.dll
0x00007ffcc7e20000 - 0x00007ffcc7e4b000 	C:\WINDOWS\System32\GDI32.dll
0x00007ffcc6e10000 - 0x00007ffcc6f3c000 	C:\WINDOWS\System32\gdi32full.dll
0x00007ffcc6bc0000 - 0x00007ffcc6c63000 	C:\WINDOWS\System32\msvcp_win.dll
0x00007ffcc9400000 - 0x00007ffcc9431000 	C:\WINDOWS\System32\IMM32.DLL
0x00007ffcb2bc0000 - 0x00007ffcb2bcc000 	c:\Users\PC\.vscode\extensions\redhat.java-1.50.0-win32-x64\jre\21.0.9-win32-x86_64\bin\vcruntime140_1.dll
0x00007ffcb1c00000 - 0x00007ffcb1c8d000 	c:\Users\PC\.vscode\extensions\redhat.java-1.50.0-win32-x64\jre\21.0.9-win32-x86_64\bin\msvcp140.dll
0x00007ffc617b0000 - 0x00007ffc62550000 	c:\Users\PC\.vscode\extensions\redhat.java-1.50.0-win32-x64\jre\21.0.9-win32-x86_64\bin\server\jvm.dll
0x00007ffcc9270000 - 0x00007ffcc9324000 	C:\WINDOWS\System32\ADVAPI32.dll
0x00007ffcc88a0000 - 0x00007ffcc8946000 	C:\WINDOWS\System32\sechost.dll
0x00007ffcc96a0000 - 0x00007ffcc97b8000 	C:\WINDOWS\System32\RPCRT4.dll
0x00007ffcc7760000 - 0x00007ffcc77d4000 	C:\WINDOWS\System32\WS2_32.dll
0x00007ffcc6970000 - 0x00007ffcc69ce000 	C:\WINDOWS\SYSTEM32\POWRPROF.dll
0x00007ffcbdcf0000 - 0x00007ffcbdd25000 	C:\WINDOWS\SYSTEM32\WINMM.dll
0x00007ffcac780000 - 0x00007ffcac78b000 	C:\WINDOWS\SYSTEM32\VERSION.dll
0x00007ffcc6950000 - 0x00007ffcc6964000 	C:\WINDOWS\SYSTEM32\UMPDC.dll
0x00007ffcc58d0000 - 0x00007ffcc58eb000 	C:\WINDOWS\SYSTEM32\kernel.appcore.dll
0x00007ffcb2290000 - 0x00007ffcb229a000 	c:\Users\PC\.vscode\extensions\redhat.java-1.50.0-win32-x64\jre\21.0.9-win32-x86_64\bin\jimage.dll
0x00007ffcc41e0000 - 0x00007ffcc4422000 	C:\WINDOWS\SYSTEM32\DBGHELP.DLL
0x00007ffcc7a90000 - 0x00007ffcc7e1b000 	C:\WINDOWS\System32\combase.dll
0x00007ffcc7ea0000 - 0x00007ffcc7f77000 	C:\WINDOWS\System32\OLEAUT32.dll
0x00007ffcb3790000 - 0x00007ffcb37cc000 	C:\WINDOWS\SYSTEM32\dbgcore.DLL
0x00007ffcc6b10000 - 0x00007ffcc6bb5000 	C:\WINDOWS\System32\bcryptPrimitives.dll
0x00007ffcb1b90000 - 0x00007ffcb1b9f000 	c:\Users\PC\.vscode\extensions\redhat.java-1.50.0-win32-x64\jre\21.0.9-win32-x86_64\bin\instrument.dll
0x00007ffcb1be0000 - 0x00007ffcb1c00000 	c:\Users\PC\.vscode\extensions\redhat.java-1.50.0-win32-x64\jre\21.0.9-win32-x86_64\bin\java.dll
0x00007ffcc8a60000 - 0x00007ffcc91af000 	C:\WINDOWS\System32\SHELL32.dll
0x00007ffcc6ca0000 - 0x00007ffcc6e0b000 	C:\WINDOWS\System32\wintypes.dll
0x00007ffcc45b0000 - 0x00007ffcc4e0d000 	C:\WINDOWS\SYSTEM32\windows.storage.dll
0x00007ffcc9850000 - 0x00007ffcc9942000 	C:\WINDOWS\System32\SHCORE.dll
0x00007ffcc85e0000 - 0x00007ffcc8647000 	C:\WINDOWS\System32\shlwapi.dll
0x00007ffcc6a30000 - 0x00007ffcc6a59000 	C:\WINDOWS\SYSTEM32\profapi.dll
0x00007ffcb1bc0000 - 0x00007ffcb1bd8000 	c:\Users\PC\.vscode\extensions\redhat.java-1.50.0-win32-x64\jre\21.0.9-win32-x86_64\bin\zip.dll
0x00007ffcb2070000 - 0x00007ffcb2080000 	C:\Users\PC\.vscode\extensions\redhat.java-1.50.0-win32-x64\jre\21.0.9-win32-x86_64\bin\net.dll
0x00007ffcb56c0000 - 0x00007ffcb57e8000 	C:\WINDOWS\SYSTEM32\WINHTTP.dll
0x00007ffcc5e40000 - 0x00007ffcc5eab000 	C:\WINDOWS\system32\mswsock.dll
0x00007ffcb1ba0000 - 0x00007ffcb1bb6000 	C:\Users\PC\.vscode\extensions\redhat.java-1.50.0-win32-x64\jre\21.0.9-win32-x86_64\bin\nio.dll
0x00007ffcb1b80000 - 0x00007ffcb1b90000 	c:\Users\PC\.vscode\extensions\redhat.java-1.50.0-win32-x64\jre\21.0.9-win32-x86_64\bin\verify.dll
0x00007ffcb15d0000 - 0x00007ffcb1614000 	C:\Users\PC\AppData\Roaming\Code\User\globalStorage\redhat.java\1.50.0\config_ss_win\org.eclipse.equinox.launcher\org.eclipse.equinox.launcher.win32.win32.x86_64_1.2.1400.v20250801-0854\eclipse_11916.dll
0x00007ffcc8650000 - 0x00007ffcc87e7000 	C:\WINDOWS\System32\ole32.dll

JVMTI agents:
c:\Users\PC\.vscode\extensions\redhat.java-1.50.0-win32-x64\lombok\lombok-1.18.39-4050.jar path:c:\Users\PC\.vscode\extensions\redhat.java-1.50.0-win32-x64\jre\21.0.9-win32-x86_64\bin\instrument.dll, loaded, initialized, instrumentlib options:none

dbghelp: loaded successfully - version: 4.0.5 - missing functions: none
symbol engine: initialized successfully - sym options: 0x614 - pdb path: .;c:\Users\PC\.vscode\extensions\redhat.java-1.50.0-win32-x64\jre\21.0.9-win32-x86_64\bin;C:\WINDOWS\SYSTEM32;C:\WINDOWS\WinSxS\amd64_microsoft.windows.common-controls_6595b64144ccf1df_6.0.26100.7019_none_3e06ffa0e335b8a8;c:\Users\PC\.vscode\extensions\redhat.java-1.50.0-win32-x64\jre\21.0.9-win32-x86_64\bin\server;C:\Users\PC\AppData\Roaming\Code\User\globalStorage\redhat.java\1.50.0\config_ss_win\org.eclipse.equinox.launcher\org.eclipse.equinox.launcher.win32.win32.x86_64_1.2.1400.v20250801-0854

VM Arguments:
jvm_args: --add-modules=ALL-SYSTEM --add-opens=java.base/java.util=ALL-UNNAMED --add-opens=java.base/java.lang=ALL-UNNAMED --add-opens=java.base/sun.nio.fs=ALL-UNNAMED -Declipse.application=org.eclipse.jdt.ls.core.id1 -Dosgi.bundles.defaultStartLevel=4 -Declipse.product=org.eclipse.jdt.ls.core.product -Djava.import.generatesMetadataFilesAtProjectRoot=false -DDetectVMInstallationsJob.disabled=true -Dfile.encoding=utf8 -XX:+UseParallelGC -XX:GCTimeRatio=4 -XX:AdaptiveSizePolicyWeight=90 -Dsun.zip.disableMemoryMapping=true -Xmx2G -Xms100m -Xlog:disable -javaagent:c:\Users\PC\.vscode\extensions\redhat.java-1.50.0-win32-x64\lombok\lombok-1.18.39-4050.jar 
java_command: c:\Users\PC\.vscode\extensions\redhat.java-1.50.0-win32-x64\server\plugins\org.eclipse.equinox.launcher_1.7.100.v20251111-0406.jar -configuration c:\Users\PC\AppData\Roaming\Code\User\globalStorage\redhat.java\1.50.0\config_ss_win -data c:\Users\PC\AppData\Roaming\Code\User\workspaceStorage\b8398ec737789522355a1bcf285cffab\redhat.java\ss_ws --pipe=\\.\pipe\lsp-50ae20a2358499978152d46d8cd0ad0f-sock
java_class_path (initial): c:\Users\PC\.vscode\extensions\redhat.java-1.50.0-win32-x64\server\plugins\org.eclipse.equinox.launcher_1.7.100.v20251111-0406.jar
Launcher Type: SUN_STANDARD

[Global flags]
    uintx AdaptiveSizePolicyWeight                 = 90                                        {product} {command line}
     intx CICompilerCount                          = 4                                         {product} {ergonomic}
    uintx GCTimeRatio                              = 4                                         {product} {command line}
   size_t InitialHeapSize                          = 104857600                                 {product} {command line}
   size_t MaxHeapSize                              = 2147483648                                {product} {command line}
   size_t MaxNewSize                               = 715653120                                 {product} {ergonomic}
   size_t MinHeapDeltaBytes                        = 524288                                    {product} {ergonomic}
   size_t MinHeapSize                              = 104857600                                 {product} {command line}
   size_t NewSize                                  = 34603008                                  {product} {ergonomic}
    uintx NonNMethodCodeHeapSize                   = 5839372                                {pd product} {ergonomic}
    uintx NonProfiledCodeHeapSize                  = 122909434                              {pd product} {ergonomic}
   size_t OldSize                                  = 70254592                                  {product} {ergonomic}
    uintx ProfiledCodeHeapSize                     = 122909434                              {pd product} {ergonomic}
    uintx ReservedCodeCacheSize                    = 251658240                              {pd product} {ergonomic}
     bool SegmentedCodeCache                       = true                                      {product} {ergonomic}
   size_t SoftMaxHeapSize                          = 2147483648                             {manageable} {ergonomic}
     bool UseCompressedOops                        = true                           {product lp64_product} {ergonomic}
     bool UseLargePagesIndividualAllocation        = false                                  {pd product} {ergonomic}
     bool UseParallelGC                            = true                                      {product} {command line}

Logging:
Log output configuration:
 #0: stdout all=off uptime,level,tags foldmultilines=false
 #1: stderr all=off uptime,level,tags foldmultilines=false

Release file:
JAVA_VERSION="21.0.9" 
MODULES="java.base java.compiler java.datatransfer java.xml java.prefs java.desktop java.instrument java.logging java.management java.security.sasl java.naming java.rmi java.management.rmi java.net.http java.scripting java.security.jgss java.transaction.xa java.sql java.sql.rowset java.xml.crypto java.se java.smartcardio jdk.accessibility jdk.internal.jvmstat jdk.attach jdk.charsets jdk.internal.opt jdk.zipfs jdk.compiler jdk.crypto.ec jdk.crypto.cryptoki jdk.crypto.mscapi jdk.dynalink jdk.internal.ed jdk.editpad jdk.hotspot.agent jdk.httpserver jdk.internal.le jdk.internal.vm.ci jdk.internal.vm.compiler jdk.internal.vm.compiler.management jdk.jartool jdk.javadoc jdk.jcmd jdk.management jdk.management.agent jdk.jconsole jdk.jdeps jdk.jdwp.agent jdk.jdi jdk.jfr jdk.jshell jdk.jsobject jdk.jstatd jdk.localedata jdk.management.jfr jdk.naming.dns jdk.naming.rmi jdk.net jdk.nio.mapmode jdk.random jdk.sctp jdk.security.auth jdk.security.jgss jdk.unsupported jdk.unsupported.desktop jdk.xml.dom" 

Environment Variables:
PATH=C:\Program Files\Python311\Scripts\;C:\Program Files\Python311\;C:\Program Files\Common Files\Oracle\Java\javapath;C:\WINDOWS\system32;C:\WINDOWS;C:\WINDOWS\System32\Wbem;C:\WINDOWS\System32\WindowsPowerShell\v1.0\;C:\WINDOWS\System32\OpenSSH\;C:\Program Files\Java\jdk-11\bin;C:\Program Files\Docker\Docker\resources\bin;C:\Program Files\Git\cmd;C:\Users\PC\AppData\Local\Programs\Python\Python311;C:\Users\PC\AppData\Local\Programs\Python\Python311\Scripts;C:\Program Files\swigwin-4.2.1\swigwin-4.2.1;C:\Users\PC\.mujoco\mujoco210\bin;C:\Program Files (x86)\PuTTY\;C:\Program Files\nodejs\;C:\Users\PC\anaconda3;C:\Users\PC\anaconda3\Library\mingw-w64\bin;C:\Users\PC\anaconda3\Library\usr\bin;C:\Users\PC\anaconda3\Library\bin;C:\Users\PC\anaconda3\Scripts;C:\Program Files\MySQL\MySQL Shell 8.0\bin\;C:\Users\PC\AppData\Local\Microsoft\WindowsApps;C:\Users\PC\AppData\Local\Programs\Microsoft VS Code\bin;C:\Program Files\JetBrains\IntelliJ IDEA 2024.2.1\bin;;C:\Users\PC\.mujoco\mujoco210\bin;C:\Users\PC\AppData\Roaming\npm
USERNAME=PC
OS=Windows_NT
PROCESSOR_IDENTIFIER=Intel64 Family 6 Model 154 Stepping 4, GenuineIntel
TMP=C:\Users\PC\AppData\Local\Temp
TEMP=C:\Users\PC\AppData\Local\Temp




Periodic native trim disabled

---------------  S Y S T E M  ---------------

OS:
 Windows 11 , 64 bit Build 26100 (10.0.26100.7019)
OS uptime: 0 days 2:43 hours
Hyper-V role detected

CPU: total 12 (initial active 12) (6 cores per cpu, 2 threads per core) family 6 model 154 stepping 4 microcode 0x423, cx8, cmov, fxsr, ht, mmx, 3dnowpref, sse, sse2, sse3, ssse3, sse4.1, sse4.2, popcnt, lzcnt, tsc, tscinvbit, avx, avx2, aes, erms, clmul, bmi1, bmi2, adx, sha, fma, vzeroupper, clflush, clflushopt, clwb, hv, serialize, rdtscp, rdpid, fsrm, f16c, cet_ibt, cet_ss
Processor Information for the first 12 processors :
  Max Mhz: 1300, Current Mhz: 1300, Mhz Limit: 1300

Memory: 4k page, system-wide physical 16098M (1983M free)
TotalPageFile size 18146M (AvailPageFile size 134M)
current process WorkingSet (physical memory assigned to process): 102M, peak: 102M
current process commit charge ("private bytes"): 253M, peak: 253M

vm_info: OpenJDK 64-Bit Server VM (21.0.9+10-LTS) for windows-amd64 JRE (21.0.9+10-LTS), built on 2025-10-21T00:00:00Z by "admin" with unknown MS VC++:1942

END.
