#
# There is insufficient memory for the Java Runtime Environment to continue.
# Native memory allocation (malloc) failed to allocate 1048576 bytes. Error detail: AllocateHeap
# Possible reasons:
#   The system is out of physical RAM or swap space
#   This process is running with CompressedOops enabled, and the Java Heap may be blocking the growth of the native heap
# Possible solutions:
#   Reduce memory load on the system
#   Increase physical memory or swap space
#   Check if swap backing store is full
#   Decrease Java heap size (-Xmx/-Xms)
#   Decrease number of Java threads
#   Decrease Java thread stack sizes (-Xss)
#   Set larger code cache with -XX:ReservedCodeCacheSize=
#   JVM is running with Unscaled Compressed Oops mode in which the Java heap is
#     placed in the first 4GB address space. The Java Heap base address is the
#     maximum limit for the native heap growth. Please use -XX:HeapBaseMinAddress
#     to set the Java Heap base and to place the Java Heap above 4GB virtual address.
# This output file may be truncated or incomplete.
#
#  Out of Memory Error (allocation.cpp:44), pid=18012, tid=11452
#
# JRE version: OpenJDK Runtime Environment Temurin-21.0.9+10 (21.0.9+10) (build 21.0.9+10-LTS)
# Java VM: OpenJDK 64-Bit Server VM Temurin-21.0.9+10 (21.0.9+10-LTS, mixed mode, sharing, tiered, compressed oops, compressed class ptrs, parallel gc, windows-amd64)
# No core dump will be written. Minidumps are not enabled by default on client versions of Windows
#

---------------  S U M M A R Y ------------

Command Line: --add-modules=ALL-SYSTEM --add-opens=java.base/java.util=ALL-UNNAMED --add-opens=java.base/java.lang=ALL-UNNAMED --add-opens=java.base/sun.nio.fs=ALL-UNNAMED -Declipse.application=org.eclipse.jdt.ls.core.id1 -Dosgi.bundles.defaultStartLevel=4 -Declipse.product=org.eclipse.jdt.ls.core.product -Djava.import.generatesMetadataFilesAtProjectRoot=false -DDetectVMInstallationsJob.disabled=true -Dfile.encoding=utf8 -XX:+UseParallelGC -XX:GCTimeRatio=4 -XX:AdaptiveSizePolicyWeight=90 -Dsun.zip.disableMemoryMapping=true -Xmx2G -Xms100m -Xlog:disable -javaagent:c:\Users\PC\.vscode\extensions\redhat.java-1.50.0-win32-x64\lombok\lombok-1.18.39-4050.jar -XX:+HeapDumpOnOutOfMemoryError -XX:HeapDumpPath=c:\Users\PC\AppData\Roaming\Code\User\workspaceStorage\b8398ec737789522355a1bcf285cffab\redhat.java -Daether.dependencyCollector.impl=bf c:\Users\PC\.vscode\extensions\redhat.java-1.50.0-win32-x64\server\plugins\org.eclipse.equinox.launcher_1.7.100.v20251111-0406.jar -configuration c:\Users\PC\AppData\Roaming\Code\User\globalStorage\redhat.java\1.50.0\config_win -data c:\Users\PC\AppData\Roaming\Code\User\workspaceStorage\b8398ec737789522355a1bcf285cffab\redhat.java\jdt_ws --pipe=\\.\pipe\lsp-e6179023e5eac91703e821e5ab6fbedc-sock

Host: 12th Gen Intel(R) Core(TM) i5-1235U, 12 cores, 15G,  Windows 11 , 64 bit Build 26100 (10.0.26100.7019)
Time: Wed Dec 10 14:55:31 2025 elapsed time: 46.322409 seconds (0d 0h 0m 46s)

---------------  T H R E A D  ---------------

Current thread (0x0000014c55e103b0):  JavaThread "Attach Listener" daemon [_thread_in_vm, id=11452, stack(0x0000004900900000,0x0000004900a00000) (1024K)]

Stack: [0x0000004900900000,0x0000004900a00000]
Native frames: (J=compiled Java code, j=interpreted, Vv=VM code, C=native code)
V  [jvm.dll+0x6d6e29]
V  [jvm.dll+0x8b4b76]
V  [jvm.dll+0x8b712e]
V  [jvm.dll+0x8b7813]
V  [jvm.dll+0x283d86]
V  [jvm.dll+0xc1277]
V  [jvm.dll+0x6d76d9]
V  [jvm.dll+0x133466]
V  [jvm.dll+0x3f7ea6]
V  [jvm.dll+0x85e9ad]
V  [jvm.dll+0x6d565d]
C  [ucrtbase.dll+0x37b0]
C  [KERNEL32.DLL+0x2e8d7]
C  [ntdll.dll+0x8c53c]


---------------  P R O C E S S  ---------------

Threads class SMR info:
_java_thread_list=0x0000014c5f6a6b00, length=69, elements={
0x0000014c7cde5060, 0x0000014c138a60f0, 0x0000014c55e0d770, 0x0000014c55e0f760,
0x0000014c55e103b0, 0x0000014c55e11000, 0x0000014c55e13b60, 0x0000014c7ce7ef80,
0x0000014c55e547a0, 0x0000014c55f6a200, 0x0000014c56159c50, 0x0000014c5bbf99e0,
0x0000014c5b640700, 0x0000014c5ba6cba0, 0x0000014c5ba6d5d0, 0x0000014c5bff3ad0,
0x0000014c5bbf32d0, 0x0000014c5bc9fe80, 0x0000014c5bf47c30, 0x0000014c5c229850,
0x0000014c5c2263d0, 0x0000014c5c226a60, 0x0000014c5c228b30, 0x0000014c5c2284a0,
0x0000014c5c2291c0, 0x0000014c5c2270f0, 0x0000014c5c227780, 0x0000014c5c227e10,
0x0000014c5c2c6660, 0x0000014c5c2c3f00, 0x0000014c5c2c4c20, 0x0000014c5c2c52b0,
0x0000014c5c2c6cf0, 0x0000014c5c2c4590, 0x0000014c5c2c5940, 0x0000014c5c2c5fd0,
0x0000014c5c2c3870, 0x0000014c5c2c8730, 0x0000014c5c2c9450, 0x0000014c5c2c8dc0,
0x0000014c5c2c7a10, 0x0000014c5c2c7380, 0x0000014c5c2ca170, 0x0000014c5c2c9ae0,
0x0000014c5c2ca800, 0x0000014c5c2cae90, 0x0000014c5c2c80a0, 0x0000014c6019dc60,
0x0000014c6019e2f0, 0x0000014c6019f010, 0x0000014c6019f6a0, 0x0000014c6019e980,
0x0000014c6019fd30, 0x0000014c601a10e0, 0x0000014c601a3840, 0x0000014c601a1770,
0x0000014c601a2490, 0x0000014c601a2b20, 0x0000014c601a31b0, 0x0000014c601a03c0,
0x0000014c601a3ed0, 0x0000014c601a0a50, 0x0000014c5fb4d9d0, 0x0000014c5fb4e060,
0x0000014c5fb4e6f0, 0x0000014c5fb4f410, 0x0000014c5fb4ed80, 0x0000014c5e88bc50,
0x0000014c5fc7e060
}

Java Threads: ( => current thread )
  0x0000014c7cde5060 JavaThread "main"                              [_thread_blocked, id=1804, stack(0x0000004900200000,0x0000004900300000) (1024K)]
  0x0000014c138a60f0 JavaThread "Reference Handler"          daemon [_thread_blocked, id=18344, stack(0x0000004900600000,0x0000004900700000) (1024K)]
  0x0000014c55e0d770 JavaThread "Finalizer"                  daemon [_thread_blocked, id=14644, stack(0x0000004900700000,0x0000004900800000) (1024K)]
  0x0000014c55e0f760 JavaThread "Signal Dispatcher"          daemon [_thread_blocked, id=13368, stack(0x0000004900800000,0x0000004900900000) (1024K)]
=>0x0000014c55e103b0 JavaThread "Attach Listener"            daemon [_thread_in_vm, id=11452, stack(0x0000004900900000,0x0000004900a00000) (1024K)]
  0x0000014c55e11000 JavaThread "Service Thread"             daemon [_thread_blocked, id=13692, stack(0x0000004900a00000,0x0000004900b00000) (1024K)]
  0x0000014c55e13b60 JavaThread "Monitor Deflation Thread"   daemon [_thread_blocked, id=3488, stack(0x0000004900b00000,0x0000004900c00000) (1024K)]
  0x0000014c7ce7ef80 JavaThread "C2 CompilerThread0"         daemon [_thread_blocked, id=10312, stack(0x0000004900c00000,0x0000004900d00000) (1024K)]
  0x0000014c55e547a0 JavaThread "C1 CompilerThread0"         daemon [_thread_blocked, id=2232, stack(0x0000004900d00000,0x0000004900e00000) (1024K)]
  0x0000014c55f6a200 JavaThread "Common-Cleaner"             daemon [_thread_blocked, id=5908, stack(0x0000004900e00000,0x0000004900f00000) (1024K)]
  0x0000014c56159c50 JavaThread "Notification Thread"        daemon [_thread_blocked, id=15320, stack(0x0000004901000000,0x0000004901100000) (1024K)]
  0x0000014c5bbf99e0 JavaThread "Active Thread: Equinox Container: 95620965-74a6-4bfb-a41b-84b4e96a5b03"        [_thread_blocked, id=12520, stack(0x0000004901800000,0x0000004901900000) (1024K)]
  0x0000014c5b640700 JavaThread "Refresh Thread: Equinox Container: 95620965-74a6-4bfb-a41b-84b4e96a5b03" daemon [_thread_blocked, id=12164, stack(0x0000004901900000,0x0000004901a00000) (1024K)]
  0x0000014c5ba6cba0 JavaThread "Framework Event Dispatcher: Equinox Container: 95620965-74a6-4bfb-a41b-84b4e96a5b03" daemon [_thread_blocked, id=15312, stack(0x0000004901b00000,0x0000004901c00000) (1024K)]
  0x0000014c5ba6d5d0 JavaThread "Start Level: Equinox Container: 95620965-74a6-4bfb-a41b-84b4e96a5b03" daemon [_thread_blocked, id=5824, stack(0x0000004901c00000,0x0000004901d00000) (1024K)]
  0x0000014c5bff3ad0 JavaThread "Bundle File Closer"         daemon [_thread_blocked, id=13628, stack(0x0000004901f00000,0x0000004902000000) (1024K)]
  0x0000014c5bbf32d0 JavaThread "SCR Component Actor"        daemon [_thread_blocked, id=17456, stack(0x0000004901100000,0x0000004901200000) (1024K)]
  0x0000014c5bc9fe80 JavaThread "Worker-JM"                         [_thread_blocked, id=15160, stack(0x0000004902100000,0x0000004902200000) (1024K)]
  0x0000014c5bf47c30 JavaThread "JNA Cleaner"                daemon [_thread_blocked, id=17188, stack(0x0000004900f00000,0x0000004901000000) (1024K)]
  0x0000014c5c229850 JavaThread "Worker-0: Processing JDT Change Events"        [_thread_blocked, id=440, stack(0x0000004902000000,0x0000004902100000) (1024K)]
  0x0000014c5c2263d0 JavaThread "Worker-1"                          [_thread_blocked, id=15640, stack(0x0000004902200000,0x0000004902300000) (1024K)]
  0x0000014c5c226a60 JavaThread "Java indexing"              daemon [_thread_blocked, id=13852, stack(0x0000004902500000,0x0000004902600000) (1024K)]
  0x0000014c5c228b30 JavaThread "Worker-2"                          [_thread_blocked, id=2596, stack(0x0000004902800000,0x0000004902900000) (1024K)]
  0x0000014c5c2284a0 JavaThread "Worker-3: Java indexing... "        [_thread_blocked, id=13552, stack(0x0000004902900000,0x0000004902a00000) (1024K)]
  0x0000014c5c2291c0 JavaThread "Thread-1"                   daemon [_thread_in_native, id=10488, stack(0x0000004902a00000,0x0000004902b00000) (1024K)]
  0x0000014c5c2270f0 JavaThread "Thread-2"                   daemon [_thread_in_native, id=1772, stack(0x0000004902b00000,0x0000004902c00000) (1024K)]
  0x0000014c5c227780 JavaThread "Thread-3"                   daemon [_thread_in_native, id=10484, stack(0x0000004902c00000,0x0000004902d00000) (1024K)]
  0x0000014c5c227e10 JavaThread "Thread-4"                   daemon [_thread_in_native, id=15248, stack(0x0000004902d00000,0x0000004902e00000) (1024K)]
  0x0000014c5c2c6660 JavaThread "Thread-5"                   daemon [_thread_in_native, id=16016, stack(0x0000004902e00000,0x0000004902f00000) (1024K)]
  0x0000014c5c2c3f00 JavaThread "Thread-6"                   daemon [_thread_in_native, id=4100, stack(0x0000004902f00000,0x0000004903000000) (1024K)]
  0x0000014c5c2c4c20 JavaThread "Thread-7"                   daemon [_thread_in_native, id=11372, stack(0x0000004903000000,0x0000004903100000) (1024K)]
  0x0000014c5c2c52b0 JavaThread "Thread-8"                   daemon [_thread_in_native, id=6060, stack(0x0000004903100000,0x0000004903200000) (1024K)]
  0x0000014c5c2c6cf0 JavaThread "Thread-9"                   daemon [_thread_in_native, id=8804, stack(0x0000004903200000,0x0000004903300000) (1024K)]
  0x0000014c5c2c4590 JavaThread "Thread-10"                  daemon [_thread_in_native, id=8812, stack(0x0000004903300000,0x0000004903400000) (1024K)]
  0x0000014c5c2c5940 JavaThread "Thread-11"                  daemon [_thread_in_native, id=6988, stack(0x0000004903400000,0x0000004903500000) (1024K)]
  0x0000014c5c2c5fd0 JavaThread "Thread-12"                  daemon [_thread_in_native, id=17300, stack(0x0000004903500000,0x0000004903600000) (1024K)]
  0x0000014c5c2c3870 JavaThread "Thread-13"                  daemon [_thread_in_native, id=11156, stack(0x0000004903600000,0x0000004903700000) (1024K)]
  0x0000014c5c2c8730 JavaThread "pool-2-thread-1"                   [_thread_blocked, id=2928, stack(0x0000004903700000,0x0000004903800000) (1024K)]
  0x0000014c5c2c9450 JavaThread "WorkspaceEventsHandler"            [_thread_blocked, id=14896, stack(0x0000004903800000,0x0000004903900000) (1024K)]
  0x0000014c5c2c8dc0 JavaThread "pool-1-thread-1"                   [_thread_blocked, id=4880, stack(0x0000004903900000,0x0000004903a00000) (1024K)]
  0x0000014c5c2c7a10 JavaThread "Worker-4"                          [_thread_blocked, id=13456, stack(0x0000004903a00000,0x0000004903b00000) (1024K)]
  0x0000014c5c2c7380 JavaThread "ForkJoinPool.commonPool-worker-1" daemon [_thread_blocked, id=2840, stack(0x0000004902300000,0x0000004902400000) (1024K)]
  0x0000014c5c2ca170 JavaThread "ForkJoinPool.commonPool-worker-2" daemon [_thread_blocked, id=13280, stack(0x0000004902400000,0x0000004902500000) (1024K)]
  0x0000014c5c2c9ae0 JavaThread "ForkJoinPool.commonPool-worker-3" daemon [_thread_blocked, id=9956, stack(0x0000004903b00000,0x0000004903c00000) (1024K)]
  0x0000014c5c2ca800 JavaThread "ForkJoinPool.commonPool-worker-4" daemon [_thread_blocked, id=3272, stack(0x0000004903c00000,0x0000004903d00000) (1024K)]
  0x0000014c5c2cae90 JavaThread "ForkJoinPool.commonPool-worker-5" daemon [_thread_blocked, id=6932, stack(0x0000004903d00000,0x0000004903e00000) (1024K)]
  0x0000014c5c2c80a0 JavaThread "ForkJoinPool.commonPool-worker-6" daemon [_thread_blocked, id=15784, stack(0x0000004903e00000,0x0000004903f00000) (1024K)]
  0x0000014c6019dc60 JavaThread "ForkJoinPool.commonPool-worker-7" daemon [_thread_blocked, id=14412, stack(0x0000004903f00000,0x0000004904000000) (1024K)]
  0x0000014c6019e2f0 JavaThread "ForkJoinPool.commonPool-worker-8" daemon [_thread_blocked, id=5896, stack(0x0000004904000000,0x0000004904100000) (1024K)]
  0x0000014c6019f010 JavaThread "ForkJoinPool.commonPool-worker-9" daemon [_thread_blocked, id=17688, stack(0x0000004904100000,0x0000004904200000) (1024K)]
  0x0000014c6019f6a0 JavaThread "ForkJoinPool.commonPool-worker-10" daemon [_thread_blocked, id=15756, stack(0x0000004904200000,0x0000004904300000) (1024K)]
  0x0000014c6019e980 JavaThread "ForkJoinPool.commonPool-worker-11" daemon [_thread_blocked, id=11796, stack(0x0000004904300000,0x0000004904400000) (1024K)]
  0x0000014c6019fd30 JavaThread "pool-3-thread-1"                   [_thread_blocked, id=1884, stack(0x0000004904400000,0x0000004904500000) (1024K)]
  0x0000014c601a10e0 JavaThread "Worker-5"                          [_thread_blocked, id=9140, stack(0x0000004900000000,0x0000004900100000) (1024K)]
  0x0000014c601a3840 JavaThread "Worker-6: Send Classpath Notifications"        [_thread_blocked, id=16984, stack(0x0000004904700000,0x0000004904800000) (1024K)]
  0x0000014c601a1770 JavaThread "Worker-7: Building"                [_thread_blocked, id=10336, stack(0x0000004904800000,0x0000004904900000) (1024K)]
  0x0000014c601a2490 JavaThread "Compiler Source File Reader" daemon [_thread_blocked, id=2920, stack(0x0000004904900000,0x0000004904a00000) (1024K)]
  0x0000014c601a2b20 JavaThread "Compiler Source File Reader" daemon [_thread_blocked, id=6188, stack(0x0000004904a00000,0x0000004904b00000) (1024K)]
  0x0000014c601a31b0 JavaThread "Compiler Source File Reader" daemon [_thread_blocked, id=3440, stack(0x0000004904b00000,0x0000004904c00000) (1024K)]
  0x0000014c601a03c0 JavaThread "Compiler Source File Reader" daemon [_thread_blocked, id=616, stack(0x0000004904c00000,0x0000004904d00000) (1024K)]
  0x0000014c601a3ed0 JavaThread "Compiler Source File Reader" daemon [_thread_blocked, id=14040, stack(0x0000004904d00000,0x0000004904e00000) (1024K)]
  0x0000014c601a0a50 JavaThread "Compiler Source File Reader" daemon [_thread_blocked, id=2728, stack(0x0000004904e00000,0x0000004904f00000) (1024K)]
  0x0000014c5fb4d9d0 JavaThread "Compiler Source File Reader" daemon [_thread_blocked, id=6360, stack(0x0000004904f00000,0x0000004905000000) (1024K)]
  0x0000014c5fb4e060 JavaThread "Compiler Source File Reader" daemon [_thread_blocked, id=6364, stack(0x0000004905000000,0x0000004905100000) (1024K)]
  0x0000014c5fb4e6f0 JavaThread "Compiler Source File Reader" daemon [_thread_blocked, id=3164, stack(0x0000004905100000,0x0000004905200000) (1024K)]
  0x0000014c5fb4f410 JavaThread "Compiler Source File Reader" daemon [_thread_blocked, id=1492, stack(0x0000004905200000,0x0000004905300000) (1024K)]
  0x0000014c5fb4ed80 JavaThread "Compiler Processing Task"   daemon [_thread_blocked, id=15724, stack(0x0000004905300000,0x0000004905400000) (1024K)]
  0x0000014c5e88bc50 JavaThread "C2 CompilerThread1"         daemon [_thread_in_native, id=5176, stack(0x0000004904500000,0x0000004904600000) (1024K)]
  0x0000014c5fc7e060 JavaThread "C2 CompilerThread2"         daemon [_thread_blocked, id=16624, stack(0x0000004904600000,0x0000004904700000) (1024K)]
Total: 69

Other Threads:
  0x0000014c138948e0 VMThread "VM Thread"                           [id=7916, stack(0x0000004900500000,0x0000004900600000) (1024K)] _threads_hazard_ptr=0x0000014c5f6a6b00
  0x0000014c1378c8e0 WatcherThread "VM Periodic Task Thread"        [id=8768, stack(0x0000004900400000,0x0000004900500000) (1024K)]
  0x0000014c7ce036d0 WorkerThread "GC Thread#0"                     [id=14980, stack(0x0000004900300000,0x0000004900400000) (1024K)]
  0x0000014c5b39c9a0 WorkerThread "GC Thread#1"                     [id=3364, stack(0x0000004901200000,0x0000004901300000) (1024K)]
  0x0000014c5b464910 WorkerThread "GC Thread#2"                     [id=11628, stack(0x0000004901300000,0x0000004901400000) (1024K)]
  0x0000014c5b464cb0 WorkerThread "GC Thread#3"                     [id=17532, stack(0x0000004901400000,0x0000004901500000) (1024K)]
  0x0000014c5b29d330 WorkerThread "GC Thread#4"                     [id=7308, stack(0x0000004901500000,0x0000004901600000) (1024K)]
  0x0000014c5b29d6d0 WorkerThread "GC Thread#5"                     [id=4496, stack(0x0000004901600000,0x0000004901700000) (1024K)]
  0x0000014c5b29da70 WorkerThread "GC Thread#6"                     [id=17888, stack(0x0000004901700000,0x0000004901800000) (1024K)]
  0x0000014c5ba73000 WorkerThread "GC Thread#7"                     [id=16844, stack(0x0000004901a00000,0x0000004901b00000) (1024K)]
  0x0000014c5b98ac80 WorkerThread "GC Thread#8"                     [id=14704, stack(0x0000004901d00000,0x0000004901e00000) (1024K)]
  0x0000014c5b98b3c0 WorkerThread "GC Thread#9"                     [id=12968, stack(0x0000004901e00000,0x0000004901f00000) (1024K)]
Total: 12

Threads with active compile tasks:
C2 CompilerThread0  46361 11412   !   4       org.eclipse.jdt.internal.compiler.classfmt.ClassFileReader::<init> (1968 bytes)
C1 CompilerThread0  46361 11965       3       lombok.eclipse.EclipseAST::buildStatements (53 bytes)
C2 CompilerThread1  46361 11552   !   4       org.eclipse.jdt.internal.core.search.indexing.BinaryIndexer::indexDocument (1172 bytes)
C2 CompilerThread2  46361 11810       4       org.eclipse.jdt.internal.compiler.lookup.LookupEnvironment::getTypeFromTypeSignature (770 bytes)
Total: 4

VM state: synchronizing (normal execution)

VM Mutex/Monitor currently owned by a thread:  ([mutex/lock_event])
[0x00007ffc6127d570] Threads_lock - owner thread: 0x0000014c138948e0
[0x00007ffc6127d670] Heap_lock - owner thread: 0x0000014c601a1770

Heap address: 0x0000000080000000, size: 2048 MB, Compressed Oops mode: 32-bit

CDS archive(s) mapped at: [0x0000014c14000000-0x0000014c14ba0000-0x0000014c14ba0000), size 12189696, SharedBaseAddress: 0x0000014c14000000, ArchiveRelocationMode: 1.
Compressed class space mapped at: 0x0000014c15000000-0x0000014c55000000, reserved size: 1073741824
Narrow klass base: 0x0000014c14000000, Narrow klass shift: 0, Narrow klass range: 0x100000000

GC Precious Log:
 CardTable entry size: 512
 CPUs: 12 total, 12 available
 Memory: 16098M
 Large Page Support: Disabled
 NUMA Support: Disabled
 Compressed Oops: Enabled (32-bit)
 Alignments: Space 512K, Generation 512K, Heap 2M
 Heap Min Capacity: 100M
 Heap Initial Capacity: 100M
 Heap Max Capacity: 2G
 Pre-touch: Disabled
 Parallel Workers: 10

Heap:
 PSYoungGen      total 2560K, used 2560K [0x00000000d5580000, 0x00000000d5980000, 0x0000000100000000)
  eden space 2048K, 100% used [0x00000000d5580000,0x00000000d5780000,0x00000000d5780000)
  from space 512K, 100% used [0x00000000d5800000,0x00000000d5880000,0x00000000d5880000)
  to   space 1024K, 0% used [0x00000000d5880000,0x00000000d5880000,0x00000000d5980000)
 ParOldGen       total 181248K, used 180983K [0x0000000080000000, 0x000000008b100000, 0x00000000d5580000)
  object space 181248K, 99% used [0x0000000080000000,0x000000008b0bdf88,0x000000008b100000)
 Metaspace       used 64914K, committed 66432K, reserved 1114112K
  class space    used 6830K, committed 7552K, reserved 1048576K

Card table byte_map: [0x0000014c7c780000,0x0000014c7cb90000] _byte_map_base: 0x0000014c7c380000

Marking Bits: (ParMarkBitMap*) 0x00007ffc61282460
 Begin Bits: [0x0000014c0f2b0000, 0x0000014c112b0000)
 End Bits:   [0x0000014c112b0000, 0x0000014c132b0000)

Polling page: 0x0000014c7ad80000

Metaspace:

Usage:
  Non-class:     56.72 MB used.
      Class:      6.67 MB used.
       Both:     63.39 MB used.

Virtual space:
  Non-class space:       64.00 MB reserved,      57.50 MB ( 90%) committed,  1 nodes.
      Class space:        1.00 GB reserved,       7.38 MB ( <1%) committed,  1 nodes.
             Both:        1.06 GB reserved,      64.88 MB (  6%) committed. 

Chunk freelists:
   Non-Class:  6.28 MB
       Class:  8.62 MB
        Both:  14.90 MB

MaxMetaspaceSize: unlimited
CompressedClassSpaceSize: 1.00 GB
Initial GC threshold: 21.00 MB
Current GC threshold: 97.31 MB
CDS: on
 - commit_granule_bytes: 65536.
 - commit_granule_words: 8192.
 - virtual_space_node_default_size: 8388608.
 - enlarge_chunks_in_place: 1.
 - use_allocation_guard: 0.


Internal statistics:

num_allocs_failed_limit: 9.
num_arena_births: 1292.
num_arena_deaths: 14.
num_vsnodes_births: 2.
num_vsnodes_deaths: 0.
num_space_committed: 1038.
num_space_uncommitted: 0.
num_chunks_returned_to_freelist: 23.
num_chunks_taken_from_freelist: 4448.
num_chunk_merges: 10.
num_chunk_splits: 2685.
num_chunks_enlarged: 1468.
num_inconsistent_stats: 0.

CodeHeap 'non-profiled nmethods': size=120000Kb used=7828Kb max_used=7828Kb free=112171Kb
 bounds [0x0000014c07ad0000, 0x0000014c08280000, 0x0000014c0f000000]
CodeHeap 'profiled nmethods': size=120000Kb used=25584Kb max_used=25584Kb free=94415Kb
 bounds [0x0000014c00000000, 0x0000014c01900000, 0x0000014c07530000]
CodeHeap 'non-nmethods': size=5760Kb used=1449Kb max_used=1562Kb free=4310Kb
 bounds [0x0000014c07530000, 0x0000014c077a0000, 0x0000014c07ad0000]
CodeCache: size=245760Kb, used=34861Kb, max_used=34974Kb, free=210896Kb
 total_blobs=11898, nmethods=11130, adapters=669, full_count=0
Compilation: enabled, stopped_count=0, restarted_count=0

Compilation events (20 events):
Event: 46.257 Thread 0x0000014c55e547a0 nmethod 11950 0x0000014c018f1e90 code [0x0000014c018f2040, 0x0000014c018f2168]
Event: 46.257 Thread 0x0000014c55e547a0 11953       2       org.eclipse.jdt.internal.core.CompilationUnitStructureRequestor::getChildren (35 bytes)
Event: 46.257 Thread 0x0000014c55e547a0 nmethod 11953 0x0000014c018f2290 code [0x0000014c018f2460, 0x0000014c018f26b8]
Event: 46.257 Thread 0x0000014c55e547a0 11951       1       org.eclipse.jdt.internal.core.SourceMethodElementInfo::setArgumentNames (6 bytes)
Event: 46.257 Thread 0x0000014c55e547a0 nmethod 11951 0x0000014c08274d90 code [0x0000014c08274f20, 0x0000014c08275000]
Event: 46.257 Thread 0x0000014c55e547a0 11954       2       lombok.eclipse.handlers.HandleSetter::createSetter (709 bytes)
Event: 46.264 Thread 0x0000014c55e547a0 nmethod 11954 0x0000014c018f2790 code [0x0000014c018f2bc0, 0x0000014c018f4a40]
Event: 46.264 Thread 0x0000014c55e547a0 11957       2       lombok.core.configuration.CheckerFrameworkVersion::generateSideEffectFree (11 bytes)
Event: 46.264 Thread 0x0000014c55e547a0 nmethod 11957 0x0000014c018f6290 code [0x0000014c018f6440, 0x0000014c018f6580]
Event: 46.264 Thread 0x0000014c55e547a0 11955       2       lombok.eclipse.handlers.EclipseHandlerUtil::hasNonNullAnnotations (104 bytes)
Event: 46.265 Thread 0x0000014c55e547a0 nmethod 11955 0x0000014c018f6610 code [0x0000014c018f6860, 0x0000014c018f6d90]
Event: 46.265 Thread 0x0000014c55e547a0 11956       2       lombok.eclipse.handlers.HandleSetter::createSetter (111 bytes)
Event: 46.266 Thread 0x0000014c55e547a0 nmethod 11956 0x0000014c018f7090 code [0x0000014c018f7280, 0x0000014c018f7700]
Event: 46.266 Thread 0x0000014c55e547a0 11952       1       org.eclipse.jdt.internal.core.SourceMethodElementInfo::setExceptionTypeNames (6 bytes)
Event: 46.266 Thread 0x0000014c55e547a0 nmethod 11952 0x0000014c08275090 code [0x0000014c08275220, 0x0000014c08275300]
Event: 46.266 Thread 0x0000014c55e547a0 11958       2       org.eclipse.jdt.internal.core.CompilationUnitStructureRequestor::getMemberValuePair (36 bytes)
Event: 46.267 Thread 0x0000014c55e547a0 nmethod 11958 0x0000014c018f7a90 code [0x0000014c018f7c40, 0x0000014c018f7ed8]
Event: 46.267 Thread 0x0000014c55e547a0 11960       2       org.eclipse.jdt.internal.core.Annotation::equals (55 bytes)
Event: 46.267 Thread 0x0000014c55e547a0 nmethod 11960 0x0000014c018f8090 code [0x0000014c018f8260, 0x0000014c018f8510]
Event: 46.267 Thread 0x0000014c55e547a0 11959       2       org.eclipse.jdt.internal.core.CompilationUnitStructureRequestor::getMemberValue (388 bytes)

GC Heap History (20 events):
Event: 46.162 GC heap before
{Heap before GC invocations=217 (full 3):
 PSYoungGen      total 2048K, used 1928K [0x00000000d5580000, 0x00000000d5b00000, 0x0000000100000000)
  eden space 1536K, 100% used [0x00000000d5580000,0x00000000d5700000,0x00000000d5700000)
  from space 512K, 76% used [0x00000000d5700000,0x00000000d57622c0,0x00000000d5780000)
  to   space 1536K, 0% used [0x00000000d5980000,0x00000000d5980000,0x00000000d5b00000)
 ParOldGen       total 178176K, used 178019K [0x0000000080000000, 0x000000008ae00000, 0x00000000d5580000)
  object space 178176K, 99% used [0x0000000080000000,0x000000008add8e28,0x000000008ae00000)
 Metaspace       used 64835K, committed 66368K, reserved 1114112K
  class space    used 6829K, committed 7552K, reserved 1048576K
}
Event: 46.164 GC heap after
{Heap after GC invocations=217 (full 3):
 PSYoungGen      total 2048K, used 448K [0x00000000d5580000, 0x00000000d5a00000, 0x0000000100000000)
  eden space 1536K, 0% used [0x00000000d5580000,0x00000000d5580000,0x00000000d5700000)
  from space 512K, 87% used [0x00000000d5980000,0x00000000d59f0000,0x00000000d5a00000)
  to   space 1024K, 0% used [0x00000000d5800000,0x00000000d5800000,0x00000000d5900000)
 ParOldGen       total 178176K, used 178155K [0x0000000080000000, 0x000000008ae00000, 0x00000000d5580000)
  object space 178176K, 99% used [0x0000000080000000,0x000000008adfae28,0x000000008ae00000)
 Metaspace       used 64835K, committed 66368K, reserved 1114112K
  class space    used 6829K, committed 7552K, reserved 1048576K
}
Event: 46.174 GC heap before
{Heap before GC invocations=218 (full 3):
 PSYoungGen      total 2048K, used 1984K [0x00000000d5580000, 0x00000000d5a00000, 0x0000000100000000)
  eden space 1536K, 100% used [0x00000000d5580000,0x00000000d5700000,0x00000000d5700000)
  from space 512K, 87% used [0x00000000d5980000,0x00000000d59f0000,0x00000000d5a00000)
  to   space 1024K, 0% used [0x00000000d5800000,0x00000000d5800000,0x00000000d5900000)
 ParOldGen       total 178176K, used 178155K [0x0000000080000000, 0x000000008ae00000, 0x00000000d5580000)
  object space 178176K, 99% used [0x0000000080000000,0x000000008adfae28,0x000000008ae00000)
 Metaspace       used 64853K, committed 66368K, reserved 1114112K
  class space    used 6829K, committed 7552K, reserved 1048576K
}
Event: 46.176 GC heap after
{Heap after GC invocations=218 (full 3):
 PSYoungGen      total 2560K, used 501K [0x00000000d5580000, 0x00000000d5a00000, 0x0000000100000000)
  eden space 1536K, 0% used [0x00000000d5580000,0x00000000d5580000,0x00000000d5700000)
  from space 1024K, 48% used [0x00000000d5800000,0x00000000d587d410,0x00000000d5900000)
  to   space 1024K, 0% used [0x00000000d5900000,0x00000000d5900000,0x00000000d5a00000)
 ParOldGen       total 178688K, used 178458K [0x0000000080000000, 0x000000008ae80000, 0x00000000d5580000)
  object space 178688K, 99% used [0x0000000080000000,0x000000008ae46850,0x000000008ae80000)
 Metaspace       used 64853K, committed 66368K, reserved 1114112K
  class space    used 6829K, committed 7552K, reserved 1048576K
}
Event: 46.185 GC heap before
{Heap before GC invocations=219 (full 3):
 PSYoungGen      total 2560K, used 2037K [0x00000000d5580000, 0x00000000d5a00000, 0x0000000100000000)
  eden space 1536K, 100% used [0x00000000d5580000,0x00000000d5700000,0x00000000d5700000)
  from space 1024K, 48% used [0x00000000d5800000,0x00000000d587d410,0x00000000d5900000)
  to   space 1024K, 0% used [0x00000000d5900000,0x00000000d5900000,0x00000000d5a00000)
 ParOldGen       total 178688K, used 178458K [0x0000000080000000, 0x000000008ae80000, 0x00000000d5580000)
  object space 178688K, 99% used [0x0000000080000000,0x000000008ae46850,0x000000008ae80000)
 Metaspace       used 64865K, committed 66368K, reserved 1114112K
  class space    used 6829K, committed 7552K, reserved 1048576K
}
Event: 46.187 GC heap after
{Heap after GC invocations=219 (full 3):
 PSYoungGen      total 2048K, used 464K [0x00000000d5580000, 0x00000000d5980000, 0x0000000100000000)
  eden space 1536K, 0% used [0x00000000d5580000,0x00000000d5580000,0x00000000d5700000)
  from space 512K, 90% used [0x00000000d5900000,0x00000000d5974050,0x00000000d5980000)
  to   space 512K, 0% used [0x00000000d5880000,0x00000000d5880000,0x00000000d5900000)
 ParOldGen       total 179200K, used 178776K [0x0000000080000000, 0x000000008af00000, 0x00000000d5580000)
  object space 179200K, 99% used [0x0000000080000000,0x000000008ae961a0,0x000000008af00000)
 Metaspace       used 64865K, committed 66368K, reserved 1114112K
  class space    used 6829K, committed 7552K, reserved 1048576K
}
Event: 46.197 GC heap before
{Heap before GC invocations=220 (full 3):
 PSYoungGen      total 2048K, used 2000K [0x00000000d5580000, 0x00000000d5980000, 0x0000000100000000)
  eden space 1536K, 100% used [0x00000000d5580000,0x00000000d5700000,0x00000000d5700000)
  from space 512K, 90% used [0x00000000d5900000,0x00000000d5974050,0x00000000d5980000)
  to   space 512K, 0% used [0x00000000d5880000,0x00000000d5880000,0x00000000d5900000)
 ParOldGen       total 179200K, used 178776K [0x0000000080000000, 0x000000008af00000, 0x00000000d5580000)
  object space 179200K, 99% used [0x0000000080000000,0x000000008ae961a0,0x000000008af00000)
 Metaspace       used 64868K, committed 66368K, reserved 1114112K
  class space    used 6829K, committed 7552K, reserved 1048576K
}
Event: 46.199 GC heap after
{Heap after GC invocations=220 (full 3):
 PSYoungGen      total 2048K, used 480K [0x00000000d5580000, 0x00000000d5980000, 0x0000000100000000)
  eden space 1536K, 0% used [0x00000000d5580000,0x00000000d5580000,0x00000000d5700000)
  from space 512K, 93% used [0x00000000d5880000,0x00000000d58f8000,0x00000000d5900000)
  to   space 512K, 0% used [0x00000000d5900000,0x00000000d5900000,0x00000000d5980000)
 ParOldGen       total 179200K, used 179096K [0x0000000080000000, 0x000000008af00000, 0x00000000d5580000)
  object space 179200K, 99% used [0x0000000080000000,0x000000008aee6068,0x000000008af00000)
 Metaspace       used 64868K, committed 66368K, reserved 1114112K
  class space    used 6829K, committed 7552K, reserved 1048576K
}
Event: 46.211 GC heap before
{Heap before GC invocations=221 (full 3):
 PSYoungGen      total 2048K, used 2016K [0x00000000d5580000, 0x00000000d5980000, 0x0000000100000000)
  eden space 1536K, 100% used [0x00000000d5580000,0x00000000d5700000,0x00000000d5700000)
  from space 512K, 93% used [0x00000000d5880000,0x00000000d58f8000,0x00000000d5900000)
  to   space 512K, 0% used [0x00000000d5900000,0x00000000d5900000,0x00000000d5980000)
 ParOldGen       total 179200K, used 179096K [0x0000000080000000, 0x000000008af00000, 0x00000000d5580000)
  object space 179200K, 99% used [0x0000000080000000,0x000000008aee6068,0x000000008af00000)
 Metaspace       used 64871K, committed 66368K, reserved 1114112K
  class space    used 6829K, committed 7552K, reserved 1048576K
}
Event: 46.213 GC heap after
{Heap after GC invocations=221 (full 3):
 PSYoungGen      total 2048K, used 512K [0x00000000d5580000, 0x00000000d5980000, 0x0000000100000000)
  eden space 1536K, 0% used [0x00000000d5580000,0x00000000d5580000,0x00000000d5700000)
  from space 512K, 100% used [0x00000000d5900000,0x00000000d5980000,0x00000000d5980000)
  to   space 1024K, 0% used [0x00000000d5780000,0x00000000d5780000,0x00000000d5880000)
 ParOldGen       total 179712K, used 179486K [0x0000000080000000, 0x000000008af80000, 0x00000000d5580000)
  object space 179712K, 99% used [0x0000000080000000,0x000000008af479c8,0x000000008af80000)
 Metaspace       used 64871K, committed 66368K, reserved 1114112K
  class space    used 6829K, committed 7552K, reserved 1048576K
}
Event: 46.219 GC heap before
{Heap before GC invocations=222 (full 3):
 PSYoungGen      total 2048K, used 2048K [0x00000000d5580000, 0x00000000d5980000, 0x0000000100000000)
  eden space 1536K, 100% used [0x00000000d5580000,0x00000000d5700000,0x00000000d5700000)
  from space 512K, 100% used [0x00000000d5900000,0x00000000d5980000,0x00000000d5980000)
  to   space 1024K, 0% used [0x00000000d5780000,0x00000000d5780000,0x00000000d5880000)
 ParOldGen       total 179712K, used 179486K [0x0000000080000000, 0x000000008af80000, 0x00000000d5580000)
  object space 179712K, 99% used [0x0000000080000000,0x000000008af479c8,0x000000008af80000)
 Metaspace       used 64873K, committed 66368K, reserved 1114112K
  class space    used 6829K, committed 7552K, reserved 1048576K
}
Event: 46.221 GC heap after
{Heap after GC invocations=222 (full 3):
 PSYoungGen      total 2560K, used 437K [0x00000000d5580000, 0x00000000d5980000, 0x0000000100000000)
  eden space 1536K, 0% used [0x00000000d5580000,0x00000000d5580000,0x00000000d5700000)
  from space 1024K, 42% used [0x00000000d5780000,0x00000000d57ed6c0,0x00000000d5880000)
  to   space 1024K, 0% used [0x00000000d5880000,0x00000000d5880000,0x00000000d5980000)
 ParOldGen       total 180224K, used 179840K [0x0000000080000000, 0x000000008b000000, 0x00000000d5580000)
  object space 180224K, 99% used [0x0000000080000000,0x000000008afa0218,0x000000008b000000)
 Metaspace       used 64873K, committed 66368K, reserved 1114112K
  class space    used 6829K, committed 7552K, reserved 1048576K
}
Event: 46.229 GC heap before
{Heap before GC invocations=223 (full 3):
 PSYoungGen      total 2560K, used 1973K [0x00000000d5580000, 0x00000000d5980000, 0x0000000100000000)
  eden space 1536K, 100% used [0x00000000d5580000,0x00000000d5700000,0x00000000d5700000)
  from space 1024K, 42% used [0x00000000d5780000,0x00000000d57ed6c0,0x00000000d5880000)
  to   space 1024K, 0% used [0x00000000d5880000,0x00000000d5880000,0x00000000d5980000)
 ParOldGen       total 180224K, used 179840K [0x0000000080000000, 0x000000008b000000, 0x00000000d5580000)
  object space 180224K, 99% used [0x0000000080000000,0x000000008afa0218,0x000000008b000000)
 Metaspace       used 64879K, committed 66432K, reserved 1114112K
  class space    used 6829K, committed 7552K, reserved 1048576K
}
Event: 46.231 GC heap after
{Heap after GC invocations=223 (full 3):
 PSYoungGen      total 2560K, used 541K [0x00000000d5580000, 0x00000000d5980000, 0x0000000100000000)
  eden space 1536K, 0% used [0x00000000d5580000,0x00000000d5580000,0x00000000d5700000)
  from space 1024K, 52% used [0x00000000d5880000,0x00000000d5907680,0x00000000d5980000)
  to   space 1024K, 0% used [0x00000000d5780000,0x00000000d5780000,0x00000000d5880000)
 ParOldGen       total 180224K, used 180034K [0x0000000080000000, 0x000000008b000000, 0x00000000d5580000)
  object space 180224K, 99% used [0x0000000080000000,0x000000008afd09d8,0x000000008b000000)
 Metaspace       used 64879K, committed 66432K, reserved 1114112K
  class space    used 6829K, committed 7552K, reserved 1048576K
}
Event: 46.240 GC heap before
{Heap before GC invocations=224 (full 3):
 PSYoungGen      total 2560K, used 2077K [0x00000000d5580000, 0x00000000d5980000, 0x0000000100000000)
  eden space 1536K, 100% used [0x00000000d5580000,0x00000000d5700000,0x00000000d5700000)
  from space 1024K, 52% used [0x00000000d5880000,0x00000000d5907680,0x00000000d5980000)
  to   space 1024K, 0% used [0x00000000d5780000,0x00000000d5780000,0x00000000d5880000)
 ParOldGen       total 180224K, used 180034K [0x0000000080000000, 0x000000008b000000, 0x00000000d5580000)
  object space 180224K, 99% used [0x0000000080000000,0x000000008afd09d8,0x000000008b000000)
 Metaspace       used 64885K, committed 66432K, reserved 1114112K
  class space    used 6830K, committed 7552K, reserved 1048576K
}
Event: 46.243 GC heap after
{Heap after GC invocations=224 (full 3):
 PSYoungGen      total 2560K, used 513K [0x00000000d5580000, 0x00000000d5900000, 0x0000000100000000)
  eden space 1536K, 0% used [0x00000000d5580000,0x00000000d5580000,0x00000000d5700000)
  from space 1024K, 50% used [0x00000000d5780000,0x00000000d58005a0,0x00000000d5880000)
  to   space 512K, 0% used [0x00000000d5880000,0x00000000d5880000,0x00000000d5900000)
 ParOldGen       total 180736K, used 180375K [0x0000000080000000, 0x000000008b080000, 0x00000000d5580000)
  object space 180736K, 99% used [0x0000000080000000,0x000000008b025fe0,0x000000008b080000)
 Metaspace       used 64885K, committed 66432K, reserved 1114112K
  class space    used 6830K, committed 7552K, reserved 1048576K
}
Event: 46.247 GC heap before
{Heap before GC invocations=225 (full 3):
 PSYoungGen      total 2560K, used 2049K [0x00000000d5580000, 0x00000000d5900000, 0x0000000100000000)
  eden space 1536K, 100% used [0x00000000d5580000,0x00000000d5700000,0x00000000d5700000)
  from space 1024K, 50% used [0x00000000d5780000,0x00000000d58005a0,0x00000000d5880000)
  to   space 512K, 0% used [0x00000000d5880000,0x00000000d5880000,0x00000000d5900000)
 ParOldGen       total 180736K, used 180375K [0x0000000080000000, 0x000000008b080000, 0x00000000d5580000)
  object space 180736K, 99% used [0x0000000080000000,0x000000008b025fe0,0x000000008b080000)
 Metaspace       used 64885K, committed 66432K, reserved 1114112K
  class space    used 6830K, committed 7552K, reserved 1048576K
}
Event: 46.250 GC heap after
{Heap after GC invocations=225 (full 3):
 PSYoungGen      total 2560K, used 352K [0x00000000d5580000, 0x00000000d5900000, 0x0000000100000000)
  eden space 2048K, 0% used [0x00000000d5580000,0x00000000d5580000,0x00000000d5780000)
  from space 512K, 68% used [0x00000000d5880000,0x00000000d58d8000,0x00000000d5900000)
  to   space 512K, 0% used [0x00000000d5800000,0x00000000d5800000,0x00000000d5880000)
 ParOldGen       total 180736K, used 180685K [0x0000000080000000, 0x000000008b080000, 0x00000000d5580000)
  object space 180736K, 99% used [0x0000000080000000,0x000000008b073798,0x000000008b080000)
 Metaspace       used 64885K, committed 66432K, reserved 1114112K
  class space    used 6830K, committed 7552K, reserved 1048576K
}
Event: 46.261 GC heap before
{Heap before GC invocations=226 (full 3):
 PSYoungGen      total 2560K, used 2400K [0x00000000d5580000, 0x00000000d5900000, 0x0000000100000000)
  eden space 2048K, 100% used [0x00000000d5580000,0x00000000d5780000,0x00000000d5780000)
  from space 512K, 68% used [0x00000000d5880000,0x00000000d58d8000,0x00000000d5900000)
  to   space 512K, 0% used [0x00000000d5800000,0x00000000d5800000,0x00000000d5880000)
 ParOldGen       total 180736K, used 180685K [0x0000000080000000, 0x000000008b080000, 0x00000000d5580000)
  object space 180736K, 99% used [0x0000000080000000,0x000000008b073798,0x000000008b080000)
 Metaspace       used 64903K, committed 66432K, reserved 1114112K
  class space    used 6830K, committed 7552K, reserved 1048576K
}
Event: 46.263 GC heap after
{Heap after GC invocations=226 (full 3):
 PSYoungGen      total 2560K, used 512K [0x00000000d5580000, 0x00000000d5980000, 0x0000000100000000)
  eden space 2048K, 0% used [0x00000000d5580000,0x00000000d5580000,0x00000000d5780000)
  from space 512K, 100% used [0x00000000d5800000,0x00000000d5880000,0x00000000d5880000)
  to   space 1024K, 0% used [0x00000000d5880000,0x00000000d5880000,0x00000000d5980000)
 ParOldGen       total 181248K, used 180983K [0x0000000080000000, 0x000000008b100000, 0x00000000d5580000)
  object space 181248K, 99% used [0x0000000080000000,0x000000008b0bdf88,0x000000008b100000)
 Metaspace       used 64903K, committed 66432K, reserved 1114112K
  class space    used 6830K, committed 7552K, reserved 1048576K
}

Dll operation events (10 events):
Event: 0.014 Loaded shared library c:\Users\PC\.vscode\extensions\redhat.java-1.50.0-win32-x64\jre\21.0.9-win32-x86_64\bin\java.dll
Event: 0.042 Loaded shared library c:\Users\PC\.vscode\extensions\redhat.java-1.50.0-win32-x64\jre\21.0.9-win32-x86_64\bin\zip.dll
Event: 0.140 Loaded shared library C:\Users\PC\.vscode\extensions\redhat.java-1.50.0-win32-x64\jre\21.0.9-win32-x86_64\bin\instrument.dll
Event: 0.151 Loaded shared library C:\Users\PC\.vscode\extensions\redhat.java-1.50.0-win32-x64\jre\21.0.9-win32-x86_64\bin\net.dll
Event: 0.155 Loaded shared library C:\Users\PC\.vscode\extensions\redhat.java-1.50.0-win32-x64\jre\21.0.9-win32-x86_64\bin\nio.dll
Event: 0.159 Loaded shared library C:\Users\PC\.vscode\extensions\redhat.java-1.50.0-win32-x64\jre\21.0.9-win32-x86_64\bin\zip.dll
Event: 0.178 Loaded shared library C:\Users\PC\.vscode\extensions\redhat.java-1.50.0-win32-x64\jre\21.0.9-win32-x86_64\bin\jimage.dll
Event: 0.266 Loaded shared library c:\Users\PC\.vscode\extensions\redhat.java-1.50.0-win32-x64\jre\21.0.9-win32-x86_64\bin\verify.dll
Event: 1.625 Loaded shared library C:\Users\PC\AppData\Roaming\Code\User\globalStorage\redhat.java\1.50.0\config_win\org.eclipse.equinox.launcher\org.eclipse.equinox.launcher.win32.win32.x86_64_1.2.1400.v20250801-0854\eclipse_11916.dll
Event: 2.922 Loaded shared library C:\Users\PC\AppData\Local\Temp\jna-2547\jna11484820410239990393.dll

Deoptimization events (20 events):
Event: 46.046 Thread 0x0000014c5c226a60 DEOPT PACKING pc=0x0000014c016f8e22 sp=0x00000049025fe960
Event: 46.046 Thread 0x0000014c5c226a60 DEOPT UNPACKING pc=0x0000014c07584242 sp=0x00000049025fded8 mode 0
Event: 46.058 Thread 0x0000014c5c226a60 DEOPT PACKING pc=0x0000014c016f8e22 sp=0x00000049025fe960
Event: 46.058 Thread 0x0000014c5c226a60 DEOPT UNPACKING pc=0x0000014c07584242 sp=0x00000049025fded8 mode 0
Event: 46.073 Thread 0x0000014c5c226a60 DEOPT PACKING pc=0x0000014c016f8e22 sp=0x00000049025fe960
Event: 46.073 Thread 0x0000014c5c226a60 DEOPT UNPACKING pc=0x0000014c07584242 sp=0x00000049025fded8 mode 0
Event: 46.091 Thread 0x0000014c5fb4ed80 DEOPT PACKING pc=0x0000014c016f8e22 sp=0x00000049053fda20
Event: 46.091 Thread 0x0000014c5fb4ed80 DEOPT UNPACKING pc=0x0000014c07584242 sp=0x00000049053fcf98 mode 0
Event: 46.147 Thread 0x0000014c5fb4ed80 Uncommon trap: trap_request=0xffffff45 fr.pc=0x0000014c08227e08 relative=0x00000000000010c8
Event: 46.147 Thread 0x0000014c5fb4ed80 Uncommon trap: reason=unstable_if action=reinterpret pc=0x0000014c08227e08 method=org.eclipse.jdt.internal.compiler.classfmt.FieldInfo.createField([B[IIJ)Lorg/eclipse/jdt/internal/compiler/classfmt/FieldInfo; @ 167 c2
Event: 46.147 Thread 0x0000014c5fb4ed80 DEOPT PACKING pc=0x0000014c08227e08 sp=0x00000049053fd930
Event: 46.147 Thread 0x0000014c5fb4ed80 DEOPT UNPACKING pc=0x0000014c07583aa2 sp=0x00000049053fd8b8 mode 2
Event: 46.160 Thread 0x0000014c5c226a60 DEOPT PACKING pc=0x0000014c016f8e22 sp=0x00000049025fe960
Event: 46.160 Thread 0x0000014c5c226a60 DEOPT UNPACKING pc=0x0000014c07584242 sp=0x00000049025fded8 mode 0
Event: 46.215 Thread 0x0000014c5c226a60 DEOPT PACKING pc=0x0000014c016f8e22 sp=0x00000049025fe960
Event: 46.215 Thread 0x0000014c5c226a60 DEOPT UNPACKING pc=0x0000014c07584242 sp=0x00000049025fded8 mode 0
Event: 46.232 Thread 0x0000014c5c226a60 DEOPT PACKING pc=0x0000014c016f8e22 sp=0x00000049025fe960
Event: 46.232 Thread 0x0000014c5c226a60 DEOPT UNPACKING pc=0x0000014c07584242 sp=0x00000049025fded8 mode 0
Event: 46.257 Thread 0x0000014c5c226a60 DEOPT PACKING pc=0x0000014c016f8e22 sp=0x00000049025fe960
Event: 46.257 Thread 0x0000014c5c226a60 DEOPT UNPACKING pc=0x0000014c07584242 sp=0x00000049025fded8 mode 0

Classes loaded (20 events):
Event: 31.876 Loading class java/util/stream/DistinctOps$1$2
Event: 31.877 Loading class java/util/stream/DistinctOps$1$2 done
Event: 32.006 Loading class java/util/concurrent/ArrayBlockingQueue
Event: 32.007 Loading class java/util/concurrent/ArrayBlockingQueue done
Event: 32.216 Loading class java/util/stream/ReduceOps$5
Event: 32.216 Loading class java/util/stream/ReduceOps$5 done
Event: 32.217 Loading class java/util/stream/ReduceOps$CountingSink$OfRef
Event: 32.217 Loading class java/util/stream/ReduceOps$CountingSink
Event: 32.217 Loading class java/util/stream/ReduceOps$CountingSink done
Event: 32.217 Loading class java/util/stream/ReduceOps$CountingSink$OfRef done
Event: 40.593 Loading class java/lang/Throwable$WrappedPrintWriter
Event: 40.593 Loading class java/lang/Throwable$PrintStreamOrWriter
Event: 40.593 Loading class java/lang/Throwable$PrintStreamOrWriter done
Event: 40.593 Loading class java/lang/Throwable$WrappedPrintWriter done
Event: 42.727 Loading class java/util/concurrent/CompletableFuture$AsyncRun
Event: 42.727 Loading class java/util/concurrent/CompletableFuture$AsyncRun done
Event: 42.852 Loading class sun/nio/fs/WindowsFileCopy
Event: 42.852 Loading class sun/nio/fs/WindowsFileCopy done
Event: 43.574 Loading class java/lang/invoke/MethodHandleImpl$CountingWrapper$1
Event: 43.574 Loading class java/lang/invoke/MethodHandleImpl$CountingWrapper$1 done

Classes unloaded (7 events):
Event: 3.409 Thread 0x0000014c138948e0 Unloading class 0x0000014c151ab000 'java/lang/invoke/LambdaForm$MH+0x0000014c151ab000'
Event: 3.409 Thread 0x0000014c138948e0 Unloading class 0x0000014c151aac00 'java/lang/invoke/LambdaForm$MH+0x0000014c151aac00'
Event: 3.409 Thread 0x0000014c138948e0 Unloading class 0x0000014c151aa800 'java/lang/invoke/LambdaForm$MH+0x0000014c151aa800'
Event: 3.409 Thread 0x0000014c138948e0 Unloading class 0x0000014c151aa400 'java/lang/invoke/LambdaForm$MH+0x0000014c151aa400'
Event: 3.409 Thread 0x0000014c138948e0 Unloading class 0x0000014c151aa000 'java/lang/invoke/LambdaForm$BMH+0x0000014c151aa000'
Event: 3.409 Thread 0x0000014c138948e0 Unloading class 0x0000014c151a9c00 'java/lang/invoke/LambdaForm$DMH+0x0000014c151a9c00'
Event: 3.409 Thread 0x0000014c138948e0 Unloading class 0x0000014c151a8c00 'java/lang/invoke/LambdaForm$DMH+0x0000014c151a8c00'

Classes redefined (0 events):
No events

Internal exceptions (20 events):
Event: 43.511 Thread 0x0000014c5c2c7380 Exception <a 'sun/nio/fs/WindowsException'{0x00000000d5a0cdd0}> (0x00000000d5a0cdd0) 
thrown [s\src\hotspot\share\prims\jni.cpp, line 520]
Event: 43.512 Thread 0x0000014c5c2c7380 Exception <a 'sun/nio/fs/WindowsException'{0x00000000d5a0e1c0}> (0x00000000d5a0e1c0) 
thrown [s\src\hotspot\share\prims\jni.cpp, line 520]
Event: 43.512 Thread 0x0000014c5c2c7380 Exception <a 'sun/nio/fs/WindowsException'{0x00000000d5a1e968}> (0x00000000d5a1e968) 
thrown [s\src\hotspot\share\prims\jni.cpp, line 520]
Event: 43.515 Thread 0x0000014c6019f010 Exception <a 'sun/nio/fs/WindowsException'{0x00000000d5a170e0}> (0x00000000d5a170e0) 
thrown [s\src\hotspot\share\prims\jni.cpp, line 520]
Event: 43.515 Thread 0x0000014c6019f010 Exception <a 'sun/nio/fs/WindowsException'{0x00000000d5a179c0}> (0x00000000d5a179c0) 
thrown [s\src\hotspot\share\prims\jni.cpp, line 520]
Event: 43.517 Thread 0x0000014c6019f010 Exception <a 'sun/nio/fs/WindowsException'{0x00000000d5a2b3a0}> (0x00000000d5a2b3a0) 
thrown [s\src\hotspot\share\prims\jni.cpp, line 520]
Event: 43.517 Thread 0x0000014c6019f010 Exception <a 'sun/nio/fs/WindowsException'{0x00000000d5a2bc80}> (0x00000000d5a2bc80) 
thrown [s\src\hotspot\share\prims\jni.cpp, line 520]
Event: 43.522 Thread 0x0000014c6019f010 Exception <a 'sun/nio/fs/WindowsException'{0x00000000d5a66140}> (0x00000000d5a66140) 
thrown [s\src\hotspot\share\prims\jni.cpp, line 520]
Event: 43.522 Thread 0x0000014c6019f010 Exception <a 'sun/nio/fs/WindowsException'{0x00000000d5a66a20}> (0x00000000d5a66a20) 
thrown [s\src\hotspot\share\prims\jni.cpp, line 520]
Event: 43.566 Thread 0x0000014c6019f010 Exception <a 'sun/nio/fs/WindowsException'{0x00000000d5cf1b30}> (0x00000000d5cf1b30) 
thrown [s\src\hotspot\share\prims\jni.cpp, line 520]
Event: 43.566 Thread 0x0000014c6019f010 Exception <a 'sun/nio/fs/WindowsException'{0x00000000d5cf2410}> (0x00000000d5cf2410) 
thrown [s\src\hotspot\share\prims\jni.cpp, line 520]
Event: 43.841 Thread 0x0000014c5c226a60 Implicit null exception at 0x0000014c0817f069 to 0x0000014c0817f23c
Event: 44.462 Thread 0x0000014c601a3840 Exception <a 'sun/nio/fs/WindowsException'{0x00000000d5728030}> (0x00000000d5728030) 
thrown [s\src\hotspot\share\prims\jni.cpp, line 520]
Event: 44.462 Thread 0x0000014c601a3840 Exception <a 'sun/nio/fs/WindowsException'{0x00000000d57346a8}> (0x00000000d57346a8) 
thrown [s\src\hotspot\share\prims\jni.cpp, line 520]
Event: 44.472 Thread 0x0000014c601a1770 Exception <a 'sun/nio/fs/WindowsException'{0x00000000d591abe0}> (0x00000000d591abe0) 
thrown [s\src\hotspot\share\prims\jni.cpp, line 520]
Event: 44.472 Thread 0x0000014c601a1770 Exception <a 'sun/nio/fs/WindowsException'{0x00000000d591b210}> (0x00000000d591b210) 
thrown [s\src\hotspot\share\prims\jni.cpp, line 520]
Event: 44.482 Thread 0x0000014c601a1770 Exception <a 'sun/nio/fs/WindowsException'{0x00000000d5adbfa8}> (0x00000000d5adbfa8) 
thrown [s\src\hotspot\share\prims\jni.cpp, line 520]
Event: 44.482 Thread 0x0000014c601a1770 Exception <a 'sun/nio/fs/WindowsException'{0x00000000d5b0b100}> (0x00000000d5b0b100) 
thrown [s\src\hotspot\share\prims\jni.cpp, line 520]
Event: 44.511 Thread 0x0000014c6019f010 Exception <a 'sun/nio/fs/WindowsException'{0x00000000d5778978}> (0x00000000d5778978) 
thrown [s\src\hotspot\share\prims\jni.cpp, line 520]
Event: 44.511 Thread 0x0000014c6019f010 Exception <a 'sun/nio/fs/WindowsException'{0x00000000d5779258}> (0x00000000d5779258) 
thrown [s\src\hotspot\share\prims\jni.cpp, line 520]

ZGC Phase Switch (0 events):
No events

VM Operations (20 events):
Event: 46.162 Executing VM operation: ParallelGCFailedAllocation (Allocation Failure)
Event: 46.164 Executing VM operation: ParallelGCFailedAllocation (Allocation Failure) done
Event: 46.174 Executing VM operation: ParallelGCFailedAllocation (Allocation Failure)
Event: 46.176 Executing VM operation: ParallelGCFailedAllocation (Allocation Failure) done
Event: 46.184 Executing VM operation: ParallelGCFailedAllocation (Allocation Failure)
Event: 46.187 Executing VM operation: ParallelGCFailedAllocation (Allocation Failure) done
Event: 46.197 Executing VM operation: ParallelGCFailedAllocation (Allocation Failure)
Event: 46.199 Executing VM operation: ParallelGCFailedAllocation (Allocation Failure) done
Event: 46.211 Executing VM operation: ParallelGCFailedAllocation (Allocation Failure)
Event: 46.213 Executing VM operation: ParallelGCFailedAllocation (Allocation Failure) done
Event: 46.219 Executing VM operation: ParallelGCFailedAllocation (Allocation Failure)
Event: 46.222 Executing VM operation: ParallelGCFailedAllocation (Allocation Failure) done
Event: 46.229 Executing VM operation: ParallelGCFailedAllocation (Allocation Failure)
Event: 46.231 Executing VM operation: ParallelGCFailedAllocation (Allocation Failure) done
Event: 46.240 Executing VM operation: ParallelGCFailedAllocation (Allocation Failure)
Event: 46.243 Executing VM operation: ParallelGCFailedAllocation (Allocation Failure) done
Event: 46.247 Executing VM operation: ParallelGCFailedAllocation (Allocation Failure)
Event: 46.250 Executing VM operation: ParallelGCFailedAllocation (Allocation Failure) done
Event: 46.261 Executing VM operation: ParallelGCFailedAllocation (Allocation Failure)
Event: 46.263 Executing VM operation: ParallelGCFailedAllocation (Allocation Failure) done

Memory protections (0 events):
No events

Nmethod flushes (20 events):
Event: 31.217 Thread 0x0000014c138948e0 flushing  nmethod 0x0000014c00814c90
Event: 31.217 Thread 0x0000014c138948e0 flushing  nmethod 0x0000014c0082d890
Event: 31.217 Thread 0x0000014c138948e0 flushing  nmethod 0x0000014c00831490
Event: 31.217 Thread 0x0000014c138948e0 flushing  nmethod 0x0000014c00831c10
Event: 31.217 Thread 0x0000014c138948e0 flushing  nmethod 0x0000014c00832210
Event: 31.217 Thread 0x0000014c138948e0 flushing  nmethod 0x0000014c00832690
Event: 31.217 Thread 0x0000014c138948e0 flushing  nmethod 0x0000014c00834090
Event: 31.217 Thread 0x0000014c138948e0 flushing  nmethod 0x0000014c0083d190
Event: 31.217 Thread 0x0000014c138948e0 flushing  nmethod 0x0000014c00852290
Event: 31.217 Thread 0x0000014c138948e0 flushing  nmethod 0x0000014c0086bd90
Event: 31.217 Thread 0x0000014c138948e0 flushing osr nmethod 0x0000014c00887490
Event: 31.217 Thread 0x0000014c138948e0 flushing  nmethod 0x0000014c0088b390
Event: 31.217 Thread 0x0000014c138948e0 flushing  nmethod 0x0000014c008a3d10
Event: 31.217 Thread 0x0000014c138948e0 flushing  nmethod 0x0000014c008a5810
Event: 31.217 Thread 0x0000014c138948e0 flushing  nmethod 0x0000014c008a7110
Event: 31.217 Thread 0x0000014c138948e0 flushing  nmethod 0x0000014c008a7590
Event: 31.217 Thread 0x0000014c138948e0 flushing  nmethod 0x0000014c008a7910
Event: 31.217 Thread 0x0000014c138948e0 flushing  nmethod 0x0000014c008b2a90
Event: 31.217 Thread 0x0000014c138948e0 flushing  nmethod 0x0000014c008b6110
Event: 31.217 Thread 0x0000014c138948e0 flushing  nmethod 0x0000014c008bf310

Events (20 events):
Event: 31.304 Thread 0x0000014c601a10e0 Thread added: 0x0000014c601a1770
Event: 31.544 Thread 0x0000014c601a10e0 Thread added: 0x0000014c601a2490
Event: 31.544 Thread 0x0000014c601a10e0 Thread added: 0x0000014c601a2b20
Event: 31.544 Thread 0x0000014c601a10e0 Thread added: 0x0000014c601a31b0
Event: 31.544 Thread 0x0000014c601a10e0 Thread added: 0x0000014c601a03c0
Event: 31.545 Thread 0x0000014c601a10e0 Thread added: 0x0000014c601a3ed0
Event: 31.545 Thread 0x0000014c601a10e0 Thread added: 0x0000014c601a0a50
Event: 31.545 Thread 0x0000014c601a10e0 Thread added: 0x0000014c5fb4d9d0
Event: 31.545 Thread 0x0000014c601a10e0 Thread added: 0x0000014c5fb4e060
Event: 31.545 Thread 0x0000014c601a10e0 Thread added: 0x0000014c5fb4e6f0
Event: 31.545 Thread 0x0000014c601a10e0 Thread added: 0x0000014c5fb4f410
Event: 32.008 Thread 0x0000014c601a10e0 Thread added: 0x0000014c5fb4ed80
Event: 32.849 Thread 0x0000014c5c6cd190 Thread exited: 0x0000014c5c6cd190
Event: 32.849 Thread 0x0000014c5e6488a0 Thread exited: 0x0000014c5e6488a0
Event: 40.628 Thread 0x0000014c55e547a0 Thread added: 0x0000014c5e6488a0
Event: 40.633 Thread 0x0000014c55e547a0 Thread added: 0x0000014c5e88bc50
Event: 42.723 Thread 0x0000014c5e88bc50 Thread exited: 0x0000014c5e88bc50
Event: 42.723 Thread 0x0000014c5e6488a0 Thread exited: 0x0000014c5e6488a0
Event: 42.772 Thread 0x0000014c55e547a0 Thread added: 0x0000014c5e88bc50
Event: 42.773 Thread 0x0000014c55e547a0 Thread added: 0x0000014c5fc7e060


Dynamic libraries:
0x00007ff61dcf0000 - 0x00007ff61dcfe000 	c:\Users\PC\.vscode\extensions\redhat.java-1.50.0-win32-x64\jre\21.0.9-win32-x86_64\bin\java.exe
0x00007ffcc99c0000 - 0x00007ffcc9c28000 	C:\WINDOWS\SYSTEM32\ntdll.dll
0x00007ffcc9330000 - 0x00007ffcc93f9000 	C:\WINDOWS\System32\KERNEL32.DLL
0x00007ffcc7360000 - 0x00007ffcc7758000 	C:\WINDOWS\System32\KERNELBASE.dll
0x00007ffcc7210000 - 0x00007ffcc735b000 	C:\WINDOWS\System32\ucrtbase.dll
0x00007ffcb1610000 - 0x00007ffcb1628000 	c:\Users\PC\.vscode\extensions\redhat.java-1.50.0-win32-x64\jre\21.0.9-win32-x86_64\bin\jli.dll
0x00007ffcb2120000 - 0x00007ffcb213e000 	c:\Users\PC\.vscode\extensions\redhat.java-1.50.0-win32-x64\jre\21.0.9-win32-x86_64\bin\VCRUNTIME140.dll
0x00007ffcc8410000 - 0x00007ffcc85d7000 	C:\WINDOWS\System32\USER32.dll
0x00007ffcc6c70000 - 0x00007ffcc6c97000 	C:\WINDOWS\System32\win32u.dll
0x00007ffcc7e20000 - 0x00007ffcc7e4b000 	C:\WINDOWS\System32\GDI32.dll
0x00007ffcc6e10000 - 0x00007ffcc6f3c000 	C:\WINDOWS\System32\gdi32full.dll
0x00007ffcc6bc0000 - 0x00007ffcc6c63000 	C:\WINDOWS\System32\msvcp_win.dll
0x00007ffcac4e0000 - 0x00007ffcac774000 	C:\WINDOWS\WinSxS\amd64_microsoft.windows.common-controls_6595b64144ccf1df_6.0.26100.7019_none_3e06ffa0e335b8a8\COMCTL32.dll
0x00007ffcc91c0000 - 0x00007ffcc9269000 	C:\WINDOWS\System32\msvcrt.dll
0x00007ffcc9400000 - 0x00007ffcc9431000 	C:\WINDOWS\System32\IMM32.DLL
0x00007ffcb64d0000 - 0x00007ffcb64dc000 	c:\Users\PC\.vscode\extensions\redhat.java-1.50.0-win32-x64\jre\21.0.9-win32-x86_64\bin\vcruntime140_1.dll
0x00007ffc927c0000 - 0x00007ffc9284d000 	c:\Users\PC\.vscode\extensions\redhat.java-1.50.0-win32-x64\jre\21.0.9-win32-x86_64\bin\msvcp140.dll
0x00007ffc605c0000 - 0x00007ffc61360000 	c:\Users\PC\.vscode\extensions\redhat.java-1.50.0-win32-x64\jre\21.0.9-win32-x86_64\bin\server\jvm.dll
0x00007ffcc9270000 - 0x00007ffcc9324000 	C:\WINDOWS\System32\ADVAPI32.dll
0x00007ffcc88a0000 - 0x00007ffcc8946000 	C:\WINDOWS\System32\sechost.dll
0x00007ffcc96a0000 - 0x00007ffcc97b8000 	C:\WINDOWS\System32\RPCRT4.dll
0x00007ffcc7760000 - 0x00007ffcc77d4000 	C:\WINDOWS\System32\WS2_32.dll
0x00007ffcc6970000 - 0x00007ffcc69ce000 	C:\WINDOWS\SYSTEM32\POWRPROF.dll
0x00007ffcbdcf0000 - 0x00007ffcbdd25000 	C:\WINDOWS\SYSTEM32\WINMM.dll
0x00007ffcac780000 - 0x00007ffcac78b000 	C:\WINDOWS\SYSTEM32\VERSION.dll
0x00007ffcc6950000 - 0x00007ffcc6964000 	C:\WINDOWS\SYSTEM32\UMPDC.dll
0x00007ffcc58d0000 - 0x00007ffcc58eb000 	C:\WINDOWS\SYSTEM32\kernel.appcore.dll
0x00007ffcb28f0000 - 0x00007ffcb28fa000 	c:\Users\PC\.vscode\extensions\redhat.java-1.50.0-win32-x64\jre\21.0.9-win32-x86_64\bin\jimage.dll
0x00007ffcc41e0000 - 0x00007ffcc4422000 	C:\WINDOWS\SYSTEM32\DBGHELP.DLL
0x00007ffcc7a90000 - 0x00007ffcc7e1b000 	C:\WINDOWS\System32\combase.dll
0x00007ffcc7ea0000 - 0x00007ffcc7f77000 	C:\WINDOWS\System32\OLEAUT32.dll
0x00007ffcb3790000 - 0x00007ffcb37cc000 	C:\WINDOWS\SYSTEM32\dbgcore.DLL
0x00007ffcc6b10000 - 0x00007ffcc6bb5000 	C:\WINDOWS\System32\bcryptPrimitives.dll
0x00007ffcb1cc0000 - 0x00007ffcb1ccf000 	c:\Users\PC\.vscode\extensions\redhat.java-1.50.0-win32-x64\jre\21.0.9-win32-x86_64\bin\instrument.dll
0x00007ffcaeec0000 - 0x00007ffcaeee0000 	c:\Users\PC\.vscode\extensions\redhat.java-1.50.0-win32-x64\jre\21.0.9-win32-x86_64\bin\java.dll
0x00007ffcc8a60000 - 0x00007ffcc91af000 	C:\WINDOWS\System32\SHELL32.dll
0x00007ffcc6ca0000 - 0x00007ffcc6e0b000 	C:\WINDOWS\System32\wintypes.dll
0x00007ffcc45b0000 - 0x00007ffcc4e0d000 	C:\WINDOWS\SYSTEM32\windows.storage.dll
0x00007ffcc9850000 - 0x00007ffcc9942000 	C:\WINDOWS\System32\SHCORE.dll
0x00007ffcc85e0000 - 0x00007ffcc8647000 	C:\WINDOWS\System32\shlwapi.dll
0x00007ffcc6a30000 - 0x00007ffcc6a59000 	C:\WINDOWS\SYSTEM32\profapi.dll
0x00007ffcb15f0000 - 0x00007ffcb1608000 	c:\Users\PC\.vscode\extensions\redhat.java-1.50.0-win32-x64\jre\21.0.9-win32-x86_64\bin\zip.dll
0x00007ffcb1990000 - 0x00007ffcb19a0000 	C:\Users\PC\.vscode\extensions\redhat.java-1.50.0-win32-x64\jre\21.0.9-win32-x86_64\bin\net.dll
0x00007ffcb56c0000 - 0x00007ffcb57e8000 	C:\WINDOWS\SYSTEM32\WINHTTP.dll
0x00007ffcc5e40000 - 0x00007ffcc5eab000 	C:\WINDOWS\system32\mswsock.dll
0x00007ffcb15d0000 - 0x00007ffcb15e6000 	C:\Users\PC\.vscode\extensions\redhat.java-1.50.0-win32-x64\jre\21.0.9-win32-x86_64\bin\nio.dll
0x00007ffcaf640000 - 0x00007ffcaf650000 	c:\Users\PC\.vscode\extensions\redhat.java-1.50.0-win32-x64\jre\21.0.9-win32-x86_64\bin\verify.dll
0x00007ffc9f8e0000 - 0x00007ffc9f924000 	C:\Users\PC\AppData\Roaming\Code\User\globalStorage\redhat.java\1.50.0\config_win\org.eclipse.equinox.launcher\org.eclipse.equinox.launcher.win32.win32.x86_64_1.2.1400.v20250801-0854\eclipse_11916.dll
0x00007ffcc8650000 - 0x00007ffcc87e7000 	C:\WINDOWS\System32\ole32.dll
0x00007ffcc6100000 - 0x00007ffcc611b000 	C:\WINDOWS\SYSTEM32\CRYPTSP.dll
0x00007ffcc5830000 - 0x00007ffcc586a000 	C:\WINDOWS\system32\rsaenh.dll
0x00007ffcc5ef0000 - 0x00007ffcc5f1b000 	C:\WINDOWS\SYSTEM32\USERENV.dll
0x00007ffcc6a00000 - 0x00007ffcc6a2a000 	C:\WINDOWS\SYSTEM32\bcrypt.dll
0x00007ffcc6120000 - 0x00007ffcc612c000 	C:\WINDOWS\SYSTEM32\CRYPTBASE.dll
0x00007ffcc5410000 - 0x00007ffcc5444000 	C:\WINDOWS\SYSTEM32\IPHLPAPI.DLL
0x00007ffcc79b0000 - 0x00007ffcc79ba000 	C:\WINDOWS\System32\NSI.dll
0x00007ffc9e340000 - 0x00007ffc9e389000 	C:\Users\PC\AppData\Local\Temp\jna-2547\jna11484820410239990393.dll
0x00007ffcc8a50000 - 0x00007ffcc8a58000 	C:\WINDOWS\System32\PSAPI.DLL
0x00007ffcbfc80000 - 0x00007ffcbfc9e000 	C:\WINDOWS\SYSTEM32\dhcpcsvc6.DLL
0x00007ffcbfa10000 - 0x00007ffcbfa33000 	C:\WINDOWS\SYSTEM32\dhcpcsvc.DLL

JVMTI agents:
c:\Users\PC\.vscode\extensions\redhat.java-1.50.0-win32-x64\lombok\lombok-1.18.39-4050.jar path:c:\Users\PC\.vscode\extensions\redhat.java-1.50.0-win32-x64\jre\21.0.9-win32-x86_64\bin\instrument.dll, loaded, initialized, instrumentlib options:none

dbghelp: loaded successfully - version: 4.0.5 - missing functions: none
symbol engine: initialized successfully - sym options: 0x614 - pdb path: .;c:\Users\PC\.vscode\extensions\redhat.java-1.50.0-win32-x64\jre\21.0.9-win32-x86_64\bin;C:\WINDOWS\SYSTEM32;C:\WINDOWS\WinSxS\amd64_microsoft.windows.common-controls_6595b64144ccf1df_6.0.26100.7019_none_3e06ffa0e335b8a8;c:\Users\PC\.vscode\extensions\redhat.java-1.50.0-win32-x64\jre\21.0.9-win32-x86_64\bin\server;C:\Users\PC\AppData\Roaming\Code\User\globalStorage\redhat.java\1.50.0\config_win\org.eclipse.equinox.launcher\org.eclipse.equinox.launcher.win32.win32.x86_64_1.2.1400.v20250801-0854;C:\Users\PC\AppData\Local\Temp\jna-2547

VM Arguments:
jvm_args: --add-modules=ALL-SYSTEM --add-opens=java.base/java.util=ALL-UNNAMED --add-opens=java.base/java.lang=ALL-UNNAMED --add-opens=java.base/sun.nio.fs=ALL-UNNAMED -Declipse.application=org.eclipse.jdt.ls.core.id1 -Dosgi.bundles.defaultStartLevel=4 -Declipse.product=org.eclipse.jdt.ls.core.product -Djava.import.generatesMetadataFilesAtProjectRoot=false -DDetectVMInstallationsJob.disabled=true -Dfile.encoding=utf8 -XX:+UseParallelGC -XX:GCTimeRatio=4 -XX:AdaptiveSizePolicyWeight=90 -Dsun.zip.disableMemoryMapping=true -Xmx2G -Xms100m -Xlog:disable -javaagent:c:\Users\PC\.vscode\extensions\redhat.java-1.50.0-win32-x64\lombok\lombok-1.18.39-4050.jar -XX:+HeapDumpOnOutOfMemoryError -XX:HeapDumpPath=c:\Users\PC\AppData\Roaming\Code\User\workspaceStorage\b8398ec737789522355a1bcf285cffab\redhat.java -Daether.dependencyCollector.impl=bf 
java_command: c:\Users\PC\.vscode\extensions\redhat.java-1.50.0-win32-x64\server\plugins\org.eclipse.equinox.launcher_1.7.100.v20251111-0406.jar -configuration c:\Users\PC\AppData\Roaming\Code\User\globalStorage\redhat.java\1.50.0\config_win -data c:\Users\PC\AppData\Roaming\Code\User\workspaceStorage\b8398ec737789522355a1bcf285cffab\redhat.java\jdt_ws --pipe=\\.\pipe\lsp-e6179023e5eac91703e821e5ab6fbedc-sock
java_class_path (initial): c:\Users\PC\.vscode\extensions\redhat.java-1.50.0-win32-x64\server\plugins\org.eclipse.equinox.launcher_1.7.100.v20251111-0406.jar
Launcher Type: SUN_STANDARD

[Global flags]
    uintx AdaptiveSizePolicyWeight                 = 90                                        {product} {command line}
     intx CICompilerCount                          = 4                                         {product} {ergonomic}
    uintx GCTimeRatio                              = 4                                         {product} {command line}
     bool HeapDumpOnOutOfMemoryError               = true                                   {manageable} {command line}
    ccstr HeapDumpPath                             = c:\Users\PC\AppData\Roaming\Code\User\workspaceStorage\b8398ec737789522355a1bcf285cffab\redhat.java         {manageable} {command line}
   size_t InitialHeapSize                          = 104857600                                 {product} {command line}
   size_t MaxHeapSize                              = 2147483648                                {product} {command line}
   size_t MaxNewSize                               = 715653120                                 {product} {ergonomic}
   size_t MinHeapDeltaBytes                        = 524288                                    {product} {ergonomic}
   size_t MinHeapSize                              = 104857600                                 {product} {command line}
   size_t NewSize                                  = 34603008                                  {product} {ergonomic}
    uintx NonNMethodCodeHeapSize                   = 5839372                                {pd product} {ergonomic}
    uintx NonProfiledCodeHeapSize                  = 122909434                              {pd product} {ergonomic}
   size_t OldSize                                  = 70254592                                  {product} {ergonomic}
    uintx ProfiledCodeHeapSize                     = 122909434                              {pd product} {ergonomic}
    uintx ReservedCodeCacheSize                    = 251658240                              {pd product} {ergonomic}
     bool SegmentedCodeCache                       = true                                      {product} {ergonomic}
   size_t SoftMaxHeapSize                          = 2147483648                             {manageable} {ergonomic}
     bool UseCompressedOops                        = true                           {product lp64_product} {ergonomic}
     bool UseLargePagesIndividualAllocation        = false                                  {pd product} {ergonomic}
     bool UseParallelGC                            = true                                      {product} {command line}

Logging:
Log output configuration:
 #0: stdout all=off uptime,level,tags foldmultilines=false
 #1: stderr all=off uptime,level,tags foldmultilines=false

Release file:
JAVA_VERSION="21.0.9" 
MODULES="java.base java.compiler java.datatransfer java.xml java.prefs java.desktop java.instrument java.logging java.management java.security.sasl java.naming java.rmi java.management.rmi java.net.http java.scripting java.security.jgss java.transaction.xa java.sql java.sql.rowset java.xml.crypto java.se java.smartcardio jdk.accessibility jdk.internal.jvmstat jdk.attach jdk.charsets jdk.internal.opt jdk.zipfs jdk.compiler jdk.crypto.ec jdk.crypto.cryptoki jdk.crypto.mscapi jdk.dynalink jdk.internal.ed jdk.editpad jdk.hotspot.agent jdk.httpserver jdk.internal.le jdk.internal.vm.ci jdk.internal.vm.compiler jdk.internal.vm.compiler.management jdk.jartool jdk.javadoc jdk.jcmd jdk.management jdk.management.agent jdk.jconsole jdk.jdeps jdk.jdwp.agent jdk.jdi jdk.jfr jdk.jshell jdk.jsobject jdk.jstatd jdk.localedata jdk.management.jfr jdk.naming.dns jdk.naming.rmi jdk.net jdk.nio.mapmode jdk.random jdk.sctp jdk.security.auth jdk.security.jgss jdk.unsupported jdk.unsupported.desktop jdk.xml.dom" 

Environment Variables:
PATH=C:\Program Files\Python311\Scripts\;C:\Program Files\Python311\;C:\Program Files\Common Files\Oracle\Java\javapath;C:\WINDOWS\system32;C:\WINDOWS;C:\WINDOWS\System32\Wbem;C:\WINDOWS\System32\WindowsPowerShell\v1.0\;C:\WINDOWS\System32\OpenSSH\;C:\Program Files\Java\jdk-11\bin;C:\Program Files\Docker\Docker\resources\bin;C:\Program Files\Git\cmd;C:\Users\PC\AppData\Local\Programs\Python\Python311;C:\Users\PC\AppData\Local\Programs\Python\Python311\Scripts;C:\Program Files\swigwin-4.2.1\swigwin-4.2.1;C:\Users\PC\.mujoco\mujoco210\bin;C:\Program Files (x86)\PuTTY\;C:\Program Files\nodejs\;C:\Users\PC\anaconda3;C:\Users\PC\anaconda3\Library\mingw-w64\bin;C:\Users\PC\anaconda3\Library\usr\bin;C:\Users\PC\anaconda3\Library\bin;C:\Users\PC\anaconda3\Scripts;C:\Program Files\MySQL\MySQL Shell 8.0\bin\;C:\Users\PC\AppData\Local\Microsoft\WindowsApps;C:\Users\PC\AppData\Local\Programs\Microsoft VS Code\bin;C:\Program Files\JetBrains\IntelliJ IDEA 2024.2.1\bin;;C:\Users\PC\.mujoco\mujoco210\bin;C:\Users\PC\AppData\Roaming\npm
USERNAME=PC
OS=Windows_NT
PROCESSOR_IDENTIFIER=Intel64 Family 6 Model 154 Stepping 4, GenuineIntel
TMP=C:\Users\PC\AppData\Local\Temp
TEMP=C:\Users\PC\AppData\Local\Temp




Periodic native trim disabled

---------------  S Y S T E M  ---------------

OS:
 Windows 11 , 64 bit Build 26100 (10.0.26100.7019)
OS uptime: 0 days 6:17 hours
Hyper-V role detected

CPU: total 12 (initial active 12) (6 cores per cpu, 2 threads per core) family 6 model 154 stepping 4 microcode 0x423, cx8, cmov, fxsr, ht, mmx, 3dnowpref, sse, sse2, sse3, ssse3, sse4.1, sse4.2, popcnt, lzcnt, tsc, tscinvbit, avx, avx2, aes, erms, clmul, bmi1, bmi2, adx, sha, fma, vzeroupper, clflush, clflushopt, clwb, hv, serialize, rdtscp, rdpid, fsrm, f16c, cet_ibt, cet_ss
Processor Information for the first 12 processors :
  Max Mhz: 1300, Current Mhz: 1300, Mhz Limit: 1300

Memory: 4k page, system-wide physical 16098M (1306M free)
TotalPageFile size 18146M (AvailPageFile size 38M)
current process WorkingSet (physical memory assigned to process): 466M, peak: 466M
current process commit charge ("private bytes"): 517M, peak: 518M

vm_info: OpenJDK 64-Bit Server VM (21.0.9+10-LTS) for windows-amd64 JRE (21.0.9+10-LTS), built on 2025-10-21T00:00:00Z by "admin" with unknown MS VC++:1942

END.
